13.11.2024 11:10:04
    class_weight  fit_intercept            C  accuracy    recall
0           None           True     0.000001  0.650014  0.096240
1           None           True     0.000002  0.654703  0.114906
2           None           True     0.000002  0.656277  0.138833
3           None           True     0.000004  0.659535  0.162753
4           None           True     0.000005  0.663053  0.191474
5           None           True     0.000008  0.668265  0.221349
6           None           True     0.000013  0.669172  0.234018
7           None           True     0.000019  0.669824  0.243354
8           None           True     0.000029  0.670997  0.248966
9           None           True     0.000045  0.674512  0.260545
10          None           True     0.000069  0.676987  0.270622
11          None           True     0.000105  0.679851  0.281076
12          None           True     0.000160  0.680498  0.290028
13          None           True     0.000244  0.679846  0.301230
14          None           True     0.000373  0.682049  0.312781
15          None           True     0.000569  0.683740  0.322460
16          None           True     0.000869  0.686605  0.334396
17          None           True     0.001326  0.689211  0.341502
18          None           True     0.002024  0.694287  0.354179
19          None           True     0.003089  0.701186  0.369119
20          None           True     0.004715  0.705355  0.379958
21          None           True     0.007197  0.711738  0.391558
22          None           True     0.010985  0.726582  0.421048
23          None           True     0.016768  0.738954  0.451265
24          None           True     0.025595  0.748338  0.474053
25          None           True     0.039069  0.753155  0.488232
26          None           True     0.059636  0.759279  0.505059
27          None           True     0.091030  0.764752  0.526003
28          None           True     0.138950  0.765009  0.537540
29          None           True     0.212095  0.768781  0.548693
30          None           True     0.323746  0.770467  0.554619
31          None           True     0.494171  0.770986  0.557603
32          None           True     0.754312  0.770597  0.556855
33          None           True     1.151395  0.771249  0.558735
34          None           True     1.757511  0.770857  0.559853
35          None           True     2.682696  0.770727  0.559476
36          None           True     4.094915  0.770466  0.559853
37          None           True     6.250552  0.769814  0.559106
38          None           True     9.540955  0.770075  0.559483
39          None           True    14.563485  0.769947  0.559490
40          None           True    22.229965  0.770206  0.559860
41          None           True    33.932218  0.769947  0.559483
42          None           True    51.794747  0.769947  0.559860
43          None           True    79.060432  0.770336  0.560231
44          None           True   120.679264  0.769947  0.559113
45          None           True   184.206997  0.770076  0.560231
46          None           True   281.176870  0.770076  0.559860
47          None           True   429.193426  0.770076  0.559483
48          None           True   655.128557  0.770467  0.560231
49          None           True  1000.000000  0.770466  0.559853
50          None          False     0.000001  0.650014  0.096240
51          None          False     0.000002  0.654703  0.114906
52          None          False     0.000002  0.656147  0.138463
53          None          False     0.000004  0.659404  0.162753
54          None          False     0.000005  0.662923  0.191104
55          None          False     0.000008  0.668135  0.220978
56          None          False     0.000013  0.669042  0.234018
57          None          False     0.000019  0.669694  0.243354
58          None          False     0.000029  0.670735  0.248588
59          None          False     0.000045  0.674512  0.260545
60          None          False     0.000069  0.676205  0.269119
61          None          False     0.000105  0.678939  0.278463
62          None          False     0.000160  0.680107  0.289658
63          None          False     0.000244  0.679326  0.298260
64          None          False     0.000373  0.679186  0.307177
65          None          False     0.000569  0.679834  0.315374
66          None          False     0.000869  0.680878  0.322474
67          None          False     0.001326  0.680878  0.329196
68          None          False     0.002024  0.681400  0.334794
69          None          False     0.003089  0.680744  0.334396
70          None          False     0.004715  0.681783  0.337002
71          None          False     0.007197  0.682827  0.340748
72          None          False     0.010985  0.682961  0.340007
73          None          False     0.016768  0.683221  0.342998
74          None          False     0.025595  0.683093  0.344116
75          None          False     0.039069  0.683617  0.344493
76          None          False     0.059636  0.684005  0.345597
77          None          False     0.091030  0.684264  0.345961
78          None          False     0.138950  0.684264  0.346702
79          None          False     0.212095  0.684135  0.345961
80          None          False     0.323746  0.683873  0.345584
81          None          False     0.494171  0.683743  0.345584
82          None          False     0.754312  0.683743  0.346324
83          None          False     1.151395  0.683743  0.346324
84          None          False     1.757511  0.683743  0.346324
85          None          False     2.682696  0.683613  0.346324
86          None          False     4.094915  0.683613  0.346324
87          None          False     6.250552  0.683613  0.346702
88          None          False     9.540955  0.683613  0.346324
89          None          False    14.563485  0.683613  0.346324
90          None          False    22.229965  0.683613  0.346324
91          None          False    33.932218  0.683613  0.346324
92          None          False    51.794747  0.683613  0.346324
93          None          False    79.060432  0.683613  0.346324
94          None          False   120.679264  0.683743  0.346324
95          None          False   184.206997  0.683613  0.346324
96          None          False   281.176870  0.683613  0.346324
97          None          False   429.193426  0.683613  0.346324
98          None          False   655.128557  0.683613  0.346324
99          None          False  1000.000000  0.683613  0.346324
100     balanced           True     0.000001  0.532170  0.837750
101     balanced           True     0.000002  0.565898  0.797442
102     balanced           True     0.000002  0.582951  0.758232
103     balanced           True     0.000004  0.599891  0.739979
104     balanced           True     0.000005  0.610049  0.724696
105     balanced           True     0.000008  0.618375  0.714214
106     balanced           True     0.000013  0.621502  0.704913
107     balanced           True     0.000019  0.624235  0.699315
108     balanced           True     0.000029  0.625666  0.694507
109     balanced           True     0.000045  0.627626  0.694130
110     balanced           True     0.000069  0.633754  0.696737
111     balanced           True     0.000105  0.635446  0.695975
112     balanced           True     0.000160  0.637012  0.694514
113     balanced           True     0.000244  0.636752  0.694535
114     balanced           True     0.000373  0.639232  0.695318
115     balanced           True     0.000569  0.644050  0.698288
116     balanced           True     0.000869  0.649256  0.700531
117     balanced           True     0.001326  0.654854  0.700908
118     balanced           True     0.002024  0.660456  0.704291
119     balanced           True     0.003089  0.670478  0.709518
120     balanced           True     0.004715  0.681152  0.715094
121     balanced           True     0.007197  0.691569  0.723277
122     balanced           True     0.010985  0.706283  0.728155
123     balanced           True     0.016768  0.725417  0.730007
124     balanced           True     0.025595  0.735960  0.729595
125     balanced           True     0.039069  0.745211  0.734444
126     balanced           True     0.059636  0.747285  0.727352
127     balanced           True     0.091030  0.751323  0.726618
128     balanced           True     0.138950  0.753017  0.723613
129     balanced           True     0.212095  0.754579  0.722893
130     balanced           True     0.323746  0.754577  0.721391
131     balanced           True     0.494171  0.753794  0.718022
132     balanced           True     0.754312  0.753271  0.717638
133     balanced           True     1.151395  0.753139  0.717624
134     balanced           True     1.757511  0.752619  0.716513
135     balanced           True     2.682696  0.752748  0.716143
136     balanced           True     4.094915  0.752358  0.715395
137     balanced           True     6.250552  0.752487  0.715765
138     balanced           True     9.540955  0.752227  0.715024
139     balanced           True    14.563485  0.752097  0.714647
140     balanced           True    22.229965  0.752487  0.715024
141     balanced           True    33.932218  0.752227  0.715024
142     balanced           True    51.794747  0.752097  0.714647
143     balanced           True    79.060432  0.752097  0.715024
144     balanced           True   120.679264  0.752227  0.715024
145     balanced           True   184.206997  0.752097  0.715024
146     balanced           True   281.176870  0.752097  0.715024
147     balanced           True   429.193426  0.752227  0.715024
148     balanced           True   655.128557  0.752227  0.715024
149     balanced           True  1000.000000  0.752227  0.715024
150     balanced          False     0.000001  0.532170  0.837750
151     balanced          False     0.000002  0.565898  0.797442
152     balanced          False     0.000002  0.582821  0.758232
153     balanced          False     0.000004  0.599891  0.739979
154     balanced          False     0.000005  0.610179  0.725066
155     balanced          False     0.000008  0.618375  0.714214
156     balanced          False     0.000013  0.621764  0.705660
157     balanced          False     0.000019  0.624104  0.699315
158     balanced          False     0.000029  0.625146  0.693396
159     balanced          False     0.000045  0.627496  0.693760
160     balanced          False     0.000069  0.633102  0.696366
161     balanced          False     0.000105  0.633622  0.694486
162     balanced          False     0.000160  0.633886  0.693396
163     balanced          False     0.000244  0.635450  0.696408
164     balanced          False     0.000373  0.636363  0.695681
165     balanced          False     0.000569  0.638319  0.697547
166     balanced          False     0.000869  0.640141  0.699043
167     balanced          False     0.001326  0.640660  0.699790
168     balanced          False     0.002024  0.640657  0.700517
169     balanced          False     0.003089  0.641176  0.702006
170     balanced          False     0.004715  0.642086  0.704612
171     balanced          False     0.007197  0.643387  0.706471
172     balanced          False     0.010985  0.643393  0.707219
173     balanced          False     0.016768  0.643648  0.705339
174     balanced          False     0.025595  0.644557  0.706450
175     balanced          False     0.039069  0.645988  0.707205
176     balanced          False     0.059636  0.646118  0.706457
177     balanced          False     0.091030  0.646769  0.706080
178     balanced          False     0.138950  0.646770  0.706087
179     balanced          False     0.212095  0.646770  0.706094
180     balanced          False     0.323746  0.646902  0.706848
181     balanced          False     0.494171  0.647032  0.706848
182     balanced          False     0.754312  0.646901  0.706848
183     balanced          False     1.151395  0.646640  0.706094
184     balanced          False     1.757511  0.646640  0.706094
185     balanced          False     2.682696  0.646640  0.706094
186     balanced          False     4.094915  0.646640  0.706094
187     balanced          False     6.250552  0.646640  0.706094
188     balanced          False     9.540955  0.646640  0.706094
189     balanced          False    14.563485  0.646640  0.706094
190     balanced          False    22.229965  0.646640  0.706094
191     balanced          False    33.932218  0.646640  0.706094
192     balanced          False    51.794747  0.646509  0.705716
193     balanced          False    79.060432  0.646509  0.705716
194     balanced          False   120.679264  0.646640  0.706094
195     balanced          False   184.206997  0.646640  0.706094
196     balanced          False   281.176870  0.646640  0.706094
197     balanced          False   429.193426  0.646640  0.706094
198     balanced          False   655.128557  0.646640  0.706094
199     balanced          False  1000.000000  0.646509  0.705716
