11.11.2024 16:12:12
Scoring: accuracy
Best score: 0.7732119514472454
best params: OrderedDict({'model__max_depth': 20, 'model__max_features': 'sqrt', 'model__min_samples_leaf': 4, 'model__min_samples_split': 2, 'model__n_estimators': 3000})
CV results:
                                                                                                                                                 params  mean_test_score  std_test_score  rank_test_score
31    {'model__max_depth': 20, 'model__max_features': 'sqrt', 'model__min_samples_leaf': 4, 'model__min_samples_split': 2, 'model__n_estimators': 3000}         0.773212        0.028618                1
13    {'model__max_depth': 20, 'model__max_features': 'sqrt', 'model__min_samples_leaf': 4, 'model__min_samples_split': 3, 'model__n_estimators': 2979}         0.772952        0.028827                2
21   {'model__max_depth': 20, 'model__max_features': 'sqrt', 'model__min_samples_leaf': 3, 'model__min_samples_split': 19, 'model__n_estimators': 3000}         0.772164        0.027449                3
47   {'model__max_depth': 90, 'model__max_features': 'sqrt', 'model__min_samples_leaf': 3, 'model__min_samples_split': 20, 'model__n_estimators': 2612}         0.771775        0.028744                4
5     {'model__max_depth': 90, 'model__max_features': 'sqrt', 'model__min_samples_leaf': 4, 'model__min_samples_split': 11, 'model__n_estimators': 802}         0.771646        0.026976                5
35    {'model__max_depth': 70, 'model__max_features': 'sqrt', 'model__min_samples_leaf': 5, 'model__min_samples_split': 2, 'model__n_estimators': 3000}         0.771646        0.027931                6
23   {'model__max_depth': 20, 'model__max_features': 'sqrt', 'model__min_samples_leaf': 4, 'model__min_samples_split': 17, 'model__n_estimators': 2921}         0.771645        0.025998                7
43   {'model__max_depth': 100, 'model__max_features': 'sqrt', 'model__min_samples_leaf': 5, 'model__min_samples_split': 2, 'model__n_estimators': 2440}         0.771384        0.028442                8
27   {'model__max_depth': 90, 'model__max_features': 'sqrt', 'model__min_samples_leaf': 5, 'model__min_samples_split': 11, 'model__n_estimators': 2930}         0.771125        0.027561                9
44     {'model__max_depth': 20, 'model__max_features': 'sqrt', 'model__min_samples_leaf': 5, 'model__min_samples_split': 4, 'model__n_estimators': 546}         0.771120        0.027390               10
17    {'model__max_depth': 70, 'model__max_features': 'sqrt', 'model__min_samples_leaf': 3, 'model__min_samples_split': 2, 'model__n_estimators': 2739}         0.770990        0.029875               11
28    {'model__max_depth': 10, 'model__max_features': 'sqrt', 'model__min_samples_leaf': 3, 'model__min_samples_split': 2, 'model__n_estimators': 3000}         0.770732        0.028093               12
6     {'model__max_depth': 40, 'model__max_features': 'sqrt', 'model__min_samples_leaf': 3, 'model__min_samples_split': 3, 'model__n_estimators': 2733}         0.770730        0.029887               13
18  {'model__max_depth': None, 'model__max_features': 'sqrt', 'model__min_samples_leaf': 3, 'model__min_samples_split': 2, 'model__n_estimators': 2620}         0.770599        0.029869               14
38     {'model__max_depth': 30, 'model__max_features': 'sqrt', 'model__min_samples_leaf': 5, 'model__min_samples_split': 3, 'model__n_estimators': 264}         0.770597        0.029204               15
19   {'model__max_depth': 100, 'model__max_features': 'sqrt', 'model__min_samples_leaf': 3, 'model__min_samples_split': 6, 'model__n_estimators': 2919}         0.770340        0.030275               16
32   {'model__max_depth': 50, 'model__max_features': 'sqrt', 'model__min_samples_leaf': 1, 'model__min_samples_split': 16, 'model__n_estimators': 2998}         0.769690        0.027091               17
26   {'model__max_depth': 90, 'model__max_features': 'sqrt', 'model__min_samples_leaf': 1, 'model__min_samples_split': 18, 'model__n_estimators': 2828}         0.769562        0.029047               18
25     {'model__max_depth': 20, 'model__max_features': 'sqrt', 'model__min_samples_leaf': 3, 'model__min_samples_split': 2, 'model__n_estimators': 508}         0.769558        0.028017               19
36    {'model__max_depth': 10, 'model__max_features': 'log2', 'model__min_samples_leaf': 5, 'model__min_samples_split': 2, 'model__n_estimators': 2456}         0.769431        0.027642               20
30   {'model__max_depth': 20, 'model__max_features': 'log2', 'model__min_samples_leaf': 5, 'model__min_samples_split': 20, 'model__n_estimators': 2988}         0.769040        0.025913               21
20    {'model__max_depth': 20, 'model__max_features': 'sqrt', 'model__min_samples_leaf': 1, 'model__min_samples_split': 3, 'model__n_estimators': 2995}         0.768779        0.029606               22
12    {'model__max_depth': 10, 'model__max_features': 'sqrt', 'model__min_samples_leaf': 5, 'model__min_samples_split': 17, 'model__n_estimators': 200}         0.768522        0.026568               23
11    {'model__max_depth': 60, 'model__max_features': 'sqrt', 'model__min_samples_leaf': 5, 'model__min_samples_split': 20, 'model__n_estimators': 385}         0.768519        0.026570               24
4     {'model__max_depth': 30, 'model__max_features': 'log2', 'model__min_samples_leaf': 3, 'model__min_samples_split': 14, 'model__n_estimators': 786}         0.768515        0.023872               25
37    {'model__max_depth': 50, 'model__max_features': 'sqrt', 'model__min_samples_leaf': 2, 'model__min_samples_split': 20, 'model__n_estimators': 210}         0.768393        0.026493               26
46    {'model__max_depth': 10, 'model__max_features': 'sqrt', 'model__min_samples_leaf': 1, 'model__min_samples_split': 20, 'model__n_estimators': 436}         0.768391        0.027565               27
39   {'model__max_depth': 10, 'model__max_features': 'log2', 'model__min_samples_leaf': 3, 'model__min_samples_split': 20, 'model__n_estimators': 2930}         0.768126        0.024786               28
7     {'model__max_depth': 40, 'model__max_features': 'log2', 'model__min_samples_leaf': 4, 'model__min_samples_split': 9, 'model__n_estimators': 1926}         0.767998        0.028047               29
0    {'model__max_depth': 40, 'model__max_features': 'log2', 'model__min_samples_leaf': 2, 'model__min_samples_split': 17, 'model__n_estimators': 2157}         0.767995        0.026846               30
22    {'model__max_depth': 90, 'model__max_features': 'log2', 'model__min_samples_leaf': 5, 'model__min_samples_split': 15, 'model__n_estimators': 245}         0.767869        0.025743               31
45   {'model__max_depth': 20, 'model__max_features': 'log2', 'model__min_samples_leaf': 1, 'model__min_samples_split': 20, 'model__n_estimators': 2842}         0.767734        0.026691               32
29    {'model__max_depth': 90, 'model__max_features': 'log2', 'model__min_samples_leaf': 2, 'model__min_samples_split': 2, 'model__n_estimators': 2330}         0.767342        0.028530               33
41     {'model__max_depth': 50, 'model__max_features': 'log2', 'model__min_samples_leaf': 5, 'model__min_samples_split': 3, 'model__n_estimators': 245}         0.767216        0.024720               34
40    {'model__max_depth': 10, 'model__max_features': 'log2', 'model__min_samples_leaf': 1, 'model__min_samples_split': 3, 'model__n_estimators': 2749}         0.766954        0.028187               35
10    {'model__max_depth': 50, 'model__max_features': 'sqrt', 'model__min_samples_leaf': 5, 'model__min_samples_split': 20, 'model__n_estimators': 318}         0.766827        0.026356               36
2     {'model__max_depth': 30, 'model__max_features': 'log2', 'model__min_samples_leaf': 1, 'model__min_samples_split': 17, 'model__n_estimators': 469}         0.766568        0.026727               37
49    {'model__max_depth': 50, 'model__max_features': 'log2', 'model__min_samples_leaf': 3, 'model__min_samples_split': 3, 'model__n_estimators': 2749}         0.766562        0.026705               38
15     {'model__max_depth': 80, 'model__max_features': 'sqrt', 'model__min_samples_leaf': 1, 'model__min_samples_split': 2, 'model__n_estimators': 118}         0.766044        0.025777               39
42      {'model__max_depth': 90, 'model__max_features': None, 'model__min_samples_leaf': 1, 'model__min_samples_split': 3, 'model__n_estimators': 2901}         0.765383        0.023340               40
8      {'model__max_depth': 20, 'model__max_features': None, 'model__min_samples_leaf': 1, 'model__min_samples_split': 16, 'model__n_estimators': 2460}         0.765258        0.024622               41
3       {'model__max_depth': 90, 'model__max_features': None, 'model__min_samples_leaf': 2, 'model__min_samples_split': 19, 'model__n_estimators': 457}         0.765001        0.027886               42
48      {'model__max_depth': 10, 'model__max_features': None, 'model__min_samples_leaf': 5, 'model__min_samples_split': 19, 'model__n_estimators': 616}         0.763956        0.023761               43
1      {'model__max_depth': 40, 'model__max_features': None, 'model__min_samples_leaf': 4, 'model__min_samples_split': 20, 'model__n_estimators': 1963}         0.763826        0.025420               44
14     {'model__max_depth': 50, 'model__max_features': None, 'model__min_samples_leaf': 3, 'model__min_samples_split': 15, 'model__n_estimators': 1378}         0.763701        0.026868               45
16      {'model__max_depth': 80, 'model__max_features': None, 'model__min_samples_leaf': 3, 'model__min_samples_split': 7, 'model__n_estimators': 2792}         0.763433        0.023832               46
33      {'model__max_depth': 100, 'model__max_features': None, 'model__min_samples_leaf': 1, 'model__min_samples_split': 2, 'model__n_estimators': 115}         0.763307        0.025902               47
24      {'model__max_depth': 20, 'model__max_features': None, 'model__min_samples_leaf': 5, 'model__min_samples_split': 3, 'model__n_estimators': 1207}         0.762918        0.026686               48
9      {'model__max_depth': 10, 'model__max_features': None, 'model__min_samples_leaf': 2, 'model__min_samples_split': 20, 'model__n_estimators': 2156}         0.762394        0.024276               49
34     {'model__max_depth': 90, 'model__max_features': None, 'model__min_samples_leaf': 5, 'model__min_samples_split': 10, 'model__n_estimators': 2896}         0.762138        0.027514               50


