11.11.2024 12:51:25
Scoring: accuracy
Best score: 0.7703361344537815
best params: OrderedDict({'model__C': 0.2950316133163389, 'model__class_weight': None, 'model__dual': True, 'model__fit_intercept': True})
CV results:
    param_model__C param_model__class_weight  param_model__fit_intercept  param_model__dual  mean_test_score  std_test_score  rank_test_score
26        0.295032                      None                        True               True         0.770336        0.022168                1
13    48861.847464                      None                        True              False         0.770206        0.022286                2
27        0.390983                      None                        True               True         0.770206        0.022210                2
14     1103.031612                      None                        True              False         0.770206        0.022286                2
23  1000000.000000                      None                        True              False         0.770206        0.022286                2
21        1.059465                      None                        True              False         0.770206        0.022286                2
22        0.518121                      None                        True               True         0.770206        0.022210                2
31   266415.980126                      None                        True              False         0.770206        0.022286                2
25       23.984200                      None                        True              False         0.770206        0.022286                2
42        6.132286                      None                        True               True         0.770206        0.022286                2
45        7.542552                      None                        True               True         0.770206        0.022286                2
44        7.217842                      None                        True               True         0.770206        0.022286                2
46        7.735073                      None                        True               True         0.770206        0.022286                2
47        7.902877                      None                        True               True         0.770206        0.022286                2
37        0.408170                      None                        True               True         0.770206        0.022210                2
34        4.326985                      None                        True              False         0.770206        0.022286                2
41        5.207413                      None                        True               True         0.770206        0.022286                2
49        6.471192                      None                        True               True         0.770206        0.022286                2
39       70.853895                      None                        True               True         0.770205        0.022026               19
43        0.035362                      None                        True              False         0.769943        0.022707               20
6         0.049277                      None                        True               True         0.769814        0.022739               21
24        0.001349                      None                        True              False         0.760293        0.027053               22
7         0.274377                  balanced                        True              False         0.752358        0.029177               23
10       21.209475                  balanced                        True               True         0.752227        0.029626               24
20      775.175536                  balanced                        True              False         0.752227        0.029626               24
17  1000000.000000                  balanced                        True              False         0.752227        0.029626               24
19        0.080370                  balanced                        True               True         0.752226        0.029668               27
11        0.000122                      None                        True               True         0.747926        0.032400               28
32        0.000001                      None                        True              False         0.747409        0.032578               29
40        0.000001                      None                        True               True         0.747409        0.032578               29
1         0.062786                      None                       False              False         0.736746        0.028561               31
5     12467.168377                      None                       False              False         0.736093        0.027367               32
38   961039.391890                      None                       False              False         0.736093        0.027367               32
0         0.086546                  balanced                       False               True         0.735302        0.026443               34
29  1000000.000000                  balanced                       False              False         0.735040        0.026408               35
30       18.739716                  balanced                       False              False         0.735040        0.026408               35
48       36.607939                  balanced                       False               True         0.735040        0.026408               35
2         0.004475                  balanced                       False               True         0.733088        0.028633               38
4         0.004475                  balanced                       False               True         0.733088        0.028633               38
33        0.003225                  balanced                       False              False         0.733085        0.028419               40
8         0.000417                      None                       False               True         0.726310        0.034267               41
9         0.000043                      None                       False               True         0.722655        0.035427               42
12        0.000002                  balanced                        True              False         0.721748        0.035979               43
35        0.000001                  balanced                       False               True         0.721747        0.035987               44
15        0.000001                  balanced                       False              False         0.721747        0.035987               44
28        0.000001                      None                       False              False         0.721747        0.035987               44
18        0.000001                  balanced                        True               True         0.721616        0.036009               47
16  1000000.000000                      None                        True               True         0.656258        0.084563               48
3     29831.162550                      None                       False               True         0.650905        0.076275               49
36   975054.964654                  balanced                       False               True         0.631615        0.081669               50


Scoring: recall
Best score: 0.7952410901467505
best params: OrderedDict({'model__C': 0.004475017684473095, 'model__class_weight': 'balanced', 'model__dual': True, 'model__fit_intercept': False})
CV results:
    param_model__C param_model__class_weight  param_model__fit_intercept  param_model__dual  mean_test_score  std_test_score  rank_test_score
2         0.004475                  balanced                       False               True         0.795241        0.051157                1
4         0.004475                  balanced                       False               True         0.795241        0.051157                1
24        0.024172                  balanced                       False               True         0.794906        0.052813                3
28        0.022772                  balanced                       False               True         0.794906        0.052813                3
23        0.022103                  balanced                       False               True         0.794535        0.053255                5
22        0.022293                  balanced                       False               True         0.794535        0.053255                5
26        0.021373                  balanced                       False               True         0.794535        0.053383                5
25        0.021987                  balanced                       False               True         0.794535        0.053255                5
27        0.020744                  balanced                       False               True         0.794535        0.053383                5
21        0.021942                  balanced                       False               True         0.794535        0.053255                5
29        0.020133                  balanced                       False               True         0.794535        0.053383                5
30        0.022208                  balanced                       False               True         0.794535        0.053255                5
42        0.020674                  balanced                       False               True         0.794535        0.053383                5
35        0.020152                  balanced                       False               True         0.794535        0.053383                5
33        0.020434                  balanced                       False               True         0.794535        0.053383                5
32        0.020360                  balanced                       False               True         0.794535        0.053383                5
18        0.033705                  balanced                       False               True         0.794528        0.052360               17
45        0.013111                  balanced                       False               True         0.794521        0.053718               18
34        0.013760                  balanced                       False               True         0.794521        0.053718               18
37        0.013180                  balanced                       False               True         0.794521        0.053718               18
20        0.013759                  balanced                       False               True         0.794521        0.053718               18
47        0.068941                  balanced                       False               True         0.794151        0.051896               22
49        0.085926                  balanced                       False               True         0.794151        0.051896               22
31        0.018430                  balanced                       False               True         0.793788        0.054173               24
0         0.086546                  balanced                       False               True         0.793781        0.052077               25
48        0.056876                  balanced                       False               True         0.793774        0.051838               26
19        0.017786                  balanced                       False               True         0.793410        0.054246               27
17        0.017284                  balanced                       False               True         0.793410        0.054246               27
39        0.018020                  balanced                       False               True         0.793410        0.054246               27
36        0.017815                  balanced                       False               True         0.793410        0.054246               27
16        0.017076                  balanced                       False               True         0.793410        0.054246               27
41        0.018270                  balanced                       False               True         0.793410        0.054246               27
44        0.015057                  balanced                       False               True         0.793403        0.054144               33
10       26.165963                  balanced                       False              False         0.792669        0.052471               34
40        1.338323                  balanced                       False              False         0.792669        0.052471               34
14  1000000.000000                  balanced                       False              False         0.792669        0.052471               34
1         0.062786                      None                       False              False         0.792327        0.053791               37
5     12467.168377                      None                       False              False         0.791202        0.053653               38
46        2.279354                      None                       False               True         0.791202        0.053653               38
38     1806.471729                      None                       False              False         0.791202        0.053653               38
8         0.000417                      None                       False               True         0.784025        0.055389               41
9         0.000043                      None                       False               True         0.770182        0.055597               42
11        0.000001                  balanced                       False              False         0.769462        0.056219               43
13        0.000001                  balanced                        True              False         0.769085        0.056380               44
7         0.274377                  balanced                        True              False         0.715772        0.053351               45
43       50.452957                  balanced                        True              False         0.715024        0.053546               46
3     29831.162550                      None                       False               True         0.658316        0.100693               47
6         0.049277                      None                        True               True         0.560587        0.059028               48
12  1000000.000000                      None                        True              False         0.560231        0.058415               49
15  1000000.000000                  balanced                        True               True         0.511621        0.160270               50


