11.11.2024 12:29:54
Scoring: accuracy
Best score: 0.7706009676597911
best params: OrderedDict({'model__alpha': 0.0, 'model__class_weight': None, 'model__fit_intercept': True})
CV results:
    param_model__alpha  param_model__fit_intercept param_model__class_weight  mean_test_score  std_test_score  rank_test_score
11            0.000000                        True                      None         0.770601        0.024497                1
44            1.967138                        True                      None         0.770472        0.024215                2
4            30.422952                        True                      None         0.769948        0.022765                3
2            30.423290                        True                      None         0.769948        0.022765                3
17           40.898035                        True                      None         0.769817        0.022480                5
0            41.143727                        True                      None         0.769686        0.022490                6
19           42.288261                        True                      None         0.769555        0.022386                7
29           63.876455                        True                      None         0.769031        0.020621                8
34           65.760912                        True                      None         0.768900        0.020503                9
27           75.491476                        True                      None         0.768772        0.020598               10
49           83.888524                        True                      None         0.767859        0.020249               11
10           99.964146                        True                      None         0.767600        0.020792               12
23            0.842801                        True                  balanced         0.752619        0.029283               13
24           32.619512                        True                  balanced         0.752359        0.029715               14
48           11.679544                        True                  balanced         0.752359        0.029318               15
9            13.652458                        True                  balanced         0.752358        0.029208               16
16           24.951643                        True                  balanced         0.752226        0.028997               17
25           81.122052                        True                  balanced         0.752099        0.031785               18
26           82.356983                        True                  balanced         0.752099        0.031785               18
6            39.105381                        True                  balanced         0.752097        0.029660               20
28           14.451504                        True                  balanced         0.751968        0.029269               21
8            21.834258                        True                  balanced         0.751967        0.029276               22
3            87.288918                        True                  balanced         0.751838        0.031573               23
40           90.632748                        True                  balanced         0.751709        0.031385               24
35            9.921454                       False                      None         0.737783        0.026764               25
30           24.412121                       False                      None         0.737782        0.025510               26
22           37.684434                       False                      None         0.737392        0.025881               27
18           38.444380                       False                      None         0.737392        0.025881               27
31           17.859935                       False                      None         0.737392        0.026343               29
7            45.319568                       False                      None         0.737130        0.026265               30
13           11.795043                       False                  balanced         0.737122        0.027770               31
20            2.584689                       False                  balanced         0.737122        0.027335               32
33            7.763676                       False                  balanced         0.736992        0.027180               33
43           51.135388                       False                      None         0.736870        0.026942               34
38           56.310128                       False                      None         0.736870        0.026942               34
36            5.548472                       False                  balanced         0.736861        0.027187               36
46           71.767839                       False                      None         0.735697        0.026723               37
39           67.434989                       False                      None         0.735696        0.026214               38
37           75.153432                       False                      None         0.735436        0.026439               39
1            39.982211                       False                  balanced         0.735432        0.027573               40
45           28.011169                       False                  balanced         0.735302        0.027267               41
14           94.376124                       False                      None         0.735045        0.027836               42
32           61.829255                       False                  balanced         0.735042        0.027462               43
41           64.394178                       False                  balanced         0.734913        0.027537               44
5            84.131399                       False                  balanced         0.734782        0.028044               45
15           79.621553                       False                  balanced         0.734781        0.028084               46
21           79.631537                       False                  balanced         0.734781        0.028084               46
47           93.002894                       False                  balanced         0.734653        0.028177               48
12           99.954564                       False                      None         0.734652        0.028701               49
42           55.052087                       False                  balanced         0.734652        0.026940               50


Scoring: recall
Best score: 0.7967435359888191
best params: OrderedDict({'model__alpha': 0.0, 'model__class_weight': 'balanced', 'model__fit_intercept': False})
CV results:
    param_model__alpha  param_model__fit_intercept param_model__class_weight  mean_test_score  std_test_score  rank_test_score
14            0.050343                       False                  balanced         0.796744        0.052964                1
11            0.000000                       False                  balanced         0.796744        0.052964                1
36            5.548472                       False                  balanced         0.796744        0.053232                3
33            7.763676                       False                  balanced         0.796744        0.053232                3
41           64.394178                       False                  balanced         0.795632        0.052366                5
32           61.829255                       False                  balanced         0.795632        0.052366                5
1            39.982211                       False                  balanced         0.795632        0.053536                7
5            84.131399                       False                  balanced         0.795618        0.052792                8
47           93.002894                       False                  balanced         0.795618        0.051875                8
38           56.310128                       False                      None         0.795297        0.055243               10
20           49.362228                       False                  balanced         0.795262        0.053462               11
15           99.961769                       False                  balanced         0.795248        0.051136               12
13           99.995576                       False                  balanced         0.795248        0.051136               12
21           79.631537                       False                  balanced         0.795241        0.052881               14
22           37.684434                       False                      None         0.794941        0.055250               15
18           38.444380                       False                      None         0.794941        0.055250               15
7            45.319568                       False                      None         0.794934        0.055011               17
43           51.135388                       False                      None         0.794927        0.055297               18
42           55.052087                       False                  balanced         0.794892        0.052482               19
45           28.011169                       False                  balanced         0.794885        0.053561               20
16           59.183291                       False                      None         0.794549        0.056007               21
30           24.412121                       False                      None         0.794179        0.054804               22
39           67.434989                       False                      None         0.794172        0.056477               23
31           17.859935                       False                      None         0.794172        0.054842               23
35            9.921454                       False                      None         0.794165        0.053719               25
46           71.767839                       False                      None         0.793795        0.056171               26
12            0.001240                       False                      None         0.793054        0.054381               27
37           75.153432                       False                      None         0.793047        0.055921               28
10           99.970163                       False                      None         0.791174        0.054227               29
26           82.356983                        True                  balanced         0.714640        0.056952               30
25           81.122052                        True                  balanced         0.714640        0.056952               30
40           90.632748                        True                  balanced         0.714640        0.057340               32
3            87.288918                        True                  balanced         0.714633        0.057371               33
24           32.619512                        True                  balanced         0.714270        0.057606               34
6            39.105381                        True                  balanced         0.713515        0.056460               35
48           11.679544                        True                  balanced         0.713159        0.057501               36
9            13.652458                        True                  balanced         0.713152        0.057298               37
28           14.451504                        True                  balanced         0.713152        0.057298               37
23            0.842801                        True                  balanced         0.712788        0.056791               39
8            21.834258                        True                  balanced         0.712404        0.056338               40
44            1.967138                        True                      None         0.555024        0.058580               41
2            30.423290                        True                      None         0.547163        0.056363               42
4            30.422952                        True                      None         0.547163        0.056363               42
17           40.898035                        True                      None         0.544172        0.057019               44
0            41.143727                        True                      None         0.543795        0.057681               45
19           42.288261                        True                      None         0.543417        0.057099               46
29           63.876455                        True                      None         0.538917        0.054220               47
34           65.760912                        True                      None         0.538169        0.053388               48
27           75.491476                        True                      None         0.535933        0.053601               49
49           83.888524                        True                      None         0.532942        0.053569               50


