11.11.2024 16:10:38
Scoring: accuracy
Best score: 0.7705958747135218
best params: OrderedDict({'model__C': 0.13799610343619786, 'model__class_weight': None, 'model__fit_intercept': True})
CV results:
    param_model__C param_model__class_weight  param_model__fit_intercept  mean_test_score  std_test_score  rank_test_score
49        0.147780                      None                        True         0.770596        0.022308                1
48        0.128282                      None                        True         0.770596        0.022308                1
29        0.137996                      None                        True         0.770596        0.022308                1
33        0.137563                      None                        True         0.770596        0.022308                1
37        0.138086                      None                        True         0.770596        0.022308                1
32        0.137535                      None                        True         0.770596        0.022308                1
41        0.134162                      None                        True         0.770596        0.022308                1
42        0.145818                      None                        True         0.770596        0.022308                1
44        0.127204                      None                        True         0.770596        0.022308                1
45        0.148673                      None                        True         0.770596        0.022308                1
40        0.129131                      None                        True         0.770596        0.022308                1
19   997593.214552                      None                        True         0.770206        0.022286               12
26     5709.653462                      None                        True         0.770206        0.022286               12
25      188.464157                      None                        True         0.770206        0.022286               12
22        3.009218                      None                        True         0.770206        0.022286               12
21        0.368441                      None                        True         0.770206        0.022210               12
18     1034.367090                      None                        True         0.770206        0.022286               12
24   213591.443299                      None                        True         0.770206        0.022286               12
16        6.768380                      None                        True         0.770206        0.022286               12
3     29831.162550                      None                        True         0.770206        0.022286               12
12  1000000.000000                      None                        True         0.770206        0.022286               12
10       25.908733                      None                        True         0.770206        0.022286               12
6         0.049277                      None                        True         0.769814        0.022739               23
8         0.000417                      None                        True         0.753003        0.030041               24
20      753.546793                  balanced                        True         0.752227        0.029626               25
36    39025.598451                  balanced                        True         0.752227        0.029626               25
34       11.208809                  balanced                        True         0.752227        0.029626               25
11  1000000.000000                  balanced                        True         0.752227        0.029626               25
0         0.086546                  balanced                        True         0.752096        0.029598               29
2         0.004475                  balanced                        True         0.749885        0.031114               30
4         0.004475                  balanced                        True         0.749885        0.031114               30
9         0.000043                      None                        True         0.747668        0.033625               32
31        0.000001                      None                        True         0.747409        0.032578               33
1         0.062786                      None                       False         0.736746        0.028561               34
46      456.062102                      None                       False         0.736093        0.027367               35
27   984139.033291                      None                       False         0.736093        0.027367               35
28       17.765964                      None                       False         0.736093        0.027367               35
5     12467.168377                      None                       False         0.736093        0.027367               35
23      503.567920                  balanced                       False         0.735040        0.026408               39
43       10.091571                  balanced                       False         0.735040        0.026408               39
14   986815.102780                  balanced                       False         0.735040        0.026408               39
38    27423.459812                  balanced                       False         0.735040        0.026408               39
7         0.274377                  balanced                       False         0.734911        0.026455               43
30        0.000532                  balanced                       False         0.726698        0.033156               44
35        0.000259                      None                       False         0.724222        0.035060               45
39        0.000077                  balanced                        True         0.723051        0.034376               46
47        0.000020                  balanced                       False         0.722268        0.036074               47
13        0.000001                  balanced                       False         0.721747        0.035987               48
17        0.000001                      None                       False         0.721747        0.035987               48
15        0.000001                  balanced                        True         0.721616        0.036009               50


Scoring: recall
Best score: 0.7956464011180993
best params: OrderedDict({'model__C': 0.028765996691365477, 'model__class_weight': 'balanced', 'model__fit_intercept': False})
CV results:
    param_model__C param_model__class_weight  param_model__fit_intercept  mean_test_score  std_test_score  rank_test_score
41        0.028766                  balanced                       False         0.795646        0.052436                1
48        0.072887                  balanced                       False         0.794151        0.051896                2
47        0.073824                  balanced                       False         0.794151        0.051896                2
46        0.083320                  balanced                       False         0.794151        0.051896                2
45        0.075364                  balanced                       False         0.794151        0.051896                2
27        0.011321                  balanced                       False         0.794151        0.053126                6
29        2.037496                  balanced                       False         0.792669        0.052471                7
32        4.163602                  balanced                       False         0.792669        0.052471                7
18   418517.364551                  balanced                       False         0.792669        0.052471                7
17  1000000.000000                  balanced                       False         0.792669        0.052471                7
16        2.232429                  balanced                       False         0.792669        0.052471                7
33        3.847644                  balanced                       False         0.792669        0.052471                7
13        0.212747                  balanced                       False         0.792669        0.052471                7
24     7657.901021                  balanced                       False         0.792669        0.052471                7
10      111.304171                  balanced                       False         0.792669        0.052471                7
40    59600.439230                  balanced                       False         0.792669        0.052471                7
7         0.274377                  balanced                       False         0.792669        0.052471                7
42        0.425109                  balanced                       False         0.792669        0.052471                7
37      958.659624                  balanced                       False         0.792669        0.052471                7
12        3.027584                  balanced                       False         0.792669        0.052471                7
39        0.006740                  balanced                       False         0.792648        0.052710               21
1         0.062786                      None                       False         0.792327        0.053791               22
36        0.006398                      None                       False         0.791929        0.054902               23
30   150043.109395                      None                       False         0.791202        0.053653               24
28        0.682678                      None                       False         0.791202        0.053653               24
49       66.054213                      None                       False         0.791202        0.053653               24
11       10.418033                      None                       False         0.791202        0.053653               24
19  1000000.000000                      None                       False         0.791202        0.053653               24
25      394.310430                      None                       False         0.791202        0.053653               24
5     12467.168377                      None                       False         0.791202        0.053653               24
22        0.000673                  balanced                       False         0.788875        0.053069               31
23        0.000465                      None                       False         0.784018        0.054562               32
35        0.000021                      None                       False         0.769462        0.055870               33
15        0.000001                  balanced                       False         0.769462        0.056219               34
14        0.000001                      None                       False         0.769462        0.056219               34
31        0.000025                  balanced                       False         0.769455        0.056398               36
20        0.000001                  balanced                        True         0.769085        0.056380               37
34        0.000018                  balanced                        True         0.768344        0.056648               38
2         0.004475                  balanced                        True         0.728477        0.057176               39
4         0.004475                  balanced                        True         0.728477        0.057176               39
0         0.086546                  balanced                        True         0.715765        0.054310               41
43       19.366307                  balanced                        True         0.715024        0.053546               42
21  1000000.000000                  balanced                        True         0.715024        0.053546               42
26     1956.647782                  balanced                        True         0.715024        0.053546               42
44        0.000001                      None                        True         0.634375        0.053632               45
9         0.000043                      None                        True         0.629140        0.054145               46
8         0.000417                      None                        True         0.601565        0.052182               47
6         0.049277                      None                        True         0.560587        0.059028               48
38   999989.229245                      None                        True         0.560231        0.058415               49
3     29831.162550                      None                        True         0.560231        0.058415               49


