03.11.2024 15:27:51

Runtime of models:
          model  train_time  pred_time
0     LinearSVC    0.667993   0.047779
1         Ridge    1.233679   0.202437
2  RandomForest   17.756975   0.173282

Holdout results:
             model_score     score
0     LinearSVC Accuracy  0.706667
1     LinearSVC F1_macro  0.660579
2         Ridge Accuracy  0.684444
3         Ridge F1_macro  0.657124
4  RandomForest Accuracy  0.657778
5  RandomForest F1_macro  0.613414

Cross validation results:
                          score          
                           mean       std
model_score                              
LinearSVC Accuracy     0.741333  0.029187
LinearSVC F1_macro     0.717456  0.035422
RandomForest Accuracy  0.724800  0.030461
RandomForest F1_macro  0.694469  0.037947
Ridge Accuracy         0.744800  0.021127
Ridge F1_macro         0.720642  0.025882
