19.11.2024 15:09:02

Runtime of models:
          model  train_time  pred_time
0     LinearSVC    4.677061   0.361268
1         Ridge   17.576374   0.304348
2  RandomForest   52.587819   0.507736

Holdout results:
             model_score     score
0     LinearSVC Accuracy  0.706667
1     LinearSVC F1_macro  0.661252
2         Ridge Accuracy  0.684444
3         Ridge F1_macro  0.646795
4  RandomForest Accuracy  0.657778
5  RandomForest F1_macro  0.607958

Cross validation results:
                          score          
                           mean       std
model_score                              
LinearSVC Accuracy     0.749867  0.029131
LinearSVC F1_macro     0.722697  0.034778
RandomForest Accuracy  0.728267  0.029582
RandomForest F1_macro  0.698023  0.037137
Ridge Accuracy         0.754133  0.028371
Ridge F1_macro         0.729833  0.032012
