18.11.2024 13:50:24
Scoring: accuracy
Best score: 0.7613333333333333
best params: OrderedDict({'model__C': 0.002184922662131436, 'model__class_weight': 'balanced', 'model__fit_intercept': False})
CV results:
    param_model__C param_model__class_weight  param_model__fit_intercept  mean_test_score  std_test_score  rank_test_score
48        0.002251                  balanced                       False         0.761333        0.026800                1
46        0.002185                  balanced                       False         0.761333        0.026800                1
43        0.002617                      None                       False         0.760000        0.025298                3
47        0.001929                      None                       False         0.760000        0.024221                3
45        0.007945                  balanced                       False         0.752000        0.021664                5
41        0.000028                  balanced                        True         0.750667        0.022940                6
9         0.000043                      None                        True         0.749333        0.022151                7
44        0.000773                  balanced                       False         0.749333        0.024074                7
15        0.031619                      None                        True         0.749333        0.019596                9
0         0.086546                  balanced                        True         0.749333        0.019596                9
6         0.049277                      None                        True         0.749333        0.019596                9
3     29831.162550                      None                        True         0.749333        0.019596                9
12        0.130734                      None                        True         0.749333        0.019596                9
13     6143.144507                      None                        True         0.749333        0.019596                9
10        0.039503                  balanced                        True         0.749333        0.019596                9
14   180505.470022                  balanced                        True         0.749333        0.019596                9
30       44.265888                      None                        True         0.749333        0.019596                9
31       95.428401                  balanced                        True         0.749333        0.019596                9
28   997373.274087                  balanced                        True         0.749333        0.019596                9
26        1.749315                      None                        True         0.749333        0.019596                9
38        7.549867                      None                        True         0.749333        0.019596                9
42        0.438971                      None                        True         0.749333        0.019596                9
35      212.225756                      None                        True         0.749333        0.019596                9
37   439832.463448                      None                        True         0.749333        0.019596                9
32  1000000.000000                      None                        True         0.749333        0.019596                9
22        9.642652                  balanced                        True         0.749333        0.019596                9
21   112611.837762                      None                        True         0.749333        0.019596                9
20     1608.948874                      None                        True         0.749333        0.019596                9
19     9198.252763                  balanced                        True         0.749333        0.019596                9
18     1991.374043                  balanced                        True         0.749333        0.019596                9
17    56270.034308                  balanced                        True         0.749333        0.019596                9
16      608.010448                  balanced                        True         0.749333        0.019596                9
34        1.137664                  balanced                        True         0.749333        0.019596                9
33        0.006667                      None                        True         0.748000        0.019505               34
4         0.004475                  balanced                        True         0.748000        0.019505               34
2         0.004475                  balanced                        True         0.748000        0.019505               34
40        0.001189                      None                        True         0.746667        0.019777               37
1         0.062786                      None                       False         0.745333        0.014236               38
49      952.951794                  balanced                       False         0.745333        0.015434               38
25  1000000.000000                      None                       False         0.745333        0.015434               38
7         0.274377                  balanced                       False         0.745333        0.015434               38
5     12467.168377                      None                       False         0.745333        0.015434               38
23       62.552956                      None                       False         0.745333        0.015434               38
36        3.118158                  balanced                       False         0.745333        0.015434               38
8         0.000417                      None                        True         0.744000        0.019596               45
29        0.000055                      None                       False         0.738667        0.022862               46
27        0.000070                  balanced                        True         0.738667        0.025087               46
39        0.000077                      None                        True         0.736000        0.024801               48
11        0.000012                      None                        True         0.732000        0.014847               49
24        0.000001                      None                       False         0.625333        0.026128               50


Scoring: f1_macro
Best score: 0.73951544011544
best params: OrderedDict({'model__C': 0.00209774064785915, 'model__class_weight': 'balanced', 'model__fit_intercept': False})
CV results:
    param_model__C param_model__class_weight  param_model__fit_intercept  mean_test_score  std_test_score  rank_test_score
39        0.002098                  balanced                       False         0.739515        0.029062                1
48        0.002671                      None                       False         0.738230        0.026651                2
37        0.002530                  balanced                       False         0.738230        0.026651                2
47        0.002688                      None                       False         0.738230        0.026651                2
32        0.003360                  balanced                       False         0.737990        0.027168                5
26        0.002443                      None                       False         0.737696        0.026267                6
42        0.002965                  balanced                       False         0.736814        0.029746                7
46        0.002883                  balanced                       False         0.736814        0.029746                7
33        0.003294                      None                       False         0.736347        0.029725                9
41        0.001746                  balanced                       False         0.734893        0.022488               10
27        0.006095                      None                       False         0.734270        0.028414               11
36        0.000019                      None                       False         0.726953        0.017552               12
1         0.062786                      None                       False         0.724230        0.014107               13
14        6.566864                      None                       False         0.723855        0.017273               14
13  1000000.000000                      None                       False         0.723855        0.017273               14
5     12467.168377                      None                       False         0.723855        0.017273               14
20     1120.373273                  balanced                       False         0.723855        0.017273               14
49     3555.417882                      None                       False         0.723855        0.017273               14
38    45950.891626                  balanced                       False         0.723855        0.017273               14
44       24.186030                  balanced                       False         0.723855        0.017273               14
45        0.873552                      None                       False         0.723855        0.017273               14
34      322.260377                  balanced                       False         0.723855        0.017273               14
7         0.274377                  balanced                       False         0.723855        0.017273               14
10       89.416855                      None                       False         0.723855        0.017273               14
28        2.975032                  balanced                       False         0.723855        0.017273               14
18   151809.774677                  balanced                       False         0.723855        0.017273               14
24     5289.061958                  balanced                        True         0.723324        0.017096               27
19        1.611081                      None                        True         0.723324        0.017096               27
3     29831.162550                      None                        True         0.723324        0.017096               27
12  1000000.000000                  balanced                        True         0.723324        0.017096               27
6         0.049277                      None                        True         0.723324        0.017096               27
0         0.086546                  balanced                        True         0.723324        0.017096               27
40        0.442539                      None                        True         0.723324        0.017096               27
23   292346.992386                      None                        True         0.723324        0.017096               27
16      964.176736                  balanced                        True         0.723324        0.017096               27
17       25.441509                  balanced                        True         0.723324        0.017096               27
25      165.866684                      None                        True         0.723324        0.017096               27
43    93050.557695                  balanced                        True         0.723324        0.017096               27
31        6.049276                  balanced                        True         0.723324        0.017096               27
35        0.000012                  balanced                        True         0.722979        0.019964               40
22        0.016023                  balanced                       False         0.721944        0.018967               41
9         0.000043                      None                        True         0.721344        0.021337               42
4         0.004475                  balanced                        True         0.720924        0.016429               43
2         0.004475                  balanced                        True         0.720924        0.016429               43
30        0.000632                      None                       False         0.720250        0.024391               45
29        0.003184                      None                        True         0.719857        0.016701               46
8         0.000417                      None                        True         0.717196        0.019033               47
21        0.000086                  balanced                       False         0.711315        0.024627               48
15        0.000001                  balanced                        True         0.628727        0.015032               49
11        0.000001                      None                       False         0.600471        0.025336               50


