11.11.2024 11:00:48
Scoring: accuracy
Best score: 0.7541333333333333
Best params: OrderedDict({'model__alpha': 45.31956822190454, 'model__class_weight': None, 'model__fit_intercept': False})
CV results:
    param_model__alpha  param_model__fit_intercept param_model__class_weight  mean_test_score  std_test_score  rank_test_score
7            45.319568                       False                      None         0.754133        0.027797                1
42           38.957848                       False                      None         0.754133        0.027797                1
30           24.412121                       False                      None         0.753867        0.027708                3
11            0.074764                       False                      None         0.753867        0.027708                3
25          100.000000                       False                  balanced         0.753867        0.027190                3
22           97.498056                       False                  balanced         0.753867        0.027190                3
21            0.000000                       False                      None         0.753867        0.027708                3
31           17.859935                       False                      None         0.753867        0.027708                3
46           77.096138                       False                      None         0.753867        0.027320                3
45           83.072956                       False                      None         0.753867        0.027320                3
35            9.921454                       False                      None         0.753867        0.027708                3
16           27.065058                       False                      None         0.753867        0.027708                3
33           53.112469                       False                      None         0.753867        0.027515               13
39           48.655680                       False                      None         0.753867        0.027515               13
15           79.621553                       False                  balanced         0.753600        0.026898               15
18           70.134700                       False                      None         0.753600        0.027421               15
48           71.811709                       False                  balanced         0.753600        0.026898               15
40           63.505989                       False                      None         0.753600        0.027421               15
10           99.970163                       False                      None         0.753600        0.027226               15
5            84.131399                       False                  balanced         0.753600        0.026898               15
14           94.376124                       False                      None         0.753600        0.027226               15
1            39.982211                       False                  balanced         0.753333        0.027129               22
32           61.829255                       False                  balanced         0.753333        0.027129               22
44           26.493389                       False                  balanced         0.752533        0.027281               24
20            2.584689                       False                  balanced         0.752533        0.027281               24
12            0.025940                       False                  balanced         0.752533        0.027281               24
26           82.356983                        True                  balanced         0.752000        0.027968               27
3            87.288918                        True                  balanced         0.752000        0.027968               27
41           81.482212                        True                  balanced         0.752000        0.027968               27
6            39.105381                        True                  balanced         0.751467        0.027618               30
24           32.619512                        True                  balanced         0.751467        0.027618               30
28           14.451504                        True                  balanced         0.751467        0.026966               30
47           11.333029                        True                  balanced         0.751467        0.026966               30
9            13.652458                        True                  balanced         0.751467        0.026966               30
8            21.834258                        True                  balanced         0.751467        0.026966               30
36           12.465196                        True                  balanced         0.751467        0.026966               30
37           23.718008                        True                  balanced         0.751467        0.026966               30
23            0.842801                        True                  balanced         0.751200        0.026581               38
49            3.568427                        True                  balanced         0.751200        0.026581               38
27           75.491476                        True                      None         0.750400        0.025860               40
2            30.423290                        True                      None         0.750133        0.026068               41
4            30.422952                        True                      None         0.750133        0.026068               41
17            0.007595                        True                      None         0.750133        0.026068               41
13           99.941879                        True                      None         0.749867        0.025931               44
0            41.143727                        True                      None         0.749867        0.025794               44
19           42.288261                        True                      None         0.749867        0.025794               44
43           38.990912                        True                      None         0.749867        0.025794               44
29           63.876455                        True                      None         0.749600        0.025653               48
34           65.760912                        True                      None         0.749600        0.025653               48
38           55.479315                        True                      None         0.749600        0.025653               48


Scoring: f1_macro
Best score: 0.7298327272727272
Best params: OrderedDict({'model__alpha': 45.31956822190454, 'model__class_weight': None, 'model__fit_intercept': False})
CV results:
    param_model__alpha  param_model__fit_intercept param_model__class_weight  mean_test_score  std_test_score  rank_test_score
7            45.319568                       False                      None         0.729833        0.031365                1
22           37.684434                       False                      None         0.729833        0.031365                1
25           10.503278                       False                      None         0.729647        0.031270                3
31           17.859935                       False                      None         0.729647        0.031270                3
35            9.921454                       False                      None         0.729647        0.031270                3
18           23.696093                       False                      None         0.729646        0.031268                6
30           24.412121                       False                      None         0.729646        0.031268                6
11            0.074764                       False                      None         0.729598        0.031264                8
16          100.000000                       False                  balanced         0.729514        0.030597                9
15           99.961769                       False                  balanced         0.729514        0.030597                9
39           48.655680                       False                      None         0.729459        0.031142               11
21           79.631537                       False                  balanced         0.729286        0.030327               12
5            84.131399                       False                  balanced         0.729286        0.030327               12
45           83.072956                       False                      None         0.729257        0.030743               14
42           83.187281                       False                      None         0.729257        0.030743               14
46           77.096138                       False                      None         0.729257        0.030743               14
48           71.811709                       False                  balanced         0.729210        0.030481               17
40           63.505989                       False                      None         0.729025        0.030984               18
13           56.194860                       False                      None         0.729025        0.030984               18
10           99.970163                       False                      None         0.729016        0.030616               20
32           61.829255                       False                  balanced         0.728885        0.030740               21
1            39.982211                       False                  balanced         0.728885        0.030740               21
44           26.493389                       False                  balanced         0.727817        0.030974               23
33            7.763676                       False                  balanced         0.727800        0.030926               24
20            2.584689                       False                  balanced         0.727800        0.030926               24
12            0.025940                       False                  balanced         0.727800        0.030926               24
26           82.356983                        True                  balanced         0.726873        0.032088               27
3            87.288918                        True                  balanced         0.726873        0.032088               27
41           81.482212                        True                  balanced         0.726873        0.032088               27
8            21.834258                        True                  balanced         0.726347        0.030694               30
9            13.652458                        True                  balanced         0.726347        0.030694               30
28           14.451504                        True                  balanced         0.726347        0.030694               30
47           11.333029                        True                  balanced         0.726347        0.030694               30
37           23.718008                        True                  balanced         0.726347        0.030694               30
36           12.465196                        True                  balanced         0.726347        0.030694               30
6            39.105381                        True                  balanced         0.726318        0.031714               36
24           32.619512                        True                  balanced         0.726318        0.031714               36
23            0.842801                        True                  balanced         0.726004        0.030186               38
49            3.568427                        True                  balanced         0.726004        0.030186               38
27           75.491476                        True                      None         0.725210        0.029843               40
2            30.423290                        True                      None         0.725008        0.029722               41
4            30.422952                        True                      None         0.725008        0.029722               41
17            0.007595                        True                      None         0.724951        0.029745               43
19           42.288261                        True                      None         0.724700        0.029458               44
0            41.143727                        True                      None         0.724700        0.029458               44
43           38.990912                        True                      None         0.724700        0.029458               44
14           99.961516                        True                      None         0.724492        0.030074               47
29           63.876455                        True                      None         0.724375        0.029461               48
34           65.760912                        True                      None         0.724375        0.029461               48
38           55.479315                        True                      None         0.724375        0.029461               48


