11.11.2024 07:57:42
Scoring: accuracy
Best score: 0.7482666666666666
best params: OrderedDict({'model__C': 0.009463539456700065, 'model__class_weight': 'balanced', 'model__dual': False, 'model__fit_intercept': True})
CV results:
    param_model__C param_model__class_weight  param_model__fit_intercept  param_model__dual  mean_test_score  std_test_score  rank_test_score
47        0.009396                  balanced                        True               True         0.748267        0.024168                1
28        0.009464                  balanced                        True              False         0.748267        0.024168                1
38        0.009499                  balanced                        True               True         0.748267        0.024168                1
39        0.009439                  balanced                        True               True         0.748267        0.024168                1
49        0.009859                  balanced                        True               True         0.748000        0.024585                5
32        0.011165                  balanced                        True               True         0.747733        0.026106                6
18        0.008081                  balanced                        True              False         0.746400        0.024256                7
20        0.017384                  balanced                        True              False         0.744000        0.028284                8
36        0.012811                  balanced                       False               True         0.741067        0.029375                9
10        0.016808                      None                        True               True         0.737600        0.026792               10
45        0.041829                  balanced                        True              False         0.737333        0.027455               11
7         0.274377                  balanced                        True              False         0.735733        0.026990               12
42        0.190050                      None                        True              False         0.735467        0.026245               13
22        1.128379                  balanced                        True              False         0.735200        0.027746               14
6         0.049277                      None                        True               True         0.734400        0.026712               15
34       12.647007                      None                        True               True         0.733600        0.029362               16
23     3105.669456                      None                        True               True         0.733600        0.029362               16
33   120206.271158                      None                        True               True         0.733600        0.029362               16
37   999577.029513                      None                        True               True         0.733600        0.029362               16
16      832.001925                  balanced                        True               True         0.733600        0.029362               16
14      120.293937                  balanced                        True               True         0.733600        0.029362               16
12        2.722233                      None                        True               True         0.733600        0.029119               16
44      140.941566                      None                        True               True         0.733600        0.029362               16
35        3.404754                  balanced                        True               True         0.733600        0.029119               16
26    12238.550583                  balanced                        True               True         0.733600        0.029362               16
4         0.004475                  balanced                       False               True         0.733333        0.025785               26
2         0.004475                  balanced                       False               True         0.733333        0.025785               26
0         0.086546                  balanced                       False               True         0.730133        0.023257               28
1         0.062786                      None                       False              False         0.729333        0.025157               29
31   994549.995306                      None                        True              False         0.727733        0.027304               30
19      346.613278                      None                        True              False         0.727733        0.027304               30
15       23.312857                  balanced                        True              False         0.726667        0.029575               32
46      287.706651                  balanced                       False               True         0.726133        0.025572               33
41      766.317927                      None                       False               True         0.726133        0.025572               33
40    65834.206586                  balanced                       False               True         0.726133        0.025572               33
27     3761.296286                  balanced                       False               True         0.726133        0.025572               33
24       55.625302                      None                       False               True         0.726133        0.025572               33
21   472202.092634                      None                       False               True         0.726133        0.025572               33
3     29831.162550                      None                       False               True         0.726133        0.025572               33
30        0.008458                      None                       False              False         0.726133        0.026595               40
29        0.596332                      None                       False               True         0.725600        0.025970               41
48        0.002391                  balanced                        True              False         0.724800        0.026635               42
13  1000000.000000                  balanced                        True              False         0.723200        0.029642               43
17   197000.197887                  balanced                        True              False         0.723200        0.029642               43
43     1908.023044                  balanced                        True              False         0.723200        0.029642               43
25        5.375461                  balanced                       False              False         0.722400        0.025430               46
5     12467.168377                      None                       False              False         0.719733        0.026699               47
8         0.000417                      None                       False               True         0.549333        0.031833               48
9         0.000043                      None                       False               True         0.324000        0.021082               49
11        0.000004                  balanced                        True              False         0.172000        0.023017               50


Scoring: f1_macro
Best score: 0.7247432034632034
best params: OrderedDict({'model__C': 0.009299071165702246, 'model__class_weight': 'balanced', 'model__dual': False, 'model__fit_intercept': True})
CV results:
    param_model__C param_model__class_weight  param_model__fit_intercept  param_model__dual  mean_test_score  std_test_score  rank_test_score
41        0.009299                  balanced                        True              False         0.724743        0.032750                1
39        0.009091                  balanced                        True              False         0.724158        0.031856                2
30        0.008659                  balanced                        True              False         0.723898        0.031481                3
21        0.008368                  balanced                        True              False         0.723305        0.031537                4
29        0.007992                  balanced                        True               True         0.722624        0.031923                5
44        0.012293                  balanced                        True               True         0.721461        0.034749                6
12        0.034038                  balanced                        True              False         0.714691        0.032741                7
11        0.004322                  balanced                        True              False         0.711880        0.032895                8
10        0.018814                      None                        True               True         0.711815        0.033163                9
36        1.273615                      None                        True              False         0.711787        0.032968               10
7         0.274377                  balanced                        True              False         0.711720        0.031900               11
45        0.277247                      None                        True               True         0.710854        0.031722               12
6         0.049277                      None                        True               True         0.710484        0.031218               13
17        2.117933                  balanced                        True               True         0.709628        0.033624               14
31     5177.917071                      None                        True               True         0.709610        0.033967               15
33       30.955941                      None                        True               True         0.709610        0.033967               15
48      812.493174                  balanced                        True               True         0.709610        0.033967               15
22     1349.881272                      None                        True               True         0.709610        0.033967               15
20       79.628980                  balanced                        True               True         0.709610        0.033967               15
28    17485.615412                  balanced                        True               True         0.709610        0.033967               15
18      250.615548                  balanced                        True               True         0.709610        0.033967               15
38   960319.067302                      None                        True               True         0.709610        0.033967               15
40   529380.291690                  balanced                        True               True         0.709610        0.033967               15
46      293.171709                      None                        True               True         0.709610        0.033967               15
47    61594.411556                  balanced                        True               True         0.709610        0.033967               15
34    81327.248140                      None                        True               True         0.709610        0.033967               15
49        6.866219                      None                        True              False         0.708573        0.035568               27
4         0.004475                  balanced                       False               True         0.707786        0.032868               28
2         0.004475                  balanced                       False               True         0.707786        0.032868               28
0         0.086546                  balanced                       False               True         0.705528        0.029569               30
15       17.227339                  balanced                        True              False         0.704604        0.035125               31
1         0.062786                      None                       False              False         0.703998        0.030348               32
42        2.533046                  balanced                       False              False         0.703370        0.030417               33
32      137.193975                      None                        True              False         0.703341        0.034025               34
43        0.007068                      None                        True              False         0.702771        0.032667               35
26     3087.260515                  balanced                       False               True         0.701641        0.031605               36
3     29831.162550                      None                       False               True         0.701641        0.031605               36
24   474804.011056                      None                       False               True         0.701641        0.031605               36
37   999024.160816                  balanced                       False               True         0.701641        0.031605               36
27        5.976069                      None                       False               True         0.701628        0.031599               40
25        0.770648                  balanced                       False               True         0.701307        0.031762               41
35     2595.241735                  balanced                        True              False         0.697566        0.034614               42
19   190356.875469                  balanced                        True              False         0.697566        0.034614               42
14  1000000.000000                  balanced                        True              False         0.697566        0.034614               42
23      603.173587                      None                       False              False         0.695906        0.032716               45
5     12467.168377                      None                       False              False         0.695490        0.032238               46
8         0.000417                      None                       False               True         0.503142        0.037644               47
9         0.000043                      None                       False               True         0.265771        0.024762               48
13        0.000012                      None                        True              False         0.104314        0.021353               49
16        0.000001                  balanced                        True              False         0.082731        0.015854               50


