11.11.2024 08:49:27
Scoring: accuracy
Best score: 0.728
best params: OrderedDict({'model__max_depth': 40, 'model__max_features': 'sqrt', 'model__min_samples_leaf': 1, 'model__min_samples_split': 2, 'model__n_estimators': 2000})
CV results:
                                                                                                                                                 params  mean_test_score  std_test_score  rank_test_score
14    {'model__max_depth': 40, 'model__max_features': 'sqrt', 'model__min_samples_leaf': 1, 'model__min_samples_split': 2, 'model__n_estimators': 1995}         0.728000        0.040749                1
12    {'model__max_depth': 40, 'model__max_features': 'sqrt', 'model__min_samples_leaf': 1, 'model__min_samples_split': 2, 'model__n_estimators': 2000}         0.728000        0.042874                1
15    {'model__max_depth': 40, 'model__max_features': 'sqrt', 'model__min_samples_leaf': 1, 'model__min_samples_split': 2, 'model__n_estimators': 1916}         0.724000        0.040792                3
16  {'model__max_depth': None, 'model__max_features': 'sqrt', 'model__min_samples_leaf': 1, 'model__min_samples_split': 2, 'model__n_estimators': 2000}         0.721333        0.039418                4
10    {'model__max_depth': 20, 'model__max_features': 'sqrt', 'model__min_samples_leaf': 1, 'model__min_samples_split': 2, 'model__n_estimators': 2000}         0.718667        0.037094                5
11    {'model__max_depth': 20, 'model__max_features': 'sqrt', 'model__min_samples_leaf': 2, 'model__min_samples_split': 2, 'model__n_estimators': 2000}         0.710667        0.031440                6
6     {'model__max_depth': 40, 'model__max_features': 'sqrt', 'model__min_samples_leaf': 3, 'model__min_samples_split': 3, 'model__n_estimators': 1825}         0.702667        0.029993                7
29    {'model__max_depth': 90, 'model__max_features': 'sqrt', 'model__min_samples_leaf': 3, 'model__min_samples_split': 7, 'model__n_estimators': 1053}         0.700000        0.037476                8
28    {'model__max_depth': 20, 'model__max_features': 'sqrt', 'model__min_samples_leaf': 4, 'model__min_samples_split': 3, 'model__n_estimators': 1167}         0.690667        0.032551                9
8    {'model__max_depth': 20, 'model__max_features': 'sqrt', 'model__min_samples_leaf': 1, 'model__min_samples_split': 16, 'model__n_estimators': 1646}         0.688000        0.029029               10
25    {'model__max_depth': 90, 'model__max_features': 'sqrt', 'model__min_samples_leaf': 3, 'model__min_samples_split': 15, 'model__n_estimators': 332}         0.682667        0.029993               11
3     {'model__max_depth': 90, 'model__max_features': 'sqrt', 'model__min_samples_leaf': 2, 'model__min_samples_split': 19, 'model__n_estimators': 334}         0.681333        0.026800               12
1    {'model__max_depth': 40, 'model__max_features': 'sqrt', 'model__min_samples_leaf': 4, 'model__min_samples_split': 20, 'model__n_estimators': 1321}         0.681333        0.034615               13
23   {'model__max_depth': 90, 'model__max_features': 'sqrt', 'model__min_samples_leaf': 5, 'model__min_samples_split': 12, 'model__n_estimators': 1690}         0.673333        0.037947               14
5     {'model__max_depth': 90, 'model__max_features': 'sqrt', 'model__min_samples_leaf': 4, 'model__min_samples_split': 11, 'model__n_estimators': 560}         0.673333        0.043614               15
9    {'model__max_depth': 10, 'model__max_features': 'sqrt', 'model__min_samples_leaf': 2, 'model__min_samples_split': 20, 'model__n_estimators': 1447}         0.606667        0.040442               16
26    {'model__max_depth': 60, 'model__max_features': 'log2', 'model__min_samples_leaf': 2, 'model__min_samples_split': 5, 'model__n_estimators': 1759}         0.594667        0.025785               17
22   {'model__max_depth': 70, 'model__max_features': 'log2', 'model__min_samples_leaf': 1, 'model__min_samples_split': 13, 'model__n_estimators': 1186}         0.592000        0.026128               18
20    {'model__max_depth': 40, 'model__max_features': 'log2', 'model__min_samples_leaf': 2, 'model__min_samples_split': 5, 'model__n_estimators': 1019}         0.592000        0.032496               18
24    {'model__max_depth': 70, 'model__max_features': 'log2', 'model__min_samples_leaf': 1, 'model__min_samples_split': 12, 'model__n_estimators': 661}         0.581333        0.028721               20
0    {'model__max_depth': 40, 'model__max_features': 'log2', 'model__min_samples_leaf': 2, 'model__min_samples_split': 17, 'model__n_estimators': 1448}         0.572000        0.027129               21
21   {'model__max_depth': 20, 'model__max_features': 'log2', 'model__min_samples_leaf': 2, 'model__min_samples_split': 17, 'model__n_estimators': 1070}         0.561333        0.019956               22
17   {'model__max_depth': 70, 'model__max_features': 'log2', 'model__min_samples_leaf': 4, 'model__min_samples_split': 13, 'model__n_estimators': 1881}         0.556000        0.045918               23
7     {'model__max_depth': 40, 'model__max_features': 'log2', 'model__min_samples_leaf': 4, 'model__min_samples_split': 9, 'model__n_estimators': 1296}         0.544000        0.025508               24
2     {'model__max_depth': 30, 'model__max_features': 'log2', 'model__min_samples_leaf': 1, 'model__min_samples_split': 17, 'model__n_estimators': 342}         0.544000        0.040133               25
4     {'model__max_depth': 30, 'model__max_features': 'log2', 'model__min_samples_leaf': 3, 'model__min_samples_split': 14, 'model__n_estimators': 549}         0.542667        0.022549               26
18    {'model__max_depth': 70, 'model__max_features': 'log2', 'model__min_samples_leaf': 3, 'model__min_samples_split': 20, 'model__n_estimators': 975}         0.538667        0.019956               27
13   {'model__max_depth': 50, 'model__max_features': 'log2', 'model__min_samples_leaf': 5, 'model__min_samples_split': 17, 'model__n_estimators': 1563}         0.521333        0.022071               28
27   {'model__max_depth': 100, 'model__max_features': 'log2', 'model__min_samples_leaf': 5, 'model__min_samples_split': 19, 'model__n_estimators': 861}         0.486667        0.033993               29
19    {'model__max_depth': 80, 'model__max_features': 'log2', 'model__min_samples_leaf': 5, 'model__min_samples_split': 14, 'model__n_estimators': 385}         0.481333        0.048332               30


Scoring: f1_macro
Best score: 0.6929639915639915
best params: OrderedDict({'model__max_depth': None, 'model__max_features': 'sqrt', 'model__min_samples_leaf': 1, 'model__min_samples_split': 2, 'model__n_estimators': 1922})
CV results:
                                                                                                                                                 params  mean_test_score  std_test_score  rank_test_score
26  {'model__max_depth': None, 'model__max_features': 'sqrt', 'model__min_samples_leaf': 1, 'model__min_samples_split': 2, 'model__n_estimators': 1922}         0.692964        0.047646                1
14  {'model__max_depth': None, 'model__max_features': 'sqrt', 'model__min_samples_leaf': 1, 'model__min_samples_split': 2, 'model__n_estimators': 2000}         0.689283        0.046978                2
17    {'model__max_depth': 70, 'model__max_features': 'sqrt', 'model__min_samples_leaf': 1, 'model__min_samples_split': 2, 'model__n_estimators': 2000}         0.689283        0.046978                2
11    {'model__max_depth': 20, 'model__max_features': 'sqrt', 'model__min_samples_leaf': 1, 'model__min_samples_split': 2, 'model__n_estimators': 2000}         0.688318        0.043714                4
19    {'model__max_depth': 70, 'model__max_features': 'sqrt', 'model__min_samples_leaf': 1, 'model__min_samples_split': 2, 'model__n_estimators': 1602}         0.687128        0.044581                5
28  {'model__max_depth': None, 'model__max_features': 'sqrt', 'model__min_samples_leaf': 1, 'model__min_samples_split': 2, 'model__n_estimators': 1809}         0.683607        0.042693                6
13    {'model__max_depth': 50, 'model__max_features': 'sqrt', 'model__min_samples_leaf': 1, 'model__min_samples_split': 2, 'model__n_estimators': 2000}         0.683607        0.051048                7
12    {'model__max_depth': 70, 'model__max_features': 'sqrt', 'model__min_samples_leaf': 1, 'model__min_samples_split': 8, 'model__n_estimators': 1319}         0.682468        0.052073                8
24  {'model__max_depth': None, 'model__max_features': 'sqrt', 'model__min_samples_leaf': 2, 'model__min_samples_split': 2, 'model__n_estimators': 2000}         0.680120        0.033356                9
25  {'model__max_depth': None, 'model__max_features': 'sqrt', 'model__min_samples_leaf': 1, 'model__min_samples_split': 2, 'model__n_estimators': 1349}         0.679718        0.038306               10
10    {'model__max_depth': 20, 'model__max_features': 'sqrt', 'model__min_samples_leaf': 1, 'model__min_samples_split': 4, 'model__n_estimators': 2000}         0.679593        0.038072               11
23  {'model__max_depth': None, 'model__max_features': 'sqrt', 'model__min_samples_leaf': 1, 'model__min_samples_split': 8, 'model__n_estimators': 1177}         0.677825        0.048938               12
15     {'model__max_depth': 40, 'model__max_features': 'sqrt', 'model__min_samples_leaf': 3, 'model__min_samples_split': 6, 'model__n_estimators': 845}         0.669668        0.049124               13
6     {'model__max_depth': 40, 'model__max_features': 'sqrt', 'model__min_samples_leaf': 3, 'model__min_samples_split': 3, 'model__n_estimators': 1825}         0.667832        0.042551               14
21     {'model__max_depth': 20, 'model__max_features': 'sqrt', 'model__min_samples_leaf': 1, 'model__min_samples_split': 2, 'model__n_estimators': 998}         0.667090        0.048842               15
27   {'model__max_depth': 40, 'model__max_features': 'sqrt', 'model__min_samples_leaf': 1, 'model__min_samples_split': 11, 'model__n_estimators': 1031}         0.664964        0.043663               16
18    {'model__max_depth': 30, 'model__max_features': 'sqrt', 'model__min_samples_leaf': 2, 'model__min_samples_split': 3, 'model__n_estimators': 1902}         0.664787        0.037622               17
8    {'model__max_depth': 20, 'model__max_features': 'sqrt', 'model__min_samples_leaf': 1, 'model__min_samples_split': 16, 'model__n_estimators': 1646}         0.656106        0.041839               18
3     {'model__max_depth': 90, 'model__max_features': 'sqrt', 'model__min_samples_leaf': 2, 'model__min_samples_split': 19, 'model__n_estimators': 334}         0.643141        0.041480               19
1    {'model__max_depth': 40, 'model__max_features': 'sqrt', 'model__min_samples_leaf': 4, 'model__min_samples_split': 20, 'model__n_estimators': 1321}         0.642577        0.047645               20
5     {'model__max_depth': 90, 'model__max_features': 'sqrt', 'model__min_samples_leaf': 4, 'model__min_samples_split': 11, 'model__n_estimators': 560}         0.630960        0.056176               21
20   {'model__max_depth': 60, 'model__max_features': 'sqrt', 'model__min_samples_leaf': 5, 'model__min_samples_split': 12, 'model__n_estimators': 1506}         0.612781        0.036253               22
16   {'model__max_depth': None, 'model__max_features': 'sqrt', 'model__min_samples_leaf': 2, 'model__min_samples_split': 2, 'model__n_estimators': 100}         0.579217        0.033452               23
9    {'model__max_depth': 10, 'model__max_features': 'sqrt', 'model__min_samples_leaf': 2, 'model__min_samples_split': 20, 'model__n_estimators': 1447}         0.548015        0.047332               24
22    {'model__max_depth': 30, 'model__max_features': 'sqrt', 'model__min_samples_leaf': 5, 'model__min_samples_split': 20, 'model__n_estimators': 100}         0.538371        0.060788               25
0    {'model__max_depth': 40, 'model__max_features': 'log2', 'model__min_samples_leaf': 2, 'model__min_samples_split': 17, 'model__n_estimators': 1448}         0.525136        0.029699               26
7     {'model__max_depth': 40, 'model__max_features': 'log2', 'model__min_samples_leaf': 4, 'model__min_samples_split': 9, 'model__n_estimators': 1296}         0.498090        0.033233               27
2     {'model__max_depth': 30, 'model__max_features': 'log2', 'model__min_samples_leaf': 1, 'model__min_samples_split': 17, 'model__n_estimators': 342}         0.495882        0.048298               28
4     {'model__max_depth': 30, 'model__max_features': 'log2', 'model__min_samples_leaf': 3, 'model__min_samples_split': 14, 'model__n_estimators': 549}         0.495011        0.013067               29
29    {'model__max_depth': 90, 'model__max_features': 'log2', 'model__min_samples_leaf': 2, 'model__min_samples_split': 20, 'model__n_estimators': 100}         0.367516        0.032453               30


