19.11.2024 10:09:00
Scoring: accuracy
Best score: 0.6599999999999999
best params: OrderedDict({'model__C': 0.006501780207295832, 'model__class_weight': 'balanced', 'model__fit_intercept': False})
CV results:
    param_model__C param_model__class_weight  param_model__fit_intercept  mean_test_score  std_test_score  rank_test_score
46        0.006502                  balanced                       False         0.660000        0.001333                1
48        0.006978                  balanced                       False         0.660000        0.001333                1
47        0.007489                  balanced                       False         0.660000        0.001333                1
29        0.003151                  balanced                       False         0.658667        0.002667                4
35        0.001002                  balanced                       False         0.658667        0.005333                4
23        0.001000                  balanced                        True         0.658667        0.005333                4
21        0.076684                  balanced                       False         0.658667        0.013333                4
18        0.001000                  balanced                       False         0.658667        0.005333                4
42        0.001009                  balanced                        True         0.658667        0.005333                4
14        0.011997                  balanced                       False         0.658667        0.008000               10
19      999.425938                      None                       False         0.657333        0.012000               11
25      164.435411                  balanced                       False         0.657333        0.012000               11
10        0.358465                      None                       False         0.657333        0.012000               11
1         0.250572                      None                       False         0.657333        0.012000               11
5       111.656475                      None                       False         0.657333        0.012000               11
2         0.066896                  balanced                        True         0.657333        0.012000               11
28        3.536559                  balanced                       False         0.657333        0.012000               11
31        2.078245                      None                       False         0.657333        0.012000               11
16     1000.000000                  balanced                       False         0.657333        0.012000               11
22       23.328639                  balanced                       False         0.657333        0.012000               11
7         0.523810                  balanced                       False         0.657333        0.012000               11
37        0.070335                      None                        True         0.657333        0.012000               11
43      988.915269                  balanced                       False         0.657333        0.012000               11
44       10.338672                  balanced                       False         0.657333        0.012000               11
33        0.160198                  balanced                       False         0.657333        0.012000               11
34        0.003319                  balanced                        True         0.657333        0.001333               11
41      352.631123                      None                       False         0.657333        0.012000               11
4         0.066892                  balanced                        True         0.657333        0.012000               11
11       10.085346                      None                       False         0.657333        0.012000               11
12       33.567233                      None                       False         0.657333        0.012000               11
6         0.221985                      None                        True         0.656000        0.010667               31
26        3.989828                  balanced                        True         0.656000        0.010667               31
39        0.932253                      None                        True         0.656000        0.010667               31
8         0.020420                      None                        True         0.656000        0.010667               31
0         0.294187                  balanced                        True         0.656000        0.010667               31
38        1.284320                  balanced                        True         0.656000        0.010667               31
32        0.032932                  balanced                       False         0.656000        0.010667               31
49       15.517967                  balanced                        True         0.654667        0.012000               38
24        5.038467                      None                        True         0.654667        0.012000               38
20      987.648574                  balanced                        True         0.654667        0.012000               38
3       172.717001                      None                        True         0.654667        0.012000               38
13        0.020663                  balanced                        True         0.654667        0.009333               38
30        0.024776                      None                       False         0.654667        0.009333               38
27      998.650144                      None                        True         0.654667        0.012000               38
17       49.497431                  balanced                        True         0.654667        0.012000               38
36       29.155277                      None                        True         0.654667        0.012000               38
40      258.580602                  balanced                        True         0.654667        0.012000               38
9         0.006594                      None                        True         0.650667        0.008000               48
15        0.001335                      None                       False         0.636000        0.001333               49
45        0.001002                      None                        True         0.624000        0.005333               50


Scoring: f1_macro
Best score: 0.6379998280300139
best params: OrderedDict({'model__C': 0.0081053174186984, 'model__class_weight': 'balanced', 'model__fit_intercept': True})
CV results:
    param_model__C param_model__class_weight  param_model__fit_intercept  mean_test_score  std_test_score  rank_test_score
45        0.008105                  balanced                        True         0.638000        0.003822                1
11        0.055831                  balanced                       False         0.637733        0.014871                2
41        0.052139                  balanced                       False         0.637733        0.014871                2
42        0.051171                  balanced                       False         0.637733        0.014871                2
33        0.001000                  balanced                       False         0.637397        0.003485                5
28        0.001003                  balanced                        True         0.637233        0.003649                6
26        0.001006                  balanced                       False         0.637156        0.003726                7
47        0.005128                  balanced                       False         0.636529        0.005511                8
12        0.118237                  balanced                       False         0.636509        0.013647                9
48        0.005325                  balanced                        True         0.636454        0.002140               10
40        0.068049                      None                        True         0.636439        0.013577               11
1         0.250572                      None                       False         0.636422        0.013560               12
14        0.168405                  balanced                       False         0.636422        0.013560               12
4         0.066892                  balanced                        True         0.636353        0.013490               14
13        0.048421                  balanced                        True         0.636353        0.013490               14
2         0.066896                  balanced                        True         0.636353        0.013490               14
22        0.810894                      None                       False         0.636211        0.013348               17
20       11.905895                  balanced                       False         0.636211        0.013348               17
15       76.084885                      None                       False         0.636211        0.013348               17
25       43.823062                  balanced                       False         0.636211        0.013348               17
35      994.064215                  balanced                       False         0.636211        0.013348               17
39      387.274325                      None                       False         0.636211        0.013348               17
43      442.635788                  balanced                       False         0.636211        0.013348               17
37       16.428470                      None                       False         0.636211        0.013348               17
38        2.181712                  balanced                       False         0.636211        0.013348               17
7         0.523810                  balanced                       False         0.636211        0.013348               17
27      992.037818                      None                       False         0.636211        0.013348               17
5       111.656475                      None                       False         0.636211        0.013348               17
23      160.624737                  balanced                       False         0.636211        0.013348               17
17        2.971056                      None                       False         0.636211        0.013348               17
29        0.002071                  balanced                        True         0.635465        0.010099               31
8         0.020420                      None                        True         0.635049        0.012004               32
18        0.140712                  balanced                        True         0.635031        0.012168               33
10        0.331787                      None                        True         0.634944        0.012081               34
0         0.294187                  balanced                        True         0.634944        0.012081               34
6         0.221985                      None                        True         0.634944        0.012081               34
44        1.668743                      None                        True         0.634944        0.012081               34
21        3.673699                  balanced                        True         0.634944        0.012081               34
16        0.015184                  balanced                       False         0.634927        0.011864               39
46        0.015719                  balanced                        True         0.633908        0.010845               40
32        0.017370                      None                        True         0.633672        0.010627               41
30       10.674694                      None                        True         0.633021        0.014004               42
49      269.627336                  balanced                        True         0.633021        0.014004               42
31       50.336393                  balanced                        True         0.633021        0.014004               42
3       172.717001                      None                        True         0.633021        0.014004               42
36      991.458027                      None                        True         0.633021        0.014004               42
24      997.469157                  balanced                        True         0.633021        0.014004               42
19        0.021643                      None                       False         0.631965        0.012019               48
9         0.006594                      None                        True         0.630806        0.008773               49
34        0.001011                      None                       False         0.596534        0.001974               50


