11.12.2024 12:55:02

here we added Kris' tune von 9.12. 1:43 in the morning and it was worse

Runtime of models:
        model  train_time  pred_time
0      OurRFR    1.492623   0.024150
1  OurRFRKris    4.137283   0.036042
2      SKTRFR    0.403612   0.013281
3         KNN    0.002402   0.007510
4      LLMRFR   34.284819   0.038922

Holdout results:
      model_score      score
0      OurRFR Mse -23.703836
1      OurRFR Rse  -0.090977
2  OurRFRKris Mse -25.123106
3  OurRFRKris Rse  -0.096424
4      SKTRFR Mse -20.666935
5      SKTRFR Rse  -0.079321
6         KNN Mse -59.564721
7         KNN Rse  -0.228612
8      LLMRFR Mse -24.054410
9      LLMRFR Rse  -0.092322

Cross validation results:
                    score          
                     mean       std
model_score                        
KNN Mse        -52.444999  3.994584
KNN Rse         -0.191201  0.028289
LLMRFR Mse     -26.818862  2.986105
LLMRFR Rse      -0.097498  0.014836
OurRFR Mse     -25.597001  4.151924
OurRFR Rse      -0.092680  0.015951
OurRFRKris Mse -27.317106  2.810214
OurRFRKris Rse  -0.099174  0.013255
SKTRFR Mse     -22.552244  3.143861
SKTRFR Rse      -0.081670  0.012272
