10.12.2024 21:43:03

Runtime of models:
    model  train_time  pred_time
0  OurRFR   11.080713   0.038338
1  SKTRFR    0.448098   0.018880
2     KNN    0.003044   0.008436
3  LLMRFR   50.242789   0.053154

Holdout results:
  model_score      score
0  OurRFR Mse -23.703836
1  OurRFR Rse  -0.090977
2  SKTRFR Mse -20.666935
3  SKTRFR Rse  -0.079321
4     KNN Mse -59.564721
5     KNN Rse  -0.228612
6  LLMRFR Mse -24.054410
7  LLMRFR Rse  -0.092322

Cross validation results:
                 score          
                  mean       std
model_score                     
KNN Mse     -52.444999  3.994584
KNN Rse      -0.191201  0.028289
LLMRFR Mse  -26.818862  2.986105
LLMRFR Rse   -0.097498  0.014836
OurRFR Mse  -25.597001  4.151924
OurRFR Rse   -0.092680  0.015951
SKTRFR Mse  -22.552244  3.143861
SKTRFR Rse   -0.081670  0.012272
