26.11.2024 22:56:06

BinaryTreeRegressor:

Mean Absolute Error (MAE):
       mean
0  4.605135

Mean Squared Error (MSE):
        mean
0  53.261095

Root Mean Squared Error (RMSE):
      mean
0  7.29802

Mean Absolute Error (MAE):
         scaler      mean
0  RobustScaler  4.582593
1          None  4.582593

Mean Squared Error (MSE):
         scaler       mean
0  RobustScaler  45.456652
1          None  45.456652

Root Mean Squared Error (RMSE):
         scaler      mean
0  RobustScaler  6.742155
1          None  6.742155
