26.11.2024 23:08:12

BinaryTreeRegressor:

Mean Absolute Error (MAE):
       mean
0  4.901739

Mean Squared Error (MSE):
        mean
0  55.137386

Root Mean Squared Error (RMSE):
       mean
0  7.425455

Mean Absolute Error (MAE):
         scaler      mean
0  RobustScaler  4.766010
1          None  4.771082

Mean Squared Error (MSE):
         scaler       mean
0  RobustScaler  49.645604
1          None  49.655362

Root Mean Squared Error (RMSE):
         scaler      mean
0  RobustScaler  7.045964
1          None  7.046656
