26.11.2024 22:19:54

BinaryTreeRegressor:

Mean Absolute Error (MAE):
       mean
0  4.312725

Mean Squared Error (MSE):
        mean
0  47.104979

Root Mean Squared Error (RMSE):
       mean
0  6.863307

Mean Absolute Error (MAE):
         scaler      mean
1          None  4.334145
0  RobustScaler  4.336590

Mean Squared Error (MSE):
         scaler       mean
0  RobustScaler  45.669048
1          None  45.685624

Root Mean Squared Error (RMSE):
         scaler      mean
0  RobustScaler  6.757888
1          None  6.759114
