26.11.2024 15:22:16

BinaryTreeRegressor:

Mean Absolute Error (MAE):
       mean
0  4.164353

Mean Squared Error (MSE):
        mean
0  46.868903

Root Mean Squared Error (RMSE):
       mean
0  6.846087

Mean Absolute Error (MAE):
         scaler      mean
1          None  4.164353
0  RobustScaler  4.168782

Mean Squared Error (MSE):
         scaler       mean
1          None  46.868903
0  RobustScaler  47.517511

Root Mean Squared Error (RMSE):
         scaler      mean
1          None  6.846087
0  RobustScaler  6.893295
