26.11.2024 22:22:01

BinaryTreeRegressor:

Mean Absolute Error (MAE):
       mean
0  4.953476

Mean Squared Error (MSE):
        mean
0  57.572157

Root Mean Squared Error (RMSE):
       mean
0  7.587632

Mean Absolute Error (MAE):
         scaler      mean
0  RobustScaler  4.833056
1          None  4.835566

Mean Squared Error (MSE):
         scaler       mean
0  RobustScaler  56.649032
1          None  56.748612

Root Mean Squared Error (RMSE):
         scaler      mean
0  RobustScaler  7.526555
1          None  7.533167
