26.11.2024 22:21:36

BinaryTreeRegressor:

Mean Absolute Error (MAE):
       mean
0  4.632637

Mean Squared Error (MSE):
        mean
0  52.217119

Root Mean Squared Error (RMSE):
       mean
0  7.226141

Mean Absolute Error (MAE):
         scaler      mean
0  RobustScaler  4.409103
1          None  4.412908

Mean Squared Error (MSE):
         scaler       mean
0  RobustScaler  46.021370
1          None  46.066087

Root Mean Squared Error (RMSE):
         scaler      mean
0  RobustScaler  6.783905
1          None  6.787200
