26.11.2024 15:27:09

BinaryTreeRegressor:

Mean Absolute Error (MAE):
       mean
0  3.714462

Mean Squared Error (MSE):
        mean
0  31.550051

Root Mean Squared Error (RMSE):
       mean
0  5.616943

Mean Absolute Error (MAE):
         scaler      mean
1          None  3.646557
0  RobustScaler  3.647502

Mean Squared Error (MSE):
         scaler       mean
0  RobustScaler  30.539477
1          None  30.571714

Root Mean Squared Error (RMSE):
         scaler      mean
0  RobustScaler  5.526253
1          None  5.529169
