26.11.2024 22:20:20

BinaryTreeRegressor:

Mean Absolute Error (MAE):
      mean
0  3.95648

Mean Squared Error (MSE):
        mean
0  42.943987

Root Mean Squared Error (RMSE):
       mean
0  6.553166

Mean Absolute Error (MAE):
         scaler      mean
0  RobustScaler  4.022610
1          None  4.027218

Mean Squared Error (MSE):
         scaler       mean
0  RobustScaler  42.867726
1          None  42.901097

Root Mean Squared Error (RMSE):
         scaler      mean
0  RobustScaler  6.547345
1          None  6.549893
