05.12.2024 16:32:00

scikitlearn:

Mean Absolute Error (MAE):
           model      mean
0     binarytree  4.677918
1  random_forest  3.597889

Mean Squared Error (MSE):
           model       mean
0     binarytree  55.563109
1  random_forest  30.282262

Root Mean Squared Error (RMSE):
           model      mean
0     binarytree  7.454067
1  random_forest  5.502932

Mean Absolute Error (MAE):
         scaler      mean
1          None  4.501041
0  RobustScaler  4.547781

Mean Squared Error (MSE):
         scaler       mean
1          None  51.651603
0  RobustScaler  52.261631

Root Mean Squared Error (RMSE):
         scaler      mean
1          None  7.186905
0  RobustScaler  7.229221
