26.11.2024 23:24:29

scikitlearn:

Mean Absolute Error (MAE):
           model      mean
0     binarytree  4.422905
1  random_forest  3.682257

Mean Squared Error (MSE):
           model       mean
0     binarytree  46.503404
1  random_forest  26.890148

Root Mean Squared Error (RMSE):
           model      mean
0     binarytree  6.819340
1  random_forest  5.185571

Mean Absolute Error (MAE):
         scaler      mean
0  RobustScaler  4.417613
1          None  4.417613

Mean Squared Error (MSE):
         scaler       mean
0  RobustScaler  45.714231
1          None  45.714231

Root Mean Squared Error (RMSE):
         scaler     mean
0  RobustScaler  6.76123
1          None  6.76123
