05.12.2024 16:26:19

scikitlearn:

Mean Absolute Error (MAE):
           model      mean
0     binarytree  4.150657
1  random_forest  3.413697

Mean Squared Error (MSE):
           model       mean
0     binarytree  37.336529
1  random_forest  22.535037

Root Mean Squared Error (RMSE):
           model      mean
0     binarytree  6.110362
1  random_forest  4.747108

Mean Absolute Error (MAE):
         scaler      mean
1          None  4.153012
0  RobustScaler  4.173435

Mean Squared Error (MSE):
         scaler       mean
1          None  35.931478
0  RobustScaler  36.003760

Root Mean Squared Error (RMSE):
         scaler      mean
1          None  5.994287
0  RobustScaler  6.000313
