26.11.2024 23:12:18

BinaryTreeRegressor:

Mean Absolute Error (MAE):
       mean
0  4.804458

Mean Squared Error (MSE):
        mean
0  54.348036

Root Mean Squared Error (RMSE):
       mean
0  7.372112

Mean Absolute Error (MAE):
         scaler     mean
0  RobustScaler  4.92183
1          None  4.92183

Mean Squared Error (MSE):
         scaler       mean
0  RobustScaler  55.545429
1          None  55.545429

Root Mean Squared Error (RMSE):
         scaler      mean
0  RobustScaler  7.452881
1          None  7.452881
