05.12.2024 16:32:21

scikitlearn:

Mean Absolute Error (MAE):
           model      mean
0     binarytree  4.642673
1  random_forest  3.314419

Mean Squared Error (MSE):
           model       mean
0     binarytree  49.284401
1  random_forest  22.996294

Root Mean Squared Error (RMSE):
           model      mean
0     binarytree  7.020285
1  random_forest  4.795445

Mean Absolute Error (MAE):
         scaler      mean
1          None  4.461879
0  RobustScaler  4.474465

Mean Squared Error (MSE):
         scaler       mean
1          None  45.132330
0  RobustScaler  45.425581

Root Mean Squared Error (RMSE):
         scaler     mean
1          None  6.71806
0  RobustScaler  6.73985
