05.12.2024 16:27:34

scikitlearn:

Mean Absolute Error (MAE):
           model      mean
0     binarytree  4.718629
1  random_forest  3.745814

Mean Squared Error (MSE):
           model       mean
0     binarytree  57.078017
1  random_forest  33.352998

Root Mean Squared Error (RMSE):
           model      mean
0     binarytree  7.554999
1  random_forest  5.775205

Mean Absolute Error (MAE):
         scaler      mean
1          None  4.481033
0  RobustScaler  4.512137

Mean Squared Error (MSE):
         scaler       mean
1          None  52.619823
0  RobustScaler  52.849880

Root Mean Squared Error (RMSE):
         scaler      mean
1          None  7.253952
0  RobustScaler  7.269792
