26.11.2024 15:24:38

BinaryTreeRegressor:

Mean Absolute Error (MAE):
       mean
0  3.992854

Mean Squared Error (MSE):
        mean
0  40.117391

Root Mean Squared Error (RMSE):
       mean
0  6.333829

Mean Absolute Error (MAE):
         scaler      mean
1          None  3.877479
0  RobustScaler  3.894623

Mean Squared Error (MSE):
         scaler       mean
1          None  38.689894
0  RobustScaler  39.355315

Root Mean Squared Error (RMSE):
         scaler      mean
1          None  6.220120
0  RobustScaler  6.273381
