26.11.2024 23:04:36

BinaryTreeRegressor:

Mean Absolute Error (MAE):
       mean
0  4.169296

Mean Squared Error (MSE):
        mean
0  41.967629

Root Mean Squared Error (RMSE):
       mean
0  6.478243

Mean Absolute Error (MAE):
         scaler      mean
1          None  4.107452
0  RobustScaler  4.111114

Mean Squared Error (MSE):
         scaler       mean
1          None  40.495278
0  RobustScaler  40.502358

Root Mean Squared Error (RMSE):
         scaler      mean
1          None  6.363590
0  RobustScaler  6.364146
