26.11.2024 23:04:56

BinaryTreeRegressor:

Mean Absolute Error (MAE):
       mean
0  4.477978

Mean Squared Error (MSE):
        mean
0  52.751423

Root Mean Squared Error (RMSE):
       mean
0  7.263018

Mean Absolute Error (MAE):
         scaler      mean
1          None  4.412745
0  RobustScaler  4.413119

Mean Squared Error (MSE):
         scaler       mean
1          None  50.823372
0  RobustScaler  50.951677

Root Mean Squared Error (RMSE):
         scaler      mean
1          None  7.129051
0  RobustScaler  7.138044
