06.12.2024 17:01:00

scikitlearn:

Mean Absolute Error (MAE):
           model      mean
0     binarytree  4.473668
1  random_forest  3.486967

Mean Squared Error (MSE):
           model       mean
0     binarytree  44.750382
1  random_forest  23.872653

Root Mean Squared Error (RMSE):
           model      mean
0     binarytree  6.689573
1  random_forest  4.885965

Mean Absolute Error (MAE):
         scaler      mean
0  RobustScaler  3.789983
1          None  3.789983

Mean Squared Error (MSE):
         scaler       mean
0  RobustScaler  26.808365
1          None  26.808365

Root Mean Squared Error (RMSE):
         scaler      mean
0  RobustScaler  5.177679
1          None  5.177679
