05.12.2024 16:33:23

scikitlearn:

Mean Absolute Error (MAE):
           model      mean
0     binarytree  4.473668
1  random_forest  3.478819

Mean Squared Error (MSE):
           model       mean
0     binarytree  44.750382
1  random_forest  23.359743

Root Mean Squared Error (RMSE):
           model      mean
0     binarytree  6.689573
1  random_forest  4.833192

Mean Absolute Error (MAE):
         scaler      mean
0  RobustScaler  4.327012
1          None  4.327819

Mean Squared Error (MSE):
         scaler       mean
0  RobustScaler  40.340144
1          None  40.357912

Root Mean Squared Error (RMSE):
         scaler      mean
0  RobustScaler  6.351389
1          None  6.352788
