26.11.2024 15:27:19

BinaryTreeRegressor:

Mean Absolute Error (MAE):
       mean
0  4.509322

Mean Squared Error (MSE):
        mean
0  44.575957

Root Mean Squared Error (RMSE):
       mean
0  6.676523

Mean Absolute Error (MAE):
         scaler      mean
1          None  4.194951
0  RobustScaler  4.207802

Mean Squared Error (MSE):
         scaler       mean
1          None  38.374575
0  RobustScaler  38.449432

Root Mean Squared Error (RMSE):
         scaler      mean
1          None  6.194722
0  RobustScaler  6.200761
