09.12.2024 01:43:07
Scoring: RSE
Best score: -0.09917383823501531
best params: OrderedDict({'model__boot_type': True, 'model__max_depth': 40, 'model__max_features': None, 'model__min_samples_split': 2, 'model__nb_samples': 0.9, 'model__nb_trees': 70})
CV results:
                                                                                                                                                                    params  mean_test_score  std_test_score  rank_test_score
27         {'model__boot_type': True, 'model__max_depth': 40, 'model__max_features': None, 'model__min_samples_split': 2, 'model__nb_samples': 0.9, 'model__nb_trees': 70}        -0.099174        0.012690                1
48         {'model__boot_type': True, 'model__max_depth': 90, 'model__max_features': None, 'model__min_samples_split': 2, 'model__nb_samples': 0.9, 'model__nb_trees': 70}        -0.099174        0.012690                1
41         {'model__boot_type': True, 'model__max_depth': 30, 'model__max_features': None, 'model__min_samples_split': 2, 'model__nb_samples': 0.9, 'model__nb_trees': 70}        -0.099174        0.012690                1
29        {'model__boot_type': True, 'model__max_depth': 100, 'model__max_features': None, 'model__min_samples_split': 2, 'model__nb_samples': 0.9, 'model__nb_trees': 70}        -0.099174        0.012690                1
32         {'model__boot_type': True, 'model__max_depth': 50, 'model__max_features': None, 'model__min_samples_split': 2, 'model__nb_samples': 0.9, 'model__nb_trees': 70}        -0.099174        0.012690                1
33         {'model__boot_type': True, 'model__max_depth': 70, 'model__max_features': None, 'model__min_samples_split': 2, 'model__nb_samples': 0.9, 'model__nb_trees': 70}        -0.099174        0.012690                1
34         {'model__boot_type': True, 'model__max_depth': 60, 'model__max_features': None, 'model__min_samples_split': 2, 'model__nb_samples': 0.9, 'model__nb_trees': 70}        -0.099174        0.012690                1
19        {'model__boot_type': True, 'model__max_depth': 20, 'model__max_features': None, 'model__min_samples_split': 2, 'model__nb_samples': 0.9, 'model__nb_trees': 150}        -0.099233        0.013530                8
25       {'model__boot_type': True, 'model__max_depth': 100, 'model__max_features': None, 'model__min_samples_split': 2, 'model__nb_samples': 0.9, 'model__nb_trees': 150}        -0.099233        0.013530                9
24        {'model__boot_type': True, 'model__max_depth': 40, 'model__max_features': None, 'model__min_samples_split': 2, 'model__nb_samples': 0.9, 'model__nb_trees': 150}        -0.099233        0.013530                9
38     {'model__boot_type': True, 'model__max_depth': -1, 'model__max_features': None, 'model__min_samples_split': 2, 'model__nb_samples': 'Full', 'model__nb_trees': 100}        -0.099346        0.014974               11
28         {'model__boot_type': True, 'model__max_depth': 40, 'model__max_features': None, 'model__min_samples_split': 2, 'model__nb_samples': 0.9, 'model__nb_trees': 50}        -0.100163        0.014020               12
14      {'model__boot_type': True, 'model__max_depth': 20, 'model__max_features': 'log2', 'model__min_samples_split': 2, 'model__nb_samples': 0.9, 'model__nb_trees': 150}        -0.101397        0.013029               13
11         {'model__boot_type': True, 'model__max_depth': 20, 'model__max_features': None, 'model__min_samples_split': 2, 'model__nb_samples': 0.9, 'model__nb_trees': 30}        -0.101441        0.013344               14
39    {'model__boot_type': True, 'model__max_depth': 30, 'model__max_features': 'log2', 'model__min_samples_split': 2, 'model__nb_samples': 'Full', 'model__nb_trees': 90}        -0.101735        0.013831               15
16      {'model__boot_type': True, 'model__max_depth': 20, 'model__max_features': 'log2', 'model__min_samples_split': 2, 'model__nb_samples': 0.9, 'model__nb_trees': 200}        -0.102061        0.013849               16
43         {'model__boot_type': True, 'model__max_depth': -1, 'model__max_features': None, 'model__min_samples_split': 2, 'model__nb_samples': 0.8, 'model__nb_trees': 70}        -0.102619        0.015364               17
36         {'model__boot_type': True, 'model__max_depth': 60, 'model__max_features': None, 'model__min_samples_split': 2, 'model__nb_samples': 0.9, 'model__nb_trees': 20}        -0.102940        0.014051               18
31         {'model__boot_type': True, 'model__max_depth': 80, 'model__max_features': None, 'model__min_samples_split': 4, 'model__nb_samples': 0.8, 'model__nb_trees': 60}        -0.104022        0.016589               19
30      {'model__boot_type': False, 'model__max_depth': 10, 'model__max_features': 'log2', 'model__min_samples_split': 3, 'model__nb_samples': 0.8, 'model__nb_trees': 30}        -0.105286        0.013971               20
22      {'model__boot_type': False, 'model__max_depth': 40, 'model__max_features': 'sqrt', 'model__min_samples_split': 4, 'model__nb_samples': 0.9, 'model__nb_trees': 70}        -0.106814        0.016130               21
44         {'model__boot_type': True, 'model__max_depth': -1, 'model__max_features': None, 'model__min_samples_split': 2, 'model__nb_samples': 0.6, 'model__nb_trees': 20}        -0.111931        0.017625               22
12        {'model__boot_type': False, 'model__max_depth': 50, 'model__max_features': None, 'model__min_samples_split': 2, 'model__nb_samples': 0.9, 'model__nb_trees': 30}        -0.115239        0.018876               23
13        {'model__boot_type': False, 'model__max_depth': 90, 'model__max_features': None, 'model__min_samples_split': 2, 'model__nb_samples': 0.9, 'model__nb_trees': 30}        -0.115239        0.018876               23
6    {'model__boot_type': True, 'model__max_depth': 50, 'model__max_features': 'sqrt', 'model__min_samples_split': 3, 'model__nb_samples': 'Full', 'model__nb_trees': 200}        -0.117386        0.016352               25
23        {'model__boot_type': True, 'model__max_depth': 10, 'model__max_features': None, 'model__min_samples_split': 2, 'model__nb_samples': 0.4, 'model__nb_trees': 150}        -0.117961        0.015702               26
8         {'model__boot_type': True, 'model__max_depth': 20, 'model__max_features': None, 'model__min_samples_split': 16, 'model__nb_samples': 0.9, 'model__nb_trees': 30}        -0.118449        0.015662               27
26      {'model__boot_type': True, 'model__max_depth': -1, 'model__max_features': 'sqrt', 'model__min_samples_split': 2, 'model__nb_samples': 0.9, 'model__nb_trees': 150}        -0.119116        0.016530               28
0        {'model__boot_type': True, 'model__max_depth': 90, 'model__max_features': None, 'model__min_samples_split': 17, 'model__nb_samples': 0.8, 'model__nb_trees': 300}        -0.120401        0.015605               29
20        {'model__boot_type': False, 'model__max_depth': 20, 'model__max_features': None, 'model__min_samples_split': 2, 'model__nb_samples': 0.9, 'model__nb_trees': 10}        -0.121835        0.020863               30
15      {'model__boot_type': False, 'model__max_depth': 20, 'model__max_features': 'log2', 'model__min_samples_split': 2, 'model__nb_samples': 0.4, 'model__nb_trees': 80}        -0.123073        0.016605               31
7       {'model__boot_type': True, 'model__max_depth': 90, 'model__max_features': 'log2', 'model__min_samples_split': 9, 'model__nb_samples': 0.7, 'model__nb_trees': 150}        -0.123711        0.014258               32
9        {'model__boot_type': True, 'model__max_depth': 20, 'model__max_features': None, 'model__min_samples_split': 20, 'model__nb_samples': 0.8, 'model__nb_trees': 300}        -0.125394        0.015756               33
40       {'model__boot_type': True, 'model__max_depth': 30, 'model__max_features': 'log2', 'model__min_samples_split': 2, 'model__nb_samples': 0.8, 'model__nb_trees': 10}        -0.125943        0.016963               34
10  {'model__boot_type': False, 'model__max_depth': 50, 'model__max_features': 'sqrt', 'model__min_samples_split': 13, 'model__nb_samples': 'Full', 'model__nb_trees': 70}        -0.126390        0.015870               35
35       {'model__boot_type': True, 'model__max_depth': 10, 'model__max_features': 'log2', 'model__min_samples_split': 2, 'model__nb_samples': 0.5, 'model__nb_trees': 90}        -0.127788        0.015948               36
18    {'model__boot_type': False, 'model__max_depth': 100, 'model__max_features': 'log2', 'model__min_samples_split': 10, 'model__nb_samples': 0.5, 'model__nb_trees': 90}        -0.131032        0.014860               37
42     {'model__boot_type': True, 'model__max_depth': 10, 'model__max_features': None, 'model__min_samples_split': 20, 'model__nb_samples': 'Full', 'model__nb_trees': 10}        -0.131112        0.018812               38
47       {'model__boot_type': False, 'model__max_depth': 40, 'model__max_features': None, 'model__min_samples_split': 20, 'model__nb_samples': 0.9, 'model__nb_trees': 70}        -0.146092        0.023506               39
1       {'model__boot_type': True, 'model__max_depth': 30, 'model__max_features': 'log2', 'model__min_samples_split': 20, 'model__nb_samples': 0.7, 'model__nb_trees': 70}        -0.151253        0.015086               40
21       {'model__boot_type': False, 'model__max_depth': 50, 'model__max_features': None, 'model__min_samples_split': 14, 'model__nb_samples': 0.3, 'model__nb_trees': 90}        -0.155219        0.015295               41
5     {'model__boot_type': False, 'model__max_depth': 50, 'model__max_features': 'log2', 'model__min_samples_split': 11, 'model__nb_samples': 0.3, 'model__nb_trees': 200}        -0.172599        0.014487               42
46     {'model__boot_type': False, 'model__max_depth': 50, 'model__max_features': 'sqrt', 'model__min_samples_split': 20, 'model__nb_samples': 0.6, 'model__nb_trees': 10}        -0.197167        0.018718               43
2         {'model__boot_type': True, 'model__max_depth': 80, 'model__max_features': None, 'model__min_samples_split': 17, 'model__nb_samples': 0.2, 'model__nb_trees': 80}        -0.199613        0.016666               44
45         {'model__boot_type': True, 'model__max_depth': -1, 'model__max_features': None, 'model__min_samples_split': 2, 'model__nb_samples': 0.1, 'model__nb_trees': 20}        -0.206838        0.012533               45
17     {'model__boot_type': False, 'model__max_depth': -1, 'model__max_features': 'sqrt', 'model__min_samples_split': 16, 'model__nb_samples': 0.4, 'model__nb_trees': 40}        -0.209562        0.018596               46
3        {'model__boot_type': False, 'model__max_depth': 30, 'model__max_features': None, 'model__min_samples_split': 19, 'model__nb_samples': 0.2, 'model__nb_trees': 30}        -0.215760        0.016298               47
4       {'model__boot_type': True, 'model__max_depth': 90, 'model__max_features': 'sqrt', 'model__min_samples_split': 14, 'model__nb_samples': 0.3, 'model__nb_trees': 90}        -0.224456        0.020942               48
37     {'model__boot_type': False, 'model__max_depth': 20, 'model__max_features': 'sqrt', 'model__min_samples_split': 16, 'model__nb_samples': 0.2, 'model__nb_trees': 70}        -0.277257        0.020021               49
49    {'model__boot_type': False, 'model__max_depth': 100, 'model__max_features': 'sqrt', 'model__min_samples_split': 16, 'model__nb_samples': 0.2, 'model__nb_trees': 90}        -0.278476        0.020497               50


Scoring: MSE
Best score: -27.31589428952749
best params: OrderedDict({'model__boot_type': True, 'model__max_depth': 20, 'model__max_features': None, 'model__min_samples_split': 2, 'model__nb_samples': 0.9, 'model__nb_trees': 300})
CV results:
                                                                                                                                                                     params  mean_test_score  std_test_score  rank_test_score
41         {'model__boot_type': True, 'model__max_depth': 20, 'model__max_features': None, 'model__min_samples_split': 2, 'model__nb_samples': 0.9, 'model__nb_trees': 300}       -27.315894        2.993051                1
32         {'model__boot_type': True, 'model__max_depth': 50, 'model__max_features': None, 'model__min_samples_split': 2, 'model__nb_samples': 0.9, 'model__nb_trees': 300}       -27.316022        2.992993                2
31         {'model__boot_type': True, 'model__max_depth': 90, 'model__max_features': None, 'model__min_samples_split': 2, 'model__nb_samples': 0.9, 'model__nb_trees': 300}       -27.316022        2.992993                2
29         {'model__boot_type': True, 'model__max_depth': 40, 'model__max_features': None, 'model__min_samples_split': 2, 'model__nb_samples': 0.9, 'model__nb_trees': 300}       -27.316022        2.992993                2
46          {'model__boot_type': True, 'model__max_depth': 50, 'model__max_features': None, 'model__min_samples_split': 2, 'model__nb_samples': 0.9, 'model__nb_trees': 60}       -27.368451        2.909559                5
42          {'model__boot_type': True, 'model__max_depth': 30, 'model__max_features': None, 'model__min_samples_split': 2, 'model__nb_samples': 0.9, 'model__nb_trees': 60}       -27.368451        2.909559                5
23         {'model__boot_type': True, 'model__max_depth': 20, 'model__max_features': None, 'model__min_samples_split': 2, 'model__nb_samples': 0.8, 'model__nb_trees': 300}       -27.714025        3.176524                7
40         {'model__boot_type': True, 'model__max_depth': 70, 'model__max_features': None, 'model__min_samples_split': 2, 'model__nb_samples': 0.8, 'model__nb_trees': 300}       -27.714354        3.176297                8
22         {'model__boot_type': True, 'model__max_depth': 90, 'model__max_features': None, 'model__min_samples_split': 2, 'model__nb_samples': 0.8, 'model__nb_trees': 300}       -27.714354        3.176297                8
34         {'model__boot_type': True, 'model__max_depth': 50, 'model__max_features': None, 'model__min_samples_split': 2, 'model__nb_samples': 0.8, 'model__nb_trees': 300}       -27.714354        3.176297                8
27       {'model__boot_type': True, 'model__max_depth': 50, 'model__max_features': None, 'model__min_samples_split': 2, 'model__nb_samples': 'Full', 'model__nb_trees': 30}       -27.811041        3.624202               11
25    {'model__boot_type': True, 'model__max_depth': 50, 'model__max_features': 'log2', 'model__min_samples_split': 2, 'model__nb_samples': 'Full', 'model__nb_trees': 200}       -27.812927        4.323058               12
11          {'model__boot_type': True, 'model__max_depth': 90, 'model__max_features': None, 'model__min_samples_split': 2, 'model__nb_samples': 0.9, 'model__nb_trees': 30}       -27.945811        2.947498               13
37          {'model__boot_type': True, 'model__max_depth': 50, 'model__max_features': None, 'model__min_samples_split': 2, 'model__nb_samples': 0.9, 'model__nb_trees': 30}       -27.945811        2.947498               13
18          {'model__boot_type': True, 'model__max_depth': 40, 'model__max_features': None, 'model__min_samples_split': 2, 'model__nb_samples': 0.9, 'model__nb_trees': 30}       -27.945811        2.947498               13
10          {'model__boot_type': True, 'model__max_depth': 20, 'model__max_features': None, 'model__min_samples_split': 2, 'model__nb_samples': 0.9, 'model__nb_trees': 30}       -27.945825        2.947475               16
26      {'model__boot_type': True, 'model__max_depth': 10, 'model__max_features': None, 'model__min_samples_split': 2, 'model__nb_samples': 'Full', 'model__nb_trees': 200}       -28.054065        3.147700               17
48          {'model__boot_type': True, 'model__max_depth': 20, 'model__max_features': None, 'model__min_samples_split': 2, 'model__nb_samples': 0.8, 'model__nb_trees': 50}       -28.768631        3.762133               18
47          {'model__boot_type': True, 'model__max_depth': 40, 'model__max_features': None, 'model__min_samples_split': 2, 'model__nb_samples': 0.8, 'model__nb_trees': 50}       -28.769422        3.761671               19
28          {'model__boot_type': True, 'model__max_depth': 20, 'model__max_features': None, 'model__min_samples_split': 2, 'model__nb_samples': 0.8, 'model__nb_trees': 30}       -29.327535        4.176355               20
30          {'model__boot_type': True, 'model__max_depth': 50, 'model__max_features': None, 'model__min_samples_split': 2, 'model__nb_samples': 0.8, 'model__nb_trees': 30}       -29.328819        4.175699               21
44       {'model__boot_type': True, 'model__max_depth': 10, 'model__max_features': None, 'model__min_samples_split': 8, 'model__nb_samples': 'Full', 'model__nb_trees': 30}       -29.378897        3.646013               22
14          {'model__boot_type': True, 'model__max_depth': 20, 'model__max_features': None, 'model__min_samples_split': 2, 'model__nb_samples': 0.7, 'model__nb_trees': 30}       -29.482127        3.577449               23
39          {'model__boot_type': True, 'model__max_depth': 70, 'model__max_features': None, 'model__min_samples_split': 6, 'model__nb_samples': 0.6, 'model__nb_trees': 60}       -30.244806        3.437423               24
38          {'model__boot_type': True, 'model__max_depth': 20, 'model__max_features': None, 'model__min_samples_split': 2, 'model__nb_samples': 0.8, 'model__nb_trees': 20}       -30.273728        4.394948               25
21        {'model__boot_type': True, 'model__max_depth': 20, 'model__max_features': 'log2', 'model__min_samples_split': 2, 'model__nb_samples': 0.9, 'model__nb_trees': 30}       -30.713515        4.747421               26
35          {'model__boot_type': True, 'model__max_depth': 20, 'model__max_features': None, 'model__min_samples_split': 2, 'model__nb_samples': 0.6, 'model__nb_trees': 20}       -30.820370        3.941757               27
43        {'model__boot_type': True, 'model__max_depth': 50, 'model__max_features': 'log2', 'model__min_samples_split': 2, 'model__nb_samples': 0.8, 'model__nb_trees': 30}       -31.265828        5.087115               28
12         {'model__boot_type': False, 'model__max_depth': 90, 'model__max_features': None, 'model__min_samples_split': 2, 'model__nb_samples': 0.9, 'model__nb_trees': 30}       -31.674156        4.164723               29
6     {'model__boot_type': True, 'model__max_depth': 50, 'model__max_features': 'sqrt', 'model__min_samples_split': 3, 'model__nb_samples': 'Full', 'model__nb_trees': 200}       -32.613227        5.591965               30
8          {'model__boot_type': True, 'model__max_depth': 20, 'model__max_features': None, 'model__min_samples_split': 16, 'model__nb_samples': 0.9, 'model__nb_trees': 30}       -32.648921        3.628795               31
0         {'model__boot_type': True, 'model__max_depth': 90, 'model__max_features': None, 'model__min_samples_split': 17, 'model__nb_samples': 0.8, 'model__nb_trees': 300}       -33.207234        3.657377               32
13        {'model__boot_type': True, 'model__max_depth': 30, 'model__max_features': 'log2', 'model__min_samples_split': 2, 'model__nb_samples': 0.9, 'model__nb_trees': 10}       -33.821780        4.560297               33
49       {'model__boot_type': False, 'model__max_depth': 10, 'model__max_features': 'sqrt', 'model__min_samples_split': 3, 'model__nb_samples': 0.8, 'model__nb_trees': 90}       -33.940436        5.182397               34
7        {'model__boot_type': True, 'model__max_depth': 90, 'model__max_features': 'log2', 'model__min_samples_split': 9, 'model__nb_samples': 0.7, 'model__nb_trees': 150}       -34.332942        5.012016               35
9         {'model__boot_type': True, 'model__max_depth': 20, 'model__max_features': None, 'model__min_samples_split': 20, 'model__nb_samples': 0.8, 'model__nb_trees': 300}       -34.603275        3.841459               36
20          {'model__boot_type': True, 'model__max_depth': 10, 'model__max_features': None, 'model__min_samples_split': 4, 'model__nb_samples': 0.4, 'model__nb_trees': 30}       -34.615531        4.189889               37
33          {'model__boot_type': True, 'model__max_depth': 20, 'model__max_features': None, 'model__min_samples_split': 2, 'model__nb_samples': 0.5, 'model__nb_trees': 10}       -35.758156        4.690626               38
36      {'model__boot_type': True, 'model__max_depth': 90, 'model__max_features': 'log2', 'model__min_samples_split': 12, 'model__nb_samples': 0.6, 'model__nb_trees': 300}       -38.067578        5.293074               39
45     {'model__boot_type': False, 'model__max_depth': 100, 'model__max_features': 'sqrt', 'model__min_samples_split': 11, 'model__nb_samples': 0.9, 'model__nb_trees': 10}       -38.463361        6.009547               40
15  {'model__boot_type': False, 'model__max_depth': 40, 'model__max_features': 'sqrt', 'model__min_samples_split': 20, 'model__nb_samples': 'Full', 'model__nb_trees': 100}       -41.071519        6.091486               41
1        {'model__boot_type': True, 'model__max_depth': 30, 'model__max_features': 'log2', 'model__min_samples_split': 20, 'model__nb_samples': 0.7, 'model__nb_trees': 70}       -42.015948        5.951326               42
5      {'model__boot_type': False, 'model__max_depth': 50, 'model__max_features': 'log2', 'model__min_samples_split': 11, 'model__nb_samples': 0.3, 'model__nb_trees': 200}       -48.067927        7.181516               43
2          {'model__boot_type': True, 'model__max_depth': 80, 'model__max_features': None, 'model__min_samples_split': 17, 'model__nb_samples': 0.2, 'model__nb_trees': 80}       -55.561271        8.234959               44
17      {'model__boot_type': False, 'model__max_depth': -1, 'model__max_features': 'sqrt', 'model__min_samples_split': 16, 'model__nb_samples': 0.4, 'model__nb_trees': 40}       -58.416866        9.494371               45
3         {'model__boot_type': False, 'model__max_depth': 30, 'model__max_features': None, 'model__min_samples_split': 19, 'model__nb_samples': 0.2, 'model__nb_trees': 30}       -60.075760        8.759537               46
4        {'model__boot_type': True, 'model__max_depth': 90, 'model__max_features': 'sqrt', 'model__min_samples_split': 14, 'model__nb_samples': 0.3, 'model__nb_trees': 90}       -62.696688       11.021126               47
16          {'model__boot_type': True, 'model__max_depth': 20, 'model__max_features': None, 'model__min_samples_split': 2, 'model__nb_samples': 0.1, 'model__nb_trees': 10}       -63.053019        9.403589               48
19        {'model__boot_type': False, 'model__max_depth': 50, 'model__max_features': None, 'model__min_samples_split': 16, 'model__nb_samples': 0.1, 'model__nb_trees': 40}       -73.889437       10.030666               49
24        {'model__boot_type': True, 'model__max_depth': -1, 'model__max_features': 'sqrt', 'model__min_samples_split': 5, 'model__nb_samples': 0.1, 'model__nb_trees': 60}       -79.207569       13.144819               50


