12.12.2024 14:02:53
Scoring: RSE
Best score: -0.19120078574345334
best params: OrderedDict({'model__n_neighbors': 5, 'model__p': 5, 'model__weights': 'distance'})
CV results:
                                                                     params  mean_test_score  std_test_score  rank_test_score
33   {'model__n_neighbors': 5, 'model__p': 5, 'model__weights': 'distance'}        -0.191201        0.027084                1
46   {'model__n_neighbors': 5, 'model__p': 3, 'model__weights': 'distance'}        -0.191355        0.029256                2
28   {'model__n_neighbors': 6, 'model__p': 3, 'model__weights': 'distance'}        -0.192935        0.026559                3
32   {'model__n_neighbors': 5, 'model__p': 4, 'model__weights': 'distance'}        -0.193108        0.028865                4
26   {'model__n_neighbors': 6, 'model__p': 5, 'model__weights': 'distance'}        -0.194724        0.023930                5
20   {'model__n_neighbors': 8, 'model__p': 2, 'model__weights': 'distance'}        -0.196524        0.026834                6
49   {'model__n_neighbors': 7, 'model__p': 4, 'model__weights': 'distance'}        -0.198466        0.025014                7
29   {'model__n_neighbors': 7, 'model__p': 4, 'model__weights': 'distance'}        -0.198466        0.025014                7
13   {'model__n_neighbors': 9, 'model__p': 1, 'model__weights': 'distance'}        -0.201380        0.023740                9
31   {'model__n_neighbors': 3, 'model__p': 5, 'model__weights': 'distance'}        -0.201764        0.034136               10
10   {'model__n_neighbors': 7, 'model__p': 1, 'model__weights': 'distance'}        -0.202273        0.024272               11
14   {'model__n_neighbors': 8, 'model__p': 5, 'model__weights': 'distance'}        -0.204684        0.026300               12
21   {'model__n_neighbors': 9, 'model__p': 3, 'model__weights': 'distance'}        -0.205205        0.026421               13
22  {'model__n_neighbors': 14, 'model__p': 1, 'model__weights': 'distance'}        -0.210934        0.022863               14
16  {'model__n_neighbors': 17, 'model__p': 1, 'model__weights': 'distance'}        -0.217005        0.023013               15
12  {'model__n_neighbors': 13, 'model__p': 5, 'model__weights': 'distance'}        -0.223011        0.023837               16
40  {'model__n_neighbors': 15, 'model__p': 3, 'model__weights': 'distance'}        -0.223574        0.025780               17
38  {'model__n_neighbors': 23, 'model__p': 1, 'model__weights': 'distance'}        -0.226622        0.023338               18
1   {'model__n_neighbors': 21, 'model__p': 2, 'model__weights': 'distance'}        -0.229712        0.024977               19
23  {'model__n_neighbors': 28, 'model__p': 1, 'model__weights': 'distance'}        -0.234642        0.024486               20
48  {'model__n_neighbors': 30, 'model__p': 1, 'model__weights': 'distance'}        -0.238329        0.024841               21
30    {'model__n_neighbors': 4, 'model__p': 5, 'model__weights': 'uniform'}        -0.241128        0.035255               22
19  {'model__n_neighbors': 18, 'model__p': 5, 'model__weights': 'distance'}        -0.241973        0.022625               23
18  {'model__n_neighbors': 33, 'model__p': 1, 'model__weights': 'distance'}        -0.243374        0.024931               24
7   {'model__n_neighbors': 23, 'model__p': 4, 'model__weights': 'distance'}        -0.252475        0.025507               25
35  {'model__n_neighbors': 39, 'model__p': 1, 'model__weights': 'distance'}        -0.252857        0.028209               26
45  {'model__n_neighbors': 30, 'model__p': 3, 'model__weights': 'distance'}        -0.256200        0.025393               27
37    {'model__n_neighbors': 1, 'model__p': 5, 'model__weights': 'uniform'}        -0.260205        0.052440               28
36  {'model__n_neighbors': 45, 'model__p': 1, 'model__weights': 'distance'}        -0.261873        0.030060               29
9     {'model__n_neighbors': 8, 'model__p': 2, 'model__weights': 'uniform'}        -0.265448        0.032099               30
43  {'model__n_neighbors': 28, 'model__p': 5, 'model__weights': 'distance'}        -0.268262        0.024626               31
17  {'model__n_neighbors': 50, 'model__p': 1, 'model__weights': 'distance'}        -0.269364        0.032388               32
27  {'model__n_neighbors': 33, 'model__p': 5, 'model__weights': 'distance'}        -0.274272        0.024667               33
5   {'model__n_neighbors': 42, 'model__p': 3, 'model__weights': 'distance'}        -0.275083        0.025928               34
41  {'model__n_neighbors': 39, 'model__p': 5, 'model__weights': 'distance'}        -0.283326        0.025537               35
44  {'model__n_neighbors': 45, 'model__p': 5, 'model__weights': 'distance'}        -0.291284        0.025181               36
8    {'model__n_neighbors': 12, 'model__p': 2, 'model__weights': 'uniform'}        -0.294146        0.030449               37
24  {'model__n_neighbors': 50, 'model__p': 5, 'model__weights': 'distance'}        -0.298248        0.026252               38
11   {'model__n_neighbors': 1, 'model__p': 1, 'model__weights': 'distance'}        -0.313261        0.057306               39
15    {'model__n_neighbors': 1, 'model__p': 1, 'model__weights': 'uniform'}        -0.313261        0.057306               40
4    {'model__n_neighbors': 16, 'model__p': 4, 'model__weights': 'uniform'}        -0.328668        0.025378               41
2    {'model__n_neighbors': 16, 'model__p': 4, 'model__weights': 'uniform'}        -0.328668        0.025378               41
6    {'model__n_neighbors': 20, 'model__p': 3, 'model__weights': 'uniform'}        -0.335566        0.027241               43
25   {'model__n_neighbors': 32, 'model__p': 1, 'model__weights': 'uniform'}        -0.349631        0.026556               44
0    {'model__n_neighbors': 21, 'model__p': 5, 'model__weights': 'uniform'}        -0.353977        0.023010               45
47   {'model__n_neighbors': 39, 'model__p': 3, 'model__weights': 'uniform'}        -0.376442        0.024111               46
3    {'model__n_neighbors': 44, 'model__p': 2, 'model__weights': 'uniform'}        -0.380295        0.029680               47
39   {'model__n_neighbors': 37, 'model__p': 5, 'model__weights': 'uniform'}        -0.383621        0.022511               48
42   {'model__n_neighbors': 50, 'model__p': 1, 'model__weights': 'uniform'}        -0.385943        0.034646               49
34   {'model__n_neighbors': 50, 'model__p': 5, 'model__weights': 'uniform'}        -0.404877        0.023641               50


Scoring: MSE
Best score: -52.44499874184108
best params: OrderedDict({'model__n_neighbors': 5, 'model__p': 5, 'model__weights': 'distance'})
CV results:
                                                                     params  mean_test_score  std_test_score  rank_test_score
35   {'model__n_neighbors': 5, 'model__p': 5, 'model__weights': 'distance'}       -52.444999        3.824523                1
34   {'model__n_neighbors': 5, 'model__p': 4, 'model__weights': 'distance'}       -52.967956        4.672099                2
33   {'model__n_neighbors': 4, 'model__p': 5, 'model__weights': 'distance'}       -53.168956        4.013583                3
28   {'model__n_neighbors': 7, 'model__p': 2, 'model__weights': 'distance'}       -53.409074        4.873229                4
24   {'model__n_neighbors': 7, 'model__p': 3, 'model__weights': 'distance'}       -53.883114        5.070476                5
19   {'model__n_neighbors': 8, 'model__p': 2, 'model__weights': 'distance'}       -54.015619        4.971902                6
40   {'model__n_neighbors': 7, 'model__p': 4, 'model__weights': 'distance'}       -54.684094        5.584756                7
23   {'model__n_neighbors': 7, 'model__p': 5, 'model__weights': 'distance'}       -54.839185        5.060515                8
21   {'model__n_neighbors': 9, 'model__p': 2, 'model__weights': 'distance'}       -55.204579        4.868725                9
20   {'model__n_neighbors': 8, 'model__p': 3, 'model__weights': 'distance'}       -55.253413        5.489364               10
22   {'model__n_neighbors': 8, 'model__p': 1, 'model__weights': 'distance'}       -55.483837        4.993385               11
10   {'model__n_neighbors': 9, 'model__p': 1, 'model__weights': 'distance'}       -55.511478        5.270469               12
27   {'model__n_neighbors': 7, 'model__p': 1, 'model__weights': 'distance'}       -55.709423        4.884873               13
14  {'model__n_neighbors': 10, 'model__p': 1, 'model__weights': 'distance'}       -56.151328        5.608298               14
12  {'model__n_neighbors': 13, 'model__p': 1, 'model__weights': 'distance'}       -57.849711        6.186954               15
13  {'model__n_neighbors': 10, 'model__p': 5, 'model__weights': 'distance'}       -58.837067        6.676672               16
1   {'model__n_neighbors': 21, 'model__p': 2, 'model__weights': 'distance'}       -63.614715        7.933849               17
25    {'model__n_neighbors': 3, 'model__p': 3, 'model__weights': 'uniform'}       -64.210113        4.203642               18
41    {'model__n_neighbors': 3, 'model__p': 3, 'model__weights': 'uniform'}       -64.210113        4.203642               18
26    {'model__n_neighbors': 3, 'model__p': 5, 'model__weights': 'uniform'}       -64.557340        4.806045               20
31  {'model__n_neighbors': 28, 'model__p': 1, 'model__weights': 'distance'}       -65.218819        9.546925               21
47  {'model__n_neighbors': 24, 'model__p': 2, 'model__weights': 'distance'}       -65.552372        8.622138               22
16  {'model__n_neighbors': 17, 'model__p': 5, 'model__weights': 'distance'}       -65.981112        7.652072               23
18  {'model__n_neighbors': 32, 'model__p': 1, 'model__weights': 'distance'}       -67.295417       10.053442               24
7   {'model__n_neighbors': 23, 'model__p': 4, 'model__weights': 'distance'}       -70.103313        9.626791               25
39  {'model__n_neighbors': 42, 'model__p': 1, 'model__weights': 'distance'}       -71.510047       11.404012               26
44  {'model__n_neighbors': 32, 'model__p': 3, 'model__weights': 'distance'}       -71.830578       10.270884               27
9     {'model__n_neighbors': 8, 'model__p': 2, 'model__weights': 'uniform'}       -72.905194        4.065185               28
49  {'model__n_neighbors': 29, 'model__p': 4, 'model__weights': 'distance'}       -73.222921        9.983923               29
46  {'model__n_neighbors': 48, 'model__p': 1, 'model__weights': 'distance'}       -74.221727       12.435742               30
17  {'model__n_neighbors': 50, 'model__p': 1, 'model__weights': 'distance'}       -75.042546       12.766258               31
43   {'model__n_neighbors': 10, 'model__p': 1, 'model__weights': 'uniform'}       -76.459446        5.662758               32
5   {'model__n_neighbors': 42, 'model__p': 3, 'model__weights': 'distance'}       -76.512616       11.064444               33
30  {'model__n_neighbors': 36, 'model__p': 5, 'model__weights': 'distance'}       -77.200348       11.197978               34
48   {'model__n_neighbors': 10, 'model__p': 2, 'model__weights': 'uniform'}       -78.447361        5.342980               35
8    {'model__n_neighbors': 12, 'model__p': 2, 'model__weights': 'uniform'}       -81.030741        5.631122               36
32  {'model__n_neighbors': 50, 'model__p': 5, 'model__weights': 'distance'}       -83.006821       12.067512               37
11   {'model__n_neighbors': 1, 'model__p': 1, 'model__weights': 'distance'}       -85.528186        8.799705               38
15    {'model__n_neighbors': 1, 'model__p': 1, 'model__weights': 'uniform'}       -85.528186        8.799705               38
37   {'model__n_neighbors': 17, 'model__p': 3, 'model__weights': 'uniform'}       -90.113859        7.708855               40
4    {'model__n_neighbors': 16, 'model__p': 4, 'model__weights': 'uniform'}       -90.923605        8.182409               41
2    {'model__n_neighbors': 16, 'model__p': 4, 'model__weights': 'uniform'}       -90.923605        8.182409               41
42   {'model__n_neighbors': 22, 'model__p': 2, 'model__weights': 'uniform'}       -91.801241        9.768054               43
6    {'model__n_neighbors': 20, 'model__p': 3, 'model__weights': 'uniform'}       -92.894321        9.175179               44
29   {'model__n_neighbors': 33, 'model__p': 1, 'model__weights': 'uniform'}       -97.676139       13.086105               45
0    {'model__n_neighbors': 21, 'model__p': 5, 'model__weights': 'uniform'}       -98.201271       10.643261               46
36   {'model__n_neighbors': 30, 'model__p': 3, 'model__weights': 'uniform'}       -99.155737       11.090614               47
45   {'model__n_neighbors': 37, 'model__p': 1, 'model__weights': 'uniform'}      -100.267012       14.104376               48
38   {'model__n_neighbors': 37, 'model__p': 1, 'model__weights': 'uniform'}      -100.267012       14.104376               48
3    {'model__n_neighbors': 44, 'model__p': 2, 'model__weights': 'uniform'}      -105.763946       14.208338               50


