09.12.2024 01:39:34
Scoring: RSE
Best score: -0.0831140239168348
best params: OrderedDict({'model__bootstrap': False, 'model__max_depth': 20, 'model__max_features': 'log2', 'model__min_samples_split': 2, 'model__n_estimators': 50})
CV results:
                                                                                                                                             params  mean_test_score  std_test_score  rank_test_score
37     {'model__bootstrap': False, 'model__max_depth': 20, 'model__max_features': 'log2', 'model__min_samples_split': 2, 'model__n_estimators': 50}        -0.083114        0.012851                1
31   {'model__bootstrap': False, 'model__max_depth': None, 'model__max_features': 'log2', 'model__min_samples_split': 2, 'model__n_estimators': 50}        -0.083490        0.013197                2
28     {'model__bootstrap': False, 'model__max_depth': 60, 'model__max_features': 'log2', 'model__min_samples_split': 2, 'model__n_estimators': 50}        -0.083490        0.013197                2
32     {'model__bootstrap': False, 'model__max_depth': 30, 'model__max_features': 'log2', 'model__min_samples_split': 2, 'model__n_estimators': 50}        -0.083490        0.013197                2
23     {'model__bootstrap': False, 'model__max_depth': 40, 'model__max_features': 'log2', 'model__min_samples_split': 2, 'model__n_estimators': 50}        -0.083490        0.013197                2
30     {'model__bootstrap': False, 'model__max_depth': 70, 'model__max_features': 'log2', 'model__min_samples_split': 2, 'model__n_estimators': 50}        -0.083490        0.013197                2
36     {'model__bootstrap': False, 'model__max_depth': 20, 'model__max_features': 'log2', 'model__min_samples_split': 2, 'model__n_estimators': 40}        -0.084055        0.012714                7
20     {'model__bootstrap': False, 'model__max_depth': 30, 'model__max_features': 'log2', 'model__min_samples_split': 2, 'model__n_estimators': 40}        -0.084510        0.013144                8
17    {'model__bootstrap': False, 'model__max_depth': 100, 'model__max_features': 'log2', 'model__min_samples_split': 2, 'model__n_estimators': 40}        -0.084510        0.013144                8
16   {'model__bootstrap': False, 'model__max_depth': None, 'model__max_features': 'log2', 'model__min_samples_split': 2, 'model__n_estimators': 40}        -0.084510        0.013144                8
14     {'model__bootstrap': False, 'model__max_depth': 40, 'model__max_features': 'log2', 'model__min_samples_split': 2, 'model__n_estimators': 40}        -0.084510        0.013144                8
15     {'model__bootstrap': False, 'model__max_depth': 60, 'model__max_features': 'log2', 'model__min_samples_split': 2, 'model__n_estimators': 40}        -0.084510        0.013144                8
22     {'model__bootstrap': False, 'model__max_depth': 50, 'model__max_features': 'log2', 'model__min_samples_split': 2, 'model__n_estimators': 30}        -0.084975        0.014406               13
24   {'model__bootstrap': False, 'model__max_depth': 100, 'model__max_features': 'sqrt', 'model__min_samples_split': 2, 'model__n_estimators': 100}        -0.087504        0.012689               14
18     {'model__bootstrap': False, 'model__max_depth': 10, 'model__max_features': 'log2', 'model__min_samples_split': 2, 'model__n_estimators': 40}        -0.091562        0.014355               15
10       {'model__bootstrap': True, 'model__max_depth': 50, 'model__max_features': None, 'model__min_samples_split': 2, 'model__n_estimators': 100}        -0.095368        0.012824               16
19      {'model__bootstrap': True, 'model__max_depth': 50, 'model__max_features': 'log2', 'model__min_samples_split': 2, 'model__n_estimators': 40}        -0.095370        0.011054               17
29    {'model__bootstrap': False, 'model__max_depth': 70, 'model__max_features': 'log2', 'model__min_samples_split': 10, 'model__n_estimators': 90}        -0.095519        0.011439               18
11        {'model__bootstrap': True, 'model__max_depth': 50, 'model__max_features': None, 'model__min_samples_split': 2, 'model__n_estimators': 70}        -0.096113        0.013556               19
45    {'model__bootstrap': True, 'model__max_depth': None, 'model__max_features': 'log2', 'model__min_samples_split': 4, 'model__n_estimators': 80}        -0.096906        0.012252               20
5     {'model__bootstrap': False, 'model__max_depth': 50, 'model__max_features': 'log2', 'model__min_samples_split': 11, 'model__n_estimators': 40}        -0.099318        0.013222               21
38      {'model__bootstrap': True, 'model__max_depth': 70, 'model__max_features': 'log2', 'model__min_samples_split': 5, 'model__n_estimators': 40}        -0.102359        0.013696               22
39      {'model__bootstrap': True, 'model__max_depth': 80, 'model__max_features': 'log2', 'model__min_samples_split': 5, 'model__n_estimators': 50}        -0.103174        0.013870               23
13    {'model__bootstrap': False, 'model__max_depth': 70, 'model__max_features': 'log2', 'model__min_samples_split': 13, 'model__n_estimators': 40}        -0.103437        0.012013               24
6      {'model__bootstrap': True, 'model__max_depth': 50, 'model__max_features': 'sqrt', 'model__min_samples_split': 3, 'model__n_estimators': 200}        -0.103449        0.015337               25
48    {'model__bootstrap': False, 'model__max_depth': 60, 'model__max_features': 'log2', 'model__min_samples_split': 13, 'model__n_estimators': 20}        -0.107909        0.011621               26
33   {'model__bootstrap': False, 'model__max_depth': 40, 'model__max_features': 'sqrt', 'model__min_samples_split': 12, 'model__n_estimators': 300}        -0.112344        0.014473               27
7       {'model__bootstrap': True, 'model__max_depth': 90, 'model__max_features': 'log2', 'model__min_samples_split': 9, 'model__n_estimators': 90}        -0.112925        0.015064               28
35    {'model__bootstrap': False, 'model__max_depth': 50, 'model__max_features': 'log2', 'model__min_samples_split': 19, 'model__n_estimators': 70}        -0.114881        0.014142               29
40     {'model__bootstrap': True, 'model__max_depth': 80, 'model__max_features': 'log2', 'model__min_samples_split': 11, 'model__n_estimators': 30}        -0.120538        0.012166               30
8       {'model__bootstrap': True, 'model__max_depth': 20, 'model__max_features': None, 'model__min_samples_split': 16, 'model__n_estimators': 150}        -0.125625        0.015675               31
44     {'model__bootstrap': True, 'model__max_depth': 10, 'model__max_features': 'sqrt', 'model__min_samples_split': 7, 'model__n_estimators': 150}        -0.127965        0.014352               32
0       {'model__bootstrap': True, 'model__max_depth': 90, 'model__max_features': None, 'model__min_samples_split': 17, 'model__n_estimators': 100}        -0.128523        0.015662               33
26  {'model__bootstrap': False, 'model__max_depth': 100, 'model__max_features': 'sqrt', 'model__min_samples_split': 19, 'model__n_estimators': 300}        -0.130704        0.013861               34
2        {'model__bootstrap': True, 'model__max_depth': 80, 'model__max_features': None, 'model__min_samples_split': 17, 'model__n_estimators': 20}        -0.135224        0.018352               35
9       {'model__bootstrap': True, 'model__max_depth': 20, 'model__max_features': None, 'model__min_samples_split': 20, 'model__n_estimators': 100}        -0.135469        0.016427               36
27    {'model__bootstrap': False, 'model__max_depth': 80, 'model__max_features': 'sqrt', 'model__min_samples_split': 16, 'model__n_estimators': 10}        -0.137355        0.016895               37
1      {'model__bootstrap': True, 'model__max_depth': 30, 'model__max_features': 'log2', 'model__min_samples_split': 20, 'model__n_estimators': 90}        -0.144616        0.013406               38
41    {'model__bootstrap': True, 'model__max_depth': 20, 'model__max_features': 'sqrt', 'model__min_samples_split': 14, 'model__n_estimators': 300}        -0.147348        0.015389               39
21     {'model__bootstrap': True, 'model__max_depth': 10, 'model__max_features': 'log2', 'model__min_samples_split': 20, 'model__n_estimators': 40}        -0.147469        0.013733               40
34     {'model__bootstrap': True, 'model__max_depth': 50, 'model__max_features': 'sqrt', 'model__min_samples_split': 13, 'model__n_estimators': 50}        -0.148260        0.014891               41
46      {'model__bootstrap': True, 'model__max_depth': 30, 'model__max_features': 'sqrt', 'model__min_samples_split': 9, 'model__n_estimators': 10}        -0.148615        0.017310               42
4      {'model__bootstrap': True, 'model__max_depth': 90, 'model__max_features': 'sqrt', 'model__min_samples_split': 14, 'model__n_estimators': 40}        -0.155867        0.019488               43
12      {'model__bootstrap': False, 'model__max_depth': 50, 'model__max_features': None, 'model__min_samples_split': 2, 'model__n_estimators': 100}        -0.157207        0.026040               44
49     {'model__bootstrap': True, 'model__max_depth': 90, 'model__max_features': 'sqrt', 'model__min_samples_split': 19, 'model__n_estimators': 60}        -0.171824        0.015702               45
25      {'model__bootstrap': False, 'model__max_depth': 70, 'model__max_features': None, 'model__min_samples_split': 12, 'model__n_estimators': 30}        -0.179944        0.030203               46
47    {'model__bootstrap': False, 'model__max_depth': None, 'model__max_features': None, 'model__min_samples_split': 15, 'model__n_estimators': 70}        -0.183661        0.029713               47
42    {'model__bootstrap': False, 'model__max_depth': None, 'model__max_features': None, 'model__min_samples_split': 15, 'model__n_estimators': 10}        -0.183868        0.029684               48
43      {'model__bootstrap': False, 'model__max_depth': 60, 'model__max_features': None, 'model__min_samples_split': 16, 'model__n_estimators': 70}        -0.184565        0.030564               49
3       {'model__bootstrap': False, 'model__max_depth': 30, 'model__max_features': None, 'model__min_samples_split': 19, 'model__n_estimators': 20}        -0.190794        0.027619               50


Scoring: MSE
Best score: -22.603646582539724
best params: OrderedDict({'model__bootstrap': False, 'model__max_depth': 20, 'model__max_features': 'log2', 'model__min_samples_split': 2, 'model__n_estimators': 150})
CV results:
                                                                                                                                            params  mean_test_score  std_test_score  rank_test_score
11   {'model__bootstrap': False, 'model__max_depth': 20, 'model__max_features': 'log2', 'model__min_samples_split': 2, 'model__n_estimators': 150}       -22.603647        3.072337                1
32    {'model__bootstrap': False, 'model__max_depth': 20, 'model__max_features': 'log2', 'model__min_samples_split': 2, 'model__n_estimators': 80}       -22.672889        3.144422                2
44   {'model__bootstrap': False, 'model__max_depth': 90, 'model__max_features': 'log2', 'model__min_samples_split': 2, 'model__n_estimators': 150}       -22.677482        3.052481                3
14   {'model__bootstrap': False, 'model__max_depth': 50, 'model__max_features': 'log2', 'model__min_samples_split': 2, 'model__n_estimators': 150}       -22.677482        3.052481                3
12   {'model__bootstrap': False, 'model__max_depth': 20, 'model__max_features': 'log2', 'model__min_samples_split': 2, 'model__n_estimators': 100}       -22.682227        3.075150                5
22    {'model__bootstrap': False, 'model__max_depth': 20, 'model__max_features': 'log2', 'model__min_samples_split': 2, 'model__n_estimators': 90}       -22.696120        3.186003                6
35  {'model__bootstrap': False, 'model__max_depth': None, 'model__max_features': 'log2', 'model__min_samples_split': 2, 'model__n_estimators': 80}       -22.818229        3.180171                7
31    {'model__bootstrap': False, 'model__max_depth': 20, 'model__max_features': 'log2', 'model__min_samples_split': 2, 'model__n_estimators': 50}       -22.952929        3.346032                8
24    {'model__bootstrap': False, 'model__max_depth': 20, 'model__max_features': 'log2', 'model__min_samples_split': 2, 'model__n_estimators': 60}       -22.962454        3.227306                9
15    {'model__bootstrap': False, 'model__max_depth': 20, 'model__max_features': 'log2', 'model__min_samples_split': 2, 'model__n_estimators': 40}       -23.208565        3.310803               10
36    {'model__bootstrap': False, 'model__max_depth': 20, 'model__max_features': 'log2', 'model__min_samples_split': 2, 'model__n_estimators': 30}       -23.413088        3.609796               11
19   {'model__bootstrap': False, 'model__max_depth': 90, 'model__max_features': 'log2', 'model__min_samples_split': 5, 'model__n_estimators': 150}       -23.537780        2.906421               12
41   {'model__bootstrap': False, 'model__max_depth': 20, 'model__max_features': 'sqrt', 'model__min_samples_split': 2, 'model__n_estimators': 150}       -24.139885        3.668146               13
47    {'model__bootstrap': False, 'model__max_depth': 10, 'model__max_features': 'log2', 'model__min_samples_split': 2, 'model__n_estimators': 80}       -24.889257        3.212810               14
37    {'model__bootstrap': False, 'model__max_depth': 20, 'model__max_features': 'log2', 'model__min_samples_split': 2, 'model__n_estimators': 10}       -25.271943        4.471925               15
40     {'model__bootstrap': True, 'model__max_depth': 20, 'model__max_features': 'log2', 'model__min_samples_split': 2, 'model__n_estimators': 80}       -25.567371        3.177304               16
23  {'model__bootstrap': False, 'model__max_depth': 40, 'model__max_features': 'log2', 'model__min_samples_split': 12, 'model__n_estimators': 150}       -27.407428        3.418219               17
5    {'model__bootstrap': False, 'model__max_depth': 50, 'model__max_features': 'log2', 'model__min_samples_split': 11, 'model__n_estimators': 40}       -27.446568        3.630652               18
20       {'model__bootstrap': True, 'model__max_depth': 80, 'model__max_features': None, 'model__min_samples_split': 5, 'model__n_estimators': 70}       -27.569234        2.875558               19
26   {'model__bootstrap': False, 'model__max_depth': 60, 'model__max_features': 'log2', 'model__min_samples_split': 12, 'model__n_estimators': 70}       -28.062019        3.756524               20
46    {'model__bootstrap': False, 'model__max_depth': 70, 'model__max_features': 'log2', 'model__min_samples_split': 9, 'model__n_estimators': 10}       -28.205677        4.322638               21
6     {'model__bootstrap': True, 'model__max_depth': 50, 'model__max_features': 'sqrt', 'model__min_samples_split': 3, 'model__n_estimators': 200}       -28.676181        4.671503               22
33      {'model__bootstrap': True, 'model__max_depth': 40, 'model__max_features': None, 'model__min_samples_split': 8, 'model__n_estimators': 300}       -28.693618        2.859516               23
34  {'model__bootstrap': False, 'model__max_depth': 100, 'model__max_features': 'log2', 'model__min_samples_split': 15, 'model__n_estimators': 50}       -29.526348        4.132948               24
17     {'model__bootstrap': True, 'model__max_depth': 90, 'model__max_features': 'sqrt', 'model__min_samples_split': 4, 'model__n_estimators': 80}       -30.705969        4.814275               25
7      {'model__bootstrap': True, 'model__max_depth': 90, 'model__max_features': 'log2', 'model__min_samples_split': 9, 'model__n_estimators': 90}       -31.209233        4.134081               26
43      {'model__bootstrap': True, 'model__max_depth': 100, 'model__max_features': None, 'model__min_samples_split': 9, 'model__n_estimators': 20}       -31.523773        3.956842               27
27   {'model__bootstrap': False, 'model__max_depth': 50, 'model__max_features': 'log2', 'model__min_samples_split': 19, 'model__n_estimators': 80}       -31.822706        3.940836               28
30   {'model__bootstrap': False, 'model__max_depth': 60, 'model__max_features': 'sqrt', 'model__min_samples_split': 12, 'model__n_estimators': 60}       -32.273452        4.676489               29
18   {'model__bootstrap': True, 'model__max_depth': 70, 'model__max_features': 'log2', 'model__min_samples_split': 11, 'model__n_estimators': 300}       -32.370532        4.284301               30
8      {'model__bootstrap': True, 'model__max_depth': 20, 'model__max_features': None, 'model__min_samples_split': 16, 'model__n_estimators': 150}       -34.662278        3.814362               31
0      {'model__bootstrap': True, 'model__max_depth': 90, 'model__max_features': None, 'model__min_samples_split': 17, 'model__n_estimators': 100}       -35.482671        3.984285               32
2       {'model__bootstrap': True, 'model__max_depth': 80, 'model__max_features': None, 'model__min_samples_split': 17, 'model__n_estimators': 20}       -37.309803        4.490579               33
29      {'model__bootstrap': True, 'model__max_depth': 80, 'model__max_features': None, 'model__min_samples_split': 17, 'model__n_estimators': 20}       -37.309803        4.490579               33
9      {'model__bootstrap': True, 'model__max_depth': 20, 'model__max_features': None, 'model__min_samples_split': 20, 'model__n_estimators': 100}       -37.399992        4.178215               35
16    {'model__bootstrap': True, 'model__max_depth': 50, 'model__max_features': 'sqrt', 'model__min_samples_split': 10, 'model__n_estimators': 60}       -37.704128        5.255351               36
38    {'model__bootstrap': True, 'model__max_depth': 30, 'model__max_features': 'log2', 'model__min_samples_split': 15, 'model__n_estimators': 20}       -38.225259        5.385956               37
49   {'model__bootstrap': True, 'model__max_depth': 10, 'model__max_features': 'sqrt', 'model__min_samples_split': 10, 'model__n_estimators': 100}       -38.314668        5.420510               38
10   {'model__bootstrap': False, 'model__max_depth': 50, 'model__max_features': 'sqrt', 'model__min_samples_split': 20, 'model__n_estimators': 40}       -38.418330        6.071921               39
48    {'model__bootstrap': True, 'model__max_depth': 40, 'model__max_features': 'sqrt', 'model__min_samples_split': 11, 'model__n_estimators': 50}       -39.241434        5.038488               40
1     {'model__bootstrap': True, 'model__max_depth': 30, 'model__max_features': 'log2', 'model__min_samples_split': 20, 'model__n_estimators': 90}       -40.111437        5.071036               41
4     {'model__bootstrap': True, 'model__max_depth': 90, 'model__max_features': 'sqrt', 'model__min_samples_split': 14, 'model__n_estimators': 40}       -43.152799        5.745814               42
13      {'model__bootstrap': False, 'model__max_depth': 40, 'model__max_features': None, 'model__min_samples_split': 2, 'model__n_estimators': 20}       -43.219984        5.078844               43
21    {'model__bootstrap': True, 'model__max_depth': 60, 'model__max_features': 'sqrt', 'model__min_samples_split': 17, 'model__n_estimators': 70}       -44.596113        6.430635               44
28   {'model__bootstrap': True, 'model__max_depth': 40, 'model__max_features': 'sqrt', 'model__min_samples_split': 18, 'model__n_estimators': 150}       -45.143063        6.643591               45
45    {'model__bootstrap': True, 'model__max_depth': 50, 'model__max_features': 'sqrt', 'model__min_samples_split': 20, 'model__n_estimators': 80}       -48.319275        6.979519               46
39    {'model__bootstrap': True, 'model__max_depth': 90, 'model__max_features': 'sqrt', 'model__min_samples_split': 18, 'model__n_estimators': 30}       -48.828648        6.901962               47
3      {'model__bootstrap': False, 'model__max_depth': 30, 'model__max_features': None, 'model__min_samples_split': 19, 'model__n_estimators': 20}       -52.479312        5.922090               48
25     {'model__bootstrap': False, 'model__max_depth': 10, 'model__max_features': None, 'model__min_samples_split': 18, 'model__n_estimators': 70}       -52.484406        6.725047               49
42    {'model__bootstrap': False, 'model__max_depth': 60, 'model__max_features': None, 'model__min_samples_split': 20, 'model__n_estimators': 300}       -53.170676        5.970831               50


