08.12.2024 19:38:33
Scoring: RSE
Best score: -0.08167004287652026
best params: OrderedDict([('model__bootstrap', False), ('model__max_depth', 30), ('model__max_features', 'log2'), ('model__min_samples_split', 2), ('model__n_estimators', 300)])
CV results:
                                                                                                                                             params  mean_test_score  std_test_score  rank_test_score
25    {'model__bootstrap': False, 'model__max_depth': 30, 'model__max_features': 'log2', 'model__min_samples_split': 2, 'model__n_estimators': 300}        -0.081670        0.011749                1
32     {'model__bootstrap': False, 'model__max_depth': 20, 'model__max_features': 'log2', 'model__min_samples_split': 2, 'model__n_estimators': 90}        -0.082227        0.012603                2
46    {'model__bootstrap': False, 'model__max_depth': 70, 'model__max_features': 'log2', 'model__min_samples_split': 2, 'model__n_estimators': 200}        -0.082366        0.011867                3
31     {'model__bootstrap': False, 'model__max_depth': 20, 'model__max_features': 'log2', 'model__min_samples_split': 2, 'model__n_estimators': 70}        -0.082623        0.012603                4
30     {'model__bootstrap': False, 'model__max_depth': 30, 'model__max_features': 'log2', 'model__min_samples_split': 2, 'model__n_estimators': 90}        -0.082658        0.012533                5
44     {'model__bootstrap': False, 'model__max_depth': 60, 'model__max_features': 'log2', 'model__min_samples_split': 2, 'model__n_estimators': 70}        -0.083142        0.012749                6
26     {'model__bootstrap': False, 'model__max_depth': 30, 'model__max_features': 'log2', 'model__min_samples_split': 2, 'model__n_estimators': 70}        -0.083142        0.012749                6
33     {'model__bootstrap': False, 'model__max_depth': 20, 'model__max_features': 'log2', 'model__min_samples_split': 2, 'model__n_estimators': 60}        -0.083167        0.012595                8
24     {'model__bootstrap': False, 'model__max_depth': 30, 'model__max_features': 'log2', 'model__min_samples_split': 2, 'model__n_estimators': 50}        -0.083490        0.013197                9
18     {'model__bootstrap': False, 'model__max_depth': 20, 'model__max_features': 'log2', 'model__min_samples_split': 4, 'model__n_estimators': 70}        -0.084895        0.012660               10
27     {'model__bootstrap': False, 'model__max_depth': 30, 'model__max_features': 'log2', 'model__min_samples_split': 2, 'model__n_estimators': 30}        -0.084975        0.014406               11
48   {'model__bootstrap': False, 'model__max_depth': None, 'model__max_features': 'log2', 'model__min_samples_split': 2, 'model__n_estimators': 20}        -0.086037        0.013359               12
47    {'model__bootstrap': False, 'model__max_depth': 80, 'model__max_features': 'sqrt', 'model__min_samples_split': 2, 'model__n_estimators': 200}        -0.086692        0.012953               13
21     {'model__bootstrap': False, 'model__max_depth': 20, 'model__max_features': 'sqrt', 'model__min_samples_split': 2, 'model__n_estimators': 70}        -0.088701        0.014161               14
20     {'model__bootstrap': False, 'model__max_depth': 30, 'model__max_features': 'log2', 'model__min_samples_split': 7, 'model__n_estimators': 70}        -0.089429        0.012790               15
19     {'model__bootstrap': False, 'model__max_depth': 10, 'model__max_features': 'log2', 'model__min_samples_split': 2, 'model__n_estimators': 70}        -0.090343        0.013975               16
23     {'model__bootstrap': False, 'model__max_depth': 20, 'model__max_features': 'log2', 'model__min_samples_split': 2, 'model__n_estimators': 10}        -0.091289        0.015742               17
10       {'model__bootstrap': True, 'model__max_depth': 50, 'model__max_features': None, 'model__min_samples_split': 2, 'model__n_estimators': 100}        -0.095368        0.012824               18
29    {'model__bootstrap': False, 'model__max_depth': 70, 'model__max_features': 'log2', 'model__min_samples_split': 10, 'model__n_estimators': 90}        -0.095519        0.011439               19
45    {'model__bootstrap': True, 'model__max_depth': None, 'model__max_features': 'log2', 'model__min_samples_split': 4, 'model__n_estimators': 80}        -0.096906        0.012252               20
17    {'model__bootstrap': False, 'model__max_depth': 40, 'model__max_features': 'log2', 'model__min_samples_split': 11, 'model__n_estimators': 40}        -0.099318        0.013222               21
5     {'model__bootstrap': False, 'model__max_depth': 50, 'model__max_features': 'log2', 'model__min_samples_split': 11, 'model__n_estimators': 40}        -0.099318        0.013222               21
13    {'model__bootstrap': False, 'model__max_depth': 70, 'model__max_features': 'log2', 'model__min_samples_split': 11, 'model__n_estimators': 40}        -0.099318        0.013222               21
15   {'model__bootstrap': False, 'model__max_depth': 100, 'model__max_features': 'log2', 'model__min_samples_split': 11, 'model__n_estimators': 40}        -0.099318        0.013222               21
16  {'model__bootstrap': False, 'model__max_depth': None, 'model__max_features': 'log2', 'model__min_samples_split': 11, 'model__n_estimators': 40}        -0.099318        0.013222               21
37     {'model__bootstrap': False, 'model__max_depth': 40, 'model__max_features': 'sqrt', 'model__min_samples_split': 7, 'model__n_estimators': 70}        -0.100477        0.014434               26
38      {'model__bootstrap': True, 'model__max_depth': 70, 'model__max_features': 'log2', 'model__min_samples_split': 5, 'model__n_estimators': 40}        -0.102359        0.013696               27
39      {'model__bootstrap': True, 'model__max_depth': 80, 'model__max_features': 'log2', 'model__min_samples_split': 5, 'model__n_estimators': 50}        -0.103174        0.013870               28
6      {'model__bootstrap': True, 'model__max_depth': 50, 'model__max_features': 'sqrt', 'model__min_samples_split': 3, 'model__n_estimators': 200}        -0.103449        0.015337               29
11        {'model__bootstrap': True, 'model__max_depth': 50, 'model__max_features': None, 'model__min_samples_split': 2, 'model__n_estimators': 10}        -0.107775        0.015383               30
49      {'model__bootstrap': True, 'model__max_depth': 10, 'model__max_features': 'log2', 'model__min_samples_split': 2, 'model__n_estimators': 10}        -0.110567        0.014227               31
36     {'model__bootstrap': False, 'model__max_depth': 90, 'model__max_features': 'sqrt', 'model__min_samples_split': 5, 'model__n_estimators': 10}        -0.110727        0.017620               32
7       {'model__bootstrap': True, 'model__max_depth': 90, 'model__max_features': 'log2', 'model__min_samples_split': 9, 'model__n_estimators': 90}        -0.112925        0.015064               33
35    {'model__bootstrap': False, 'model__max_depth': 50, 'model__max_features': 'log2', 'model__min_samples_split': 19, 'model__n_estimators': 70}        -0.114881        0.014142               34
40     {'model__bootstrap': True, 'model__max_depth': 80, 'model__max_features': 'log2', 'model__min_samples_split': 11, 'model__n_estimators': 30}        -0.120538        0.012166               35
8       {'model__bootstrap': True, 'model__max_depth': 20, 'model__max_features': None, 'model__min_samples_split': 16, 'model__n_estimators': 150}        -0.125625        0.015675               36
0       {'model__bootstrap': True, 'model__max_depth': 90, 'model__max_features': None, 'model__min_samples_split': 17, 'model__n_estimators': 100}        -0.128523        0.015662               37
2        {'model__bootstrap': True, 'model__max_depth': 80, 'model__max_features': None, 'model__min_samples_split': 17, 'model__n_estimators': 20}        -0.135224        0.018352               38
9       {'model__bootstrap': True, 'model__max_depth': 20, 'model__max_features': None, 'model__min_samples_split': 20, 'model__n_estimators': 100}        -0.135469        0.016427               39
22    {'model__bootstrap': False, 'model__max_depth': 10, 'model__max_features': 'sqrt', 'model__min_samples_split': 19, 'model__n_estimators': 70}        -0.138281        0.015499               40
1      {'model__bootstrap': True, 'model__max_depth': 30, 'model__max_features': 'log2', 'model__min_samples_split': 20, 'model__n_estimators': 90}        -0.144616        0.013406               41
41    {'model__bootstrap': True, 'model__max_depth': 20, 'model__max_features': 'sqrt', 'model__min_samples_split': 14, 'model__n_estimators': 300}        -0.147348        0.015389               42
34     {'model__bootstrap': True, 'model__max_depth': 50, 'model__max_features': 'sqrt', 'model__min_samples_split': 13, 'model__n_estimators': 50}        -0.148260        0.014891               43
4      {'model__bootstrap': True, 'model__max_depth': 90, 'model__max_features': 'sqrt', 'model__min_samples_split': 14, 'model__n_estimators': 40}        -0.155867        0.019488               44
12      {'model__bootstrap': False, 'model__max_depth': 50, 'model__max_features': None, 'model__min_samples_split': 2, 'model__n_estimators': 100}        -0.157207        0.026040               45
14       {'model__bootstrap': False, 'model__max_depth': 60, 'model__max_features': None, 'model__min_samples_split': 2, 'model__n_estimators': 40}        -0.157360        0.025974               46
42    {'model__bootstrap': False, 'model__max_depth': None, 'model__max_features': None, 'model__min_samples_split': 15, 'model__n_estimators': 10}        -0.183868        0.029684               47
43      {'model__bootstrap': False, 'model__max_depth': 60, 'model__max_features': None, 'model__min_samples_split': 16, 'model__n_estimators': 70}        -0.184565        0.030564               48
28     {'model__bootstrap': False, 'model__max_depth': 10, 'model__max_features': None, 'model__min_samples_split': 14, 'model__n_estimators': 100}        -0.186666        0.031456               49
3       {'model__bootstrap': False, 'model__max_depth': 30, 'model__max_features': None, 'model__min_samples_split': 19, 'model__n_estimators': 20}        -0.190794        0.027619               50


Scoring: MSE
Best score: -22.603646582539724
best params: OrderedDict([('model__bootstrap', False), ('model__max_depth', 20), ('model__max_features', 'log2'), ('model__min_samples_split', 2), ('model__n_estimators', 150)])
CV results:
                                                                                                                                             params  mean_test_score  std_test_score  rank_test_score
11    {'model__bootstrap': False, 'model__max_depth': 20, 'model__max_features': 'log2', 'model__min_samples_split': 2, 'model__n_estimators': 150}       -22.603647        3.072337                1
49   {'model__bootstrap': False, 'model__max_depth': None, 'model__max_features': 'log2', 'model__min_samples_split': 3, 'model__n_estimators': 80}       -22.620148        3.232418                2
15    {'model__bootstrap': False, 'model__max_depth': 40, 'model__max_features': 'log2', 'model__min_samples_split': 2, 'model__n_estimators': 150}       -22.677482        3.052481                3
12    {'model__bootstrap': False, 'model__max_depth': 20, 'model__max_features': 'log2', 'model__min_samples_split': 2, 'model__n_estimators': 100}       -22.682227        3.075150                4
27     {'model__bootstrap': False, 'model__max_depth': 20, 'model__max_features': 'log2', 'model__min_samples_split': 2, 'model__n_estimators': 70}       -22.810191        3.217394                5
35     {'model__bootstrap': False, 'model__max_depth': 20, 'model__max_features': 'log2', 'model__min_samples_split': 2, 'model__n_estimators': 50}       -22.952929        3.346032                6
38    {'model__bootstrap': False, 'model__max_depth': 100, 'model__max_features': 'log2', 'model__min_samples_split': 2, 'model__n_estimators': 70}       -22.960385        3.285393                7
23     {'model__bootstrap': False, 'model__max_depth': 20, 'model__max_features': 'log2', 'model__min_samples_split': 2, 'model__n_estimators': 60}       -22.962454        3.227306                8
14     {'model__bootstrap': False, 'model__max_depth': 20, 'model__max_features': 'log2', 'model__min_samples_split': 2, 'model__n_estimators': 40}       -23.208565        3.310803                9
46     {'model__bootstrap': False, 'model__max_depth': 20, 'model__max_features': 'log2', 'model__min_samples_split': 2, 'model__n_estimators': 30}       -23.413088        3.609796               10
45     {'model__bootstrap': False, 'model__max_depth': 20, 'model__max_features': 'log2', 'model__min_samples_split': 2, 'model__n_estimators': 10}       -25.271943        4.471925               11
5     {'model__bootstrap': False, 'model__max_depth': 50, 'model__max_features': 'log2', 'model__min_samples_split': 11, 'model__n_estimators': 40}       -27.446568        3.630652               12
20        {'model__bootstrap': True, 'model__max_depth': 80, 'model__max_features': None, 'model__min_samples_split': 5, 'model__n_estimators': 70}       -27.569234        2.875558               13
40     {'model__bootstrap': True, 'model__max_depth': 20, 'model__max_features': 'log2', 'model__min_samples_split': 6, 'model__n_estimators': 300}       -27.983434        3.648404               14
26    {'model__bootstrap': False, 'model__max_depth': 60, 'model__max_features': 'log2', 'model__min_samples_split': 12, 'model__n_estimators': 70}       -28.062019        3.756524               15
6      {'model__bootstrap': True, 'model__max_depth': 50, 'model__max_features': 'sqrt', 'model__min_samples_split': 3, 'model__n_estimators': 200}       -28.676181        4.671503               16
33       {'model__bootstrap': True, 'model__max_depth': 40, 'model__max_features': None, 'model__min_samples_split': 8, 'model__n_estimators': 300}       -28.693618        2.859516               17
34   {'model__bootstrap': False, 'model__max_depth': 100, 'model__max_features': 'log2', 'model__min_samples_split': 15, 'model__n_estimators': 50}       -29.526348        4.132948               18
19    {'model__bootstrap': False, 'model__max_depth': 50, 'model__max_features': 'log2', 'model__min_samples_split': 14, 'model__n_estimators': 20}       -30.031954        4.416853               19
47      {'model__bootstrap': True, 'model__max_depth': 20, 'model__max_features': 'log2', 'model__min_samples_split': 2, 'model__n_estimators': 10}       -30.358271        3.672071               20
17      {'model__bootstrap': True, 'model__max_depth': 90, 'model__max_features': 'sqrt', 'model__min_samples_split': 4, 'model__n_estimators': 80}       -30.705969        4.814275               21
7       {'model__bootstrap': True, 'model__max_depth': 90, 'model__max_features': 'log2', 'model__min_samples_split': 9, 'model__n_estimators': 90}       -31.209233        4.134081               22
43       {'model__bootstrap': True, 'model__max_depth': 100, 'model__max_features': None, 'model__min_samples_split': 9, 'model__n_estimators': 20}       -31.523773        3.956842               23
22  {'model__bootstrap': False, 'model__max_depth': None, 'model__max_features': 'sqrt', 'model__min_samples_split': 12, 'model__n_estimators': 60}       -32.273452        4.676489               24
30    {'model__bootstrap': False, 'model__max_depth': 60, 'model__max_features': 'sqrt', 'model__min_samples_split': 12, 'model__n_estimators': 60}       -32.273452        4.676489               24
24     {'model__bootstrap': False, 'model__max_depth': 10, 'model__max_features': 'sqrt', 'model__min_samples_split': 7, 'model__n_estimators': 40}       -32.298747        4.536373               26
18    {'model__bootstrap': True, 'model__max_depth': 70, 'model__max_features': 'log2', 'model__min_samples_split': 11, 'model__n_estimators': 300}       -32.370532        4.284301               27
32     {'model__bootstrap': True, 'model__max_depth': 70, 'model__max_features': 'log2', 'model__min_samples_split': 11, 'model__n_estimators': 90}       -32.667672        4.190638               28
44       {'model__bootstrap': True, 'model__max_depth': 70, 'model__max_features': None, 'model__min_samples_split': 13, 'model__n_estimators': 90}       -32.681204        3.509654               29
8       {'model__bootstrap': True, 'model__max_depth': 20, 'model__max_features': None, 'model__min_samples_split': 16, 'model__n_estimators': 150}       -34.662278        3.814362               30
0       {'model__bootstrap': True, 'model__max_depth': 90, 'model__max_features': None, 'model__min_samples_split': 17, 'model__n_estimators': 100}       -35.482671        3.984285               31
42     {'model__bootstrap': True, 'model__max_depth': 90, 'model__max_features': 'log2', 'model__min_samples_split': 14, 'model__n_estimators': 60}       -35.520845        4.191266               32
37     {'model__bootstrap': True, 'model__max_depth': 70, 'model__max_features': 'log2', 'model__min_samples_split': 14, 'model__n_estimators': 30}       -36.539767        4.896915               33
29       {'model__bootstrap': True, 'model__max_depth': 80, 'model__max_features': None, 'model__min_samples_split': 17, 'model__n_estimators': 20}       -37.309803        4.490579               34
2        {'model__bootstrap': True, 'model__max_depth': 80, 'model__max_features': None, 'model__min_samples_split': 17, 'model__n_estimators': 20}       -37.309803        4.490579               34
9       {'model__bootstrap': True, 'model__max_depth': 20, 'model__max_features': None, 'model__min_samples_split': 20, 'model__n_estimators': 100}       -37.399992        4.178215               36
16     {'model__bootstrap': True, 'model__max_depth': 50, 'model__max_features': 'sqrt', 'model__min_samples_split': 10, 'model__n_estimators': 60}       -37.704128        5.255351               37
10    {'model__bootstrap': False, 'model__max_depth': 50, 'model__max_features': 'sqrt', 'model__min_samples_split': 20, 'model__n_estimators': 40}       -38.418330        6.071921               38
31    {'model__bootstrap': True, 'model__max_depth': 60, 'model__max_features': 'sqrt', 'model__min_samples_split': 12, 'model__n_estimators': 150}       -38.859915        5.466870               39
48     {'model__bootstrap': True, 'model__max_depth': 40, 'model__max_features': 'sqrt', 'model__min_samples_split': 11, 'model__n_estimators': 50}       -39.241434        5.038488               40
1      {'model__bootstrap': True, 'model__max_depth': 30, 'model__max_features': 'log2', 'model__min_samples_split': 20, 'model__n_estimators': 90}       -40.111437        5.071036               41
4      {'model__bootstrap': True, 'model__max_depth': 90, 'model__max_features': 'sqrt', 'model__min_samples_split': 14, 'model__n_estimators': 40}       -43.152799        5.745814               42
13       {'model__bootstrap': False, 'model__max_depth': 40, 'model__max_features': None, 'model__min_samples_split': 2, 'model__n_estimators': 20}       -43.219984        5.078844               43
41      {'model__bootstrap': False, 'model__max_depth': 40, 'model__max_features': None, 'model__min_samples_split': 4, 'model__n_estimators': 200}       -43.326467        5.068719               44
36      {'model__bootstrap': False, 'model__max_depth': 100, 'model__max_features': None, 'model__min_samples_split': 5, 'model__n_estimators': 50}       -44.287202        4.980119               45
21     {'model__bootstrap': True, 'model__max_depth': 60, 'model__max_features': 'sqrt', 'model__min_samples_split': 17, 'model__n_estimators': 70}       -44.596113        6.430635               46
28    {'model__bootstrap': True, 'model__max_depth': 40, 'model__max_features': 'sqrt', 'model__min_samples_split': 18, 'model__n_estimators': 150}       -45.143063        6.643591               47
39     {'model__bootstrap': True, 'model__max_depth': 90, 'model__max_features': 'sqrt', 'model__min_samples_split': 18, 'model__n_estimators': 30}       -48.828648        6.901962               48
3       {'model__bootstrap': False, 'model__max_depth': 30, 'model__max_features': None, 'model__min_samples_split': 19, 'model__n_estimators': 20}       -52.479312        5.922090               49
25      {'model__bootstrap': False, 'model__max_depth': 10, 'model__max_features': None, 'model__min_samples_split': 18, 'model__n_estimators': 70}       -52.484406        6.725047               50


