16.11.2022 21:36:01
Scoring: accuracy
Best score: 0.7706018164841693
best params: OrderedDict([('model__alpha', 6.136846982640999), ('model__fit_intercept', True)])
CV results:
   param_model__alpha param_model__fit_intercept  mean_test_score  std_test_score  rank_test_score
20           6.136847                       True         0.770602        0.023646                1
11                0.0                       True         0.770601        0.024497                2
19                0.0                       True         0.770601        0.024497                2
25                0.0                       True         0.770601        0.024497                2
17                0.0                       True         0.770601        0.024497                2
27                0.0                       True         0.770601        0.024497                2
28                0.0                       True         0.770601        0.024497                2
29                0.0                       True         0.770601        0.024497                2
30                0.0                       True         0.770601        0.024497                2
48                0.0                       True         0.770601        0.024497                2
22                0.0                       True         0.770601        0.024497                2
33                0.0                       True         0.770601        0.024497                2
34                0.0                       True         0.770601        0.024497                2
41                0.0                       True         0.770601        0.024497                2
42                0.0                       True         0.770601        0.024497                2
45                0.0                       True         0.770601        0.024497                2
32                0.0                       True         0.770601        0.024497                2
26          11.419686                       True         0.770600        0.023483               18
24           7.968376                       True         0.770471        0.023695               19
47          29.913375                       True         0.770078        0.022651               20
4           30.422952                       True         0.769948        0.022765               21
2            30.42329                       True         0.769948        0.022765               21
7           45.319568                       True         0.769817        0.022367               23
0           41.143727                       True         0.769686        0.022490               24
23          54.399489                       True         0.769165        0.021820               25
40          63.425208                       True         0.769031        0.020621               26
46          55.128704                       True         0.768902        0.021328               27
21          80.229565                       True         0.768250        0.020351               28
12           83.15143                       True         0.767989        0.020343               29
39          94.590235                       True         0.767601        0.020904               30
10          99.993929                       True         0.767600        0.020792               31
36          11.682283                      False         0.737782        0.026166               32
9           13.652458                      False         0.737651        0.025981               33
8           21.834258                      False         0.737521        0.025885               34
44           3.066159                      False         0.737393        0.027399               35
6           39.105381                      False         0.737392        0.025881               36
1           39.982211                      False         0.737392        0.025889               37
38           41.15292                      False         0.737392        0.025889               37
43          33.431225                      False         0.737263        0.025586               39
18           45.23395                      False         0.737130        0.026265               40
14          46.202806                      False         0.737000        0.026553               41
37          61.600205                      False         0.736218        0.026541               42
31          73.026579                      False         0.735827        0.026760               43
49          64.470699                      False         0.735697        0.026368               44
13           71.44741                      False         0.735567        0.026500               45
15          66.531603                      False         0.735567        0.026143               45
3           87.288918                      False         0.735174        0.026694               47
35           86.86539                      False         0.735174        0.026694               47
5           84.131399                      False         0.735045        0.026589               49
16          96.259602                      False         0.734654        0.028116               50


Scoring: recall
Best score: 0.7953109713487072
best params: OrderedDict([('model__alpha', 39.982211211919235), ('model__fit_intercept', False)])
CV results:
   param_model__alpha param_model__fit_intercept  mean_test_score  std_test_score  rank_test_score
24          42.353271                      False         0.795311        0.055444                1
27           42.87135                      False         0.795311        0.055444                1
28          43.111034                      False         0.795311        0.055444                1
29          43.128153                      False         0.795311        0.055444                1
30          43.374206                      False         0.795311        0.055444                1
31          43.520307                      False         0.795311        0.055444                1
32          43.843496                      False         0.795311        0.055444                1
33          43.972912                      False         0.795311        0.055444                1
34          44.123068                      False         0.795311        0.055444                1
35          44.107651                      False         0.795311        0.055444                1
36           44.22069                      False         0.795311        0.055444                1
37          44.361256                      False         0.795311        0.055444                1
39          43.941568                      False         0.795311        0.055444                1
40          44.188671                      False         0.795311        0.055444                1
41          44.258183                      False         0.795311        0.055444                1
42          44.216997                      False         0.795311        0.055444                1
44          44.167118                      False         0.795311        0.055444                1
45          44.123366                      False         0.795311        0.055444                1
46           44.21121                      False         0.795311        0.055444                1
47          43.806589                      False         0.795311        0.055444                1
26          42.639309                      False         0.795311        0.055444                1
25           42.43868                      False         0.795311        0.055444                1
49          43.726272                      False         0.795311        0.055444                1
21          41.011046                      False         0.795311        0.055444                1
1           39.982211                      False         0.795311        0.055444                1
19          41.296504                      False         0.795311        0.055444                1
17          41.385441                      False         0.795311        0.055444                1
16           41.23375                      False         0.795311        0.055444                1
22          41.034334                      False         0.795311        0.055444                1
6           39.105381                      False         0.794941        0.055250               30
48          44.634972                      False         0.794934        0.055011               31
18           45.23395                      False         0.794934        0.055011               31
38          44.575069                      False         0.794934        0.055011               31
14          46.202806                      False         0.794934        0.055011               31
43          44.534095                      False         0.794934        0.055011               31
15          66.531603                      False         0.794172        0.056477               36
8           21.834258                      False         0.794172        0.054842               36
9           13.652458                      False         0.793795        0.053895               38
13           71.44741                      False         0.793795        0.056171               38
23           13.41846                      False         0.793795        0.053895               38
10           0.035098                      False         0.793054        0.054381               41
12           0.043433                      False         0.793054        0.054381               41
5           84.131399                      False         0.792299        0.055517               43
3           87.288918                      False         0.792292        0.055664               44
11           99.98169                      False         0.791174        0.054227               45
20           6.136847                       True         0.554647        0.057628               46
4           30.422952                       True         0.547163        0.056363               47
2            30.42329                       True         0.547163        0.056363               47
0           41.143727                       True         0.543795        0.057681               49
7           45.319568                       True         0.543047        0.056838               50


