15.11.2022 18:14:05
Scoring: accuracy
Best score: 0.7705958747135218
best params: OrderedDict([('model__C', 0.2146836139470405), ('model__class_weight', None), ('model__fit_intercept', True)])
CV results:
   param_model__C param_model__class_weight param_model__fit_intercept  mean_test_score  std_test_score  rank_test_score
42       0.161194                      None                       True         0.770596        0.022308                1
40       0.181136                      None                       True         0.770596        0.022308                1
37       0.206867                      None                       True         0.770596        0.022308                1
33       0.196458                      None                       True         0.770596        0.022308                1
32       0.197003                      None                       True         0.770596        0.022308                1
29       0.193955                      None                       True         0.770596        0.022308                1
26       0.194419                      None                       True         0.770596        0.022308                1
25       0.191966                      None                       True         0.770596        0.022308                1
22       0.214684                      None                       True         0.770596        0.022308                1
41       0.236103                      None                       True         0.770466        0.022276               10
49       0.269912                      None                       True         0.770336        0.022168               11
45       5.844657                      None                       True         0.770206        0.022286               12
44    3035.713488                      None                       True         0.770206        0.022286               12
48  435249.467555                      None                       True         0.770206        0.022286               12
21  152517.622782                      None                       True         0.770206        0.022286               12
18     650.138735                      None                       True         0.770206        0.022286               12
24     128.785681                      None                       True         0.770206        0.022286               12
5    12467.168377                      None                       True         0.770206        0.022286               12
13      1000000.0                      None                       True         0.770206        0.022286               12
16       0.965554                      None                       True         0.770206        0.022286               12
11      28.087002                      None                       True         0.770206        0.022286               12
1        0.062786                      None                       True         0.770076        0.022451               22
46       0.005349                      None                       True         0.767463        0.024185               23
20       0.000373                      None                       True         0.753264        0.031002               24
7        0.274377                  balanced                       True         0.752358        0.029177               25
35      10.691622                  balanced                       True         0.752227        0.029626               26
31   28852.298936                  balanced                       True         0.752227        0.029626               26
17     547.754605                  balanced                       True         0.752227        0.029626               26
12      1000000.0                  balanced                       True         0.752227        0.029626               26
10       0.000001                      None                       True         0.747409        0.032578               30
28       0.001485                  balanced                       True         0.744939        0.032568               31
47        1.60494                      None                      False         0.736093        0.027367               32
30  961811.701867                      None                      False         0.736093        0.027367               32
3     29831.16255                      None                      False         0.736093        0.027367               32
27      53.861115                      None                      False         0.736093        0.027367               32
6        0.049277                      None                      False         0.735963        0.028243               36
0        0.086546                  balanced                      False         0.735302        0.026443               37
23     598.810128                  balanced                      False         0.735040        0.026408               38
15  991728.836971                  balanced                      False         0.735040        0.026408               38
36       9.964506                  balanced                      False         0.735040        0.026408               38
38   37520.341225                  balanced                      False         0.735040        0.026408               38
4        0.004475                  balanced                      False         0.733088        0.028633               42
2        0.004475                  balanced                      False         0.733088        0.028633               42
8        0.000417                      None                      False         0.726310        0.034267               44
39       0.000045                  balanced                      False         0.722916        0.035383               45
9        0.000043                      None                      False         0.722655        0.035427               46
43       0.000041                  balanced                       True         0.722007        0.034806               47
34       0.000001                      None                      False         0.721747        0.035987               48
19       0.000001                  balanced                      False         0.721747        0.035987               48
14       0.000001                  balanced                       True         0.721616        0.036009               50


Scoring: recall
Best score: 0.7952410901467505
best params: OrderedDict([('model__C', 0.004475017684473095), ('model__class_weight', 'balanced'), ('model__fit_intercept', False)])
CV results:
   param_model__C param_model__class_weight param_model__fit_intercept  mean_test_score  std_test_score  rank_test_score
2        0.004475                  balanced                      False         0.795241        0.051157                1
4        0.004475                  balanced                      False         0.795241        0.051157                1
23       0.083938                  balanced                      False         0.794151        0.051896                3
0        0.086546                  balanced                      False         0.793781        0.052077                4
21       0.090211                  balanced                      False         0.793781        0.052077                4
32       0.109314                  balanced                      False         0.793040        0.052299                6
20       0.106548                  balanced                      False         0.793040        0.052299                6
24       0.099766                  balanced                      False         0.793040        0.052299                6
18      1000000.0                  balanced                      False         0.792669        0.052471                9
27  389203.976854                  balanced                      False         0.792669        0.052471                9
26  463804.813887                  balanced                      False         0.792669        0.052471                9
25  728716.900265                  balanced                      False         0.792669        0.052471                9
48       1.246968                  balanced                      False         0.792669        0.052471                9
22    61934.31022                  balanced                      False         0.792669        0.052471                9
39       1.734789                  balanced                      False         0.792669        0.052471                9
19    1846.436934                  balanced                      False         0.792669        0.052471                9
33       0.337775                  balanced                      False         0.792669        0.052471                9
31      21.864739                  balanced                      False         0.792669        0.052471                9
41       3.505828                  balanced                      False         0.792669        0.052471                9
42       3.068051                  balanced                      False         0.792669        0.052471                9
44     227.735733                  balanced                      False         0.792669        0.052471                9
46       1.540503                  balanced                      False         0.792669        0.052471                9
12      1000000.0                  balanced                      False         0.792669        0.052471                9
11      1000000.0                  balanced                      False         0.792669        0.052471                9
10      1000000.0                  balanced                      False         0.792669        0.052471                9
47       1.382427                  balanced                      False         0.792669        0.052471                9
17      1000000.0                  balanced                      False         0.792669        0.052471                9
37    1408.546775                      None                      False         0.791202        0.053653               28
35       1.962748                      None                      False         0.791202        0.053653               28
28      54.717743                      None                      False         0.791202        0.053653               28
49  217216.385703                      None                      False         0.791202        0.053653               28
3     29831.16255                      None                      False         0.791202        0.053653               28
16      1000000.0                      None                      False         0.791202        0.053653               28
6        0.049277                      None                      False         0.790839        0.054204               34
43       0.005332                      None                      False         0.790426        0.054964               35
8        0.000417                      None                      False         0.784025        0.055389               36
34       0.000103                  balanced                      False         0.774298        0.055266               37
9        0.000043                      None                      False         0.770182        0.055597               38
13       0.000001                  balanced                      False         0.769462        0.056219               39
38       0.000001                      None                      False         0.769462        0.056219               39
15       0.000001                  balanced                       True         0.769085        0.056380               41
30       0.000102                  balanced                       True         0.764962        0.053953               42
45       0.002898                  balanced                       True         0.735570        0.058166               43
7        0.274377                  balanced                       True         0.715772        0.053351               44
36    1318.439821                  balanced                       True         0.715024        0.053546               45
14      1000000.0                  balanced                       True         0.715024        0.053546               45
29       0.000001                      None                       True         0.634375        0.053632               47
1        0.062786                      None                       True         0.560964        0.058759               48
5    12467.168377                      None                       True         0.560231        0.058415               49
40    992317.5705                      None                       True         0.560231        0.058415               49


