23.02.2025 01:09:44
History:
                                                                                                                                                           model  ...                                                                                                                                             model_info
25  RandomForestRegressor(input_matrix, RandomForestRegressor__max_depth=200, RandomForestRegressor__max_features=log2, RandomForestRegressor__n_estimators=100)  ...   {'generation': 0, 'mutation_count': 0, 'crossover_count': 0, 'predecessor': ('ROOT',), 'operator_count': 1, 'internal_cv_score': -4.935681902832895}
39  RandomForestRegressor(input_matrix, RandomForestRegressor__max_depth=100, RandomForestRegressor__max_features=None, RandomForestRegressor__n_estimators=700)  ...   {'generation': 0, 'mutation_count': 0, 'crossover_count': 0, 'predecessor': ('ROOT',), 'operator_count': 1, 'internal_cv_score': -4.945282151708318}
31  RandomForestRegressor(input_matrix, RandomForestRegressor__max_depth=200, RandomForestRegressor__max_features=None, RandomForestRegressor__n_estimators=400)  ...   {'generation': 0, 'mutation_count': 0, 'crossover_count': 0, 'predecessor': ('ROOT',), 'operator_count': 1, 'internal_cv_score': -4.954693991904998}
28    RandomForestRegressor(input_matrix, RandomForestRegressor__max_depth=50, RandomForestRegressor__max_features=log2, RandomForestRegressor__n_estimators=30)  ...   {'generation': 0, 'mutation_count': 0, 'crossover_count': 0, 'predecessor': ('ROOT',), 'operator_count': 1, 'internal_cv_score': -5.095617190551668}
35    RandomForestRegressor(input_matrix, RandomForestRegressor__max_depth=10, RandomForestRegressor__max_features=None, RandomForestRegressor__n_estimators=90)  ...    {'generation': 0, 'mutation_count': 0, 'crossover_count': 0, 'predecessor': ('ROOT',), 'operator_count': 1, 'internal_cv_score': -5.09575648707986}
47  RandomForestRegressor(input_matrix, RandomForestRegressor__max_depth=150, RandomForestRegressor__max_features=sqrt, RandomForestRegressor__n_estimators=900)  ...  {'generation': 0, 'mutation_count': 0, 'crossover_count': 0, 'predecessor': ('ROOT',), 'operator_count': 1, 'internal_cv_score': -5.1554921590034235}
43   RandomForestRegressor(input_matrix, RandomForestRegressor__max_depth=30, RandomForestRegressor__max_features=sqrt, RandomForestRegressor__n_estimators=250)  ...   {'generation': 0, 'mutation_count': 0, 'crossover_count': 0, 'predecessor': ('ROOT',), 'operator_count': 1, 'internal_cv_score': -5.179288336749935}
14    RandomForestRegressor(input_matrix, RandomForestRegressor__max_depth=10, RandomForestRegressor__max_features=log2, RandomForestRegressor__n_estimators=90)  ...   {'generation': 0, 'mutation_count': 0, 'crossover_count': 0, 'predecessor': ('ROOT',), 'operator_count': 1, 'internal_cv_score': -5.185262789981041}
22   RandomForestRegressor(input_matrix, RandomForestRegressor__max_depth=200, RandomForestRegressor__max_features=sqrt, RandomForestRegressor__n_estimators=90)  ...    {'generation': 0, 'mutation_count': 0, 'crossover_count': 0, 'predecessor': ('ROOT',), 'operator_count': 1, 'internal_cv_score': -5.24844350334702}
45   RandomForestRegressor(input_matrix, RandomForestRegressor__max_depth=200, RandomForestRegressor__max_features=sqrt, RandomForestRegressor__n_estimators=80)  ...  {'generation': 0, 'mutation_count': 0, 'crossover_count': 0, 'predecessor': ('ROOT',), 'operator_count': 1, 'internal_cv_score': -5.2552904271424605}
21    RandomForestRegressor(input_matrix, RandomForestRegressor__max_depth=30, RandomForestRegressor__max_features=sqrt, RandomForestRegressor__n_estimators=40)  ...   {'generation': 0, 'mutation_count': 0, 'crossover_count': 0, 'predecessor': ('ROOT',), 'operator_count': 1, 'internal_cv_score': -5.296686553260081}
36    RandomForestRegressor(input_matrix, RandomForestRegressor__max_depth=20, RandomForestRegressor__max_features=None, RandomForestRegressor__n_estimators=10)  ...   {'generation': 0, 'mutation_count': 0, 'crossover_count': 0, 'predecessor': ('ROOT',), 'operator_count': 1, 'internal_cv_score': -5.398818134204699}
37    RandomForestRegressor(input_matrix, RandomForestRegressor__max_depth=5, RandomForestRegressor__max_features=None, RandomForestRegressor__n_estimators=250)  ...    {'generation': 0, 'mutation_count': 0, 'crossover_count': 0, 'predecessor': ('ROOT',), 'operator_count': 1, 'internal_cv_score': -6.83397339583223}
0                                                                KNeighborsRegressor(input_matrix, KNeighborsRegressor__n_neighbors=3, KNeighborsRegressor__p=3)  ...    {'generation': 0, 'mutation_count': 0, 'crossover_count': 0, 'predecessor': ('ROOT',), 'operator_count': 1, 'internal_cv_score': -8.80738364800328}
38                                                               KNeighborsRegressor(input_matrix, KNeighborsRegressor__n_neighbors=5, KNeighborsRegressor__p=3)  ...   {'generation': 0, 'mutation_count': 0, 'crossover_count': 0, 'predecessor': ('ROOT',), 'operator_count': 1, 'internal_cv_score': -9.129572825062711}
6                                                                KNeighborsRegressor(input_matrix, KNeighborsRegressor__n_neighbors=5, KNeighborsRegressor__p=5)  ...   {'generation': 0, 'mutation_count': 0, 'crossover_count': 0, 'predecessor': ('ROOT',), 'operator_count': 1, 'internal_cv_score': -9.190619984203215}
15                                                               KNeighborsRegressor(input_matrix, KNeighborsRegressor__n_neighbors=5, KNeighborsRegressor__p=1)  ...   {'generation': 0, 'mutation_count': 0, 'crossover_count': 0, 'predecessor': ('ROOT',), 'operator_count': 1, 'internal_cv_score': -9.365997791181467}
27                                                              KNeighborsRegressor(input_matrix, KNeighborsRegressor__n_neighbors=10, KNeighborsRegressor__p=1)  ...   {'generation': 0, 'mutation_count': 0, 'crossover_count': 0, 'predecessor': ('ROOT',), 'operator_count': 1, 'internal_cv_score': -9.452430339465007}
7                                                                KNeighborsRegressor(input_matrix, KNeighborsRegressor__n_neighbors=3, KNeighborsRegressor__p=1)  ...   {'generation': 0, 'mutation_count': 0, 'crossover_count': 0, 'predecessor': ('ROOT',), 'operator_count': 1, 'internal_cv_score': -9.771351476221268}
11                                                              KNeighborsRegressor(input_matrix, KNeighborsRegressor__n_neighbors=20, KNeighborsRegressor__p=1)  ...  {'generation': 0, 'mutation_count': 0, 'crossover_count': 0, 'predecessor': ('ROOT',), 'operator_count': 1, 'internal_cv_score': -10.346236841778808}
20                                                                                            Ridge(input_matrix, Ridge__alpha=1000, Ridge__fit_intercept=False)  ...   {'generation': 0, 'mutation_count': 0, 'crossover_count': 0, 'predecessor': ('ROOT',), 'operator_count': 1, 'internal_cv_score': -10.47046977908593}
19                                                                                            Lasso(input_matrix, Lasso__alpha=0.01, Lasso__fit_intercept=False)  ...  {'generation': 0, 'mutation_count': 0, 'crossover_count': 0, 'predecessor': ('ROOT',), 'operator_count': 1, 'internal_cv_score': -10.472707179580711}
23                                                                                               Ridge(input_matrix, Ridge__alpha=1, Ridge__fit_intercept=False)  ...  {'generation': 0, 'mutation_count': 0, 'crossover_count': 0, 'predecessor': ('ROOT',), 'operator_count': 1, 'internal_cv_score': -10.472709044292793}
2                                                                                              Ridge(input_matrix, Ridge__alpha=0.1, Ridge__fit_intercept=False)  ...  {'generation': 0, 'mutation_count': 0, 'crossover_count': 0, 'predecessor': ('ROOT',), 'operator_count': 1, 'internal_cv_score': -10.472711537979773}
9                                                                                                Lasso(input_matrix, Lasso__alpha=1, Lasso__fit_intercept=False)  ...  {'generation': 0, 'mutation_count': 0, 'crossover_count': 0, 'predecessor': ('ROOT',), 'operator_count': 1, 'internal_cv_score': -10.474394733469472}
40                                                                                             Ridge(input_matrix, Ridge__alpha=1000, Ridge__fit_intercept=True)  ...  {'generation': 0, 'mutation_count': 0, 'crossover_count': 0, 'predecessor': ('ROOT',), 'operator_count': 1, 'internal_cv_score': -10.483202930722427}
12                                                                                               Ridge(input_matrix, Ridge__alpha=10, Ridge__fit_intercept=True)  ...   {'generation': 0, 'mutation_count': 0, 'crossover_count': 0, 'predecessor': ('ROOT',), 'operator_count': 1, 'internal_cv_score': -10.48574238533521}
10                                                                                                Ridge(input_matrix, Ridge__alpha=1, Ridge__fit_intercept=True)  ...  {'generation': 0, 'mutation_count': 0, 'crossover_count': 0, 'predecessor': ('ROOT',), 'operator_count': 1, 'internal_cv_score': -10.485771448880485}
30                                                                                             Lasso(input_matrix, Lasso__alpha=0.01, Lasso__fit_intercept=True)  ...  {'generation': 0, 'mutation_count': 0, 'crossover_count': 0, 'predecessor': ('ROOT',), 'operator_count': 1, 'internal_cv_score': -10.485771922367078}
8                                                                                               Ridge(input_matrix, Ridge__alpha=0.1, Ridge__fit_intercept=True)  ...  {'generation': 0, 'mutation_count': 0, 'crossover_count': 0, 'predecessor': ('ROOT',), 'operator_count': 1, 'internal_cv_score': -10.485774362175498}
24                                                                                            Lasso(input_matrix, Lasso__alpha=0.001, Lasso__fit_intercept=True)  ...    {'generation': 0, 'mutation_count': 0, 'crossover_count': 0, 'predecessor': ('ROOT',), 'operator_count': 1, 'internal_cv_score': -10.4857743825853}
41                                                                                             Ridge(input_matrix, Ridge__alpha=0.01, Ridge__fit_intercept=True)  ...   {'generation': 0, 'mutation_count': 0, 'crossover_count': 0, 'predecessor': ('ROOT',), 'operator_count': 1, 'internal_cv_score': -10.48577465357452}
17                                                                                            Ridge(input_matrix, Ridge__alpha=0.001, Ridge__fit_intercept=True)  ...   {'generation': 0, 'mutation_count': 0, 'crossover_count': 0, 'predecessor': ('ROOT',), 'operator_count': 1, 'internal_cv_score': -10.48577468271512}
5                                                                                                 Lasso(input_matrix, Lasso__alpha=1, Lasso__fit_intercept=True)  ...  {'generation': 0, 'mutation_count': 0, 'crossover_count': 0, 'predecessor': ('ROOT',), 'operator_count': 1, 'internal_cv_score': -10.488495884553314}
44                                                                                              Lasso(input_matrix, Lasso__alpha=10, Lasso__fit_intercept=False)  ...  {'generation': 0, 'mutation_count': 0, 'crossover_count': 0, 'predecessor': ('ROOT',), 'operator_count': 1, 'internal_cv_score': -10.517490282775178}
13                                                          LinearSVR(input_matrix, LinearSVR__C=0.001, LinearSVR__fit_intercept=True, LinearSVR__max_iter=2000)  ...  {'generation': 0, 'mutation_count': 0, 'crossover_count': 0, 'predecessor': ('ROOT',), 'operator_count': 1, 'internal_cv_score': -10.933321107596724}
4                                                          LinearSVR(input_matrix, LinearSVR__C=0.01, LinearSVR__fit_intercept=False, LinearSVR__max_iter=10000)  ...  {'generation': 0, 'mutation_count': 0, 'crossover_count': 0, 'predecessor': ('ROOT',), 'operator_count': 1, 'internal_cv_score': -11.044237589598175}
42                                                           LinearSVR(input_matrix, LinearSVR__C=0.01, LinearSVR__fit_intercept=True, LinearSVR__max_iter=1000)  ...  {'generation': 0, 'mutation_count': 0, 'crossover_count': 0, 'predecessor': ('ROOT',), 'operator_count': 1, 'internal_cv_score': -12.267609470066313}
26                                                             LinearSVR(input_matrix, LinearSVR__C=1, LinearSVR__fit_intercept=True, LinearSVR__max_iter=10000)  ...  {'generation': 0, 'mutation_count': 0, 'crossover_count': 0, 'predecessor': ('ROOT',), 'operator_count': 1, 'internal_cv_score': -12.645899955627929}
46                                                            LinearSVR(input_matrix, LinearSVR__C=10, LinearSVR__fit_intercept=True, LinearSVR__max_iter=10000)  ...  {'generation': 0, 'mutation_count': 0, 'crossover_count': 0, 'predecessor': ('ROOT',), 'operator_count': 1, 'internal_cv_score': -12.645899955627929}
32                                                          LinearSVR(input_matrix, LinearSVR__C=100, LinearSVR__fit_intercept=False, LinearSVR__max_iter=10000)  ...  {'generation': 0, 'mutation_count': 0, 'crossover_count': 0, 'predecessor': ('ROOT',), 'operator_count': 1, 'internal_cv_score': -12.645930742839829}
3                                                             LinearSVR(input_matrix, LinearSVR__C=1, LinearSVR__fit_intercept=False, LinearSVR__max_iter=10000)  ...  {'generation': 0, 'mutation_count': 0, 'crossover_count': 0, 'predecessor': ('ROOT',), 'operator_count': 1, 'internal_cv_score': -12.645930742839829}
16                                                          LinearSVR(input_matrix, LinearSVR__C=0.1, LinearSVR__fit_intercept=False, LinearSVR__max_iter=10000)  ...   {'generation': 0, 'mutation_count': 0, 'crossover_count': 0, 'predecessor': ('ROOT',), 'operator_count': 1, 'internal_cv_score': -13.41861899849651}
1                                                              LinearSVR(input_matrix, LinearSVR__C=10, LinearSVR__fit_intercept=True, LinearSVR__max_iter=2000)  ...  {'generation': 0, 'mutation_count': 0, 'crossover_count': 0, 'predecessor': ('ROOT',), 'operator_count': 1, 'internal_cv_score': -13.427181708455715}
33                                                             LinearSVR(input_matrix, LinearSVR__C=10, LinearSVR__fit_intercept=True, LinearSVR__max_iter=1000)  ...  {'generation': 0, 'mutation_count': 0, 'crossover_count': 0, 'predecessor': ('ROOT',), 'operator_count': 1, 'internal_cv_score': -15.406611492442371}
34                                                           LinearSVR(input_matrix, LinearSVR__C=0.1, LinearSVR__fit_intercept=False, LinearSVR__max_iter=1000)  ...  {'generation': 0, 'mutation_count': 0, 'crossover_count': 0, 'predecessor': ('ROOT',), 'operator_count': 1, 'internal_cv_score': -15.406611495628487}
29                                                                                            Lasso(input_matrix, Lasso__alpha=1000, Lasso__fit_intercept=False)  ...  {'generation': 0, 'mutation_count': 0, 'crossover_count': 0, 'predecessor': ('ROOT',), 'operator_count': 1, 'internal_cv_score': -16.088864431573423}
18                                                                                             Lasso(input_matrix, Lasso__alpha=1000, Lasso__fit_intercept=True)  ...  {'generation': 0, 'mutation_count': 0, 'crossover_count': 0, 'predecessor': ('ROOT',), 'operator_count': 1, 'internal_cv_score': -16.697178945079695}

[48 rows x 3 columns]


