22.02.2025 12:40:03
Random Seed: 42
folds: 4, repeats: 1
Alpha: 0.85
Max time: 120
Min time: 60
Decrease temperature after 2 iterations
Go to best model after 8 iterations
Inital temperature: 400

Findings:

Best model: RandomForestRegressor(max_depth=50, max_features=None, n_estimators=200)
Best score: 64096.27603434859
Number of reheats: 4
Execution time: 60.72394473950068 minutes
Final temperature: 75.50628495050802
Best iteration: 26
Best results achieved after 55.022534386316934 minutes
Results saved to: C:\Users\englf\OneDrive\Dokumente\Flo\Studium\Mathe\Machine_Learning\Machine-Learning\Exercise_3\waves\results\results_P_100_20250222_134047.csv
History:
        Model rf_n_estimators rf_max_depth rf_max_features LinearSVR_max_iter  ... Lasso_fit_intercept KNN_n_neighbors KNN_p         Metric   Best Metric
0          rf             100           50            log2                NaN  ...                 NaN             NaN   NaN   65124.075515  65124.075515
1          rf              10           50            log2                NaN  ...                 NaN             NaN   NaN   70914.983369  65124.075515
2         KNN             NaN          NaN             NaN                NaN  ...                 NaN              10     5  102016.041347  65124.075515
3          rf             100           50            None                NaN  ...                 NaN             NaN   NaN   64108.152131  64108.152131
4          rf             150           50            None                NaN  ...                 NaN             NaN   NaN    65210.52353  64108.152131
...       ...             ...          ...             ...                ...  ...                 ...             ...   ...            ...           ...
9999995   NaN             NaN          NaN             NaN                NaN  ...                 NaN             NaN   NaN            NaN           NaN
9999996   NaN             NaN          NaN             NaN                NaN  ...                 NaN             NaN   NaN            NaN           NaN
9999997   NaN             NaN          NaN             NaN                NaN  ...                 NaN             NaN   NaN            NaN           NaN
9999998   NaN             NaN          NaN             NaN                NaN  ...                 NaN             NaN   NaN            NaN           NaN
9999999   NaN             NaN          NaN             NaN                NaN  ...                 NaN             NaN   NaN            NaN           NaN

[10000000 rows x 15 columns]


Parameter values: {'rf': {'n_estimators': [10, 20, 30, 40, 50, 60, 70, 80, 90, 100, 150, 200, 250, 300, 350, 400, 500, 600, 700, 800, 900], 'max_depth': [5, 10, 20, 30, 50, 75, 100, 150, 200], 'max_features': ['sqrt', 'log2', None]}, 'LinearSVR': {'max_iter': [1000, 2000, 5000, 10000], 'C': [0.001, 0.01, 0.1, 1, 10, 100, 1000], 'fit_intercept': [True, False]}, 'Ridge': {'alpha': [0.001, 0.01, 0.1, 1, 10, 100, 1000], 'fit_intercept': [True, False]}, 'Lasso': {'alpha': [0.001, 0.01, 0.1, 1, 10, 100, 1000], 'fit_intercept': [True, False]}, 'KNN': {'n_neighbors': [3, 5, 10, 20], 'p': [1, 2, 3, 4, 5]}}
