12.11.2024 10:56:58

Runtime of models:
          model  train_time  pred_time
0     LinearSVC    0.174524   0.018444
1         Ridge    0.092652   0.022379
2  RandomForest  126.585000   1.630719

Holdout results:
             model_score     score
0     LinearSVC Accuracy  0.802566
1           LinearSVC F1  0.677373
2         Ridge Accuracy  0.842490
3               Ridge F1  0.628820
4  RandomForest Accuracy  0.865420
5        RandomForest F1  0.687480

Cross validation results:
                          score          
                           mean       std
model_score                              
LinearSVC Accuracy     0.804897  0.003874
LinearSVC F1           0.677264  0.004874
RandomForest Accuracy  0.865808  0.002606
RandomForest F1        0.683645  0.006844
Ridge Accuracy         0.843708  0.002592
Ridge F1               0.627573  0.006826
