11.11.2024 12:35:02
Scoring: accuracy
Best score: 0.8658121903438722
best params: OrderedDict({'model__max_depth': 30, 'model__max_features': 'sqrt', 'model__min_samples_leaf': 1, 'model__min_samples_split': 20, 'model__n_estimators': 100})
CV results:
                                                                                                                                                 params  mean_test_score  std_test_score  rank_test_score
13    {'model__max_depth': 30, 'model__max_features': 'sqrt', 'model__min_samples_leaf': 1, 'model__min_samples_split': 20, 'model__n_estimators': 100}         0.865812        0.001739                1
3     {'model__max_depth': 90, 'model__max_features': 'sqrt', 'model__min_samples_leaf': 2, 'model__min_samples_split': 19, 'model__n_estimators': 334}         0.865567        0.002170                2
8    {'model__max_depth': 20, 'model__max_features': 'sqrt', 'model__min_samples_leaf': 1, 'model__min_samples_split': 16, 'model__n_estimators': 1646}         0.865239        0.001221                3
6     {'model__max_depth': 40, 'model__max_features': 'sqrt', 'model__min_samples_leaf': 3, 'model__min_samples_split': 3, 'model__n_estimators': 1825}         0.865014        0.001616                4
11    {'model__max_depth': 50, 'model__max_features': 'sqrt', 'model__min_samples_leaf': 1, 'model__min_samples_split': 20, 'model__n_estimators': 146}         0.864911        0.001586                5
1    {'model__max_depth': 40, 'model__max_features': 'sqrt', 'model__min_samples_leaf': 4, 'model__min_samples_split': 20, 'model__n_estimators': 1321}         0.864666        0.001366                6
12    {'model__max_depth': 80, 'model__max_features': 'sqrt', 'model__min_samples_leaf': 1, 'model__min_samples_split': 20, 'model__n_estimators': 306}         0.864645        0.002202                7
15  {'model__max_depth': None, 'model__max_features': 'sqrt', 'model__min_samples_leaf': 1, 'model__min_samples_split': 20, 'model__n_estimators': 199}         0.864522        0.001830                8
21   {'model__max_depth': 30, 'model__max_features': 'sqrt', 'model__min_samples_leaf': 4, 'model__min_samples_split': 10, 'model__n_estimators': 2000}         0.864461        0.001408                9
5     {'model__max_depth': 90, 'model__max_features': 'sqrt', 'model__min_samples_leaf': 4, 'model__min_samples_split': 11, 'model__n_estimators': 560}         0.864461        0.001458               10
16    {'model__max_depth': 70, 'model__max_features': 'sqrt', 'model__min_samples_leaf': 1, 'model__min_samples_split': 20, 'model__n_estimators': 182}         0.864461        0.001833               11
2     {'model__max_depth': 30, 'model__max_features': 'log2', 'model__min_samples_leaf': 1, 'model__min_samples_split': 17, 'model__n_estimators': 342}         0.864440        0.001689               12
14    {'model__max_depth': 60, 'model__max_features': 'sqrt', 'model__min_samples_leaf': 1, 'model__min_samples_split': 20, 'model__n_estimators': 395}         0.864440        0.001893               13
17  {'model__max_depth': 100, 'model__max_features': 'sqrt', 'model__min_samples_leaf': 1, 'model__min_samples_split': 20, 'model__n_estimators': 1577}         0.864440        0.002198               14
27  {'model__max_depth': 100, 'model__max_features': 'sqrt', 'model__min_samples_leaf': 5, 'model__min_samples_split': 20, 'model__n_estimators': 1531}         0.864318        0.001433               15
28    {'model__max_depth': 30, 'model__max_features': 'sqrt', 'model__min_samples_leaf': 1, 'model__min_samples_split': 3, 'model__n_estimators': 2000}         0.864256        0.002556               16
22  {'model__max_depth': 100, 'model__max_features': 'log2', 'model__min_samples_leaf': 1, 'model__min_samples_split': 20, 'model__n_estimators': 1982}         0.863969        0.002003               17
23    {'model__max_depth': 20, 'model__max_features': 'sqrt', 'model__min_samples_leaf': 5, 'model__min_samples_split': 20, 'model__n_estimators': 768}         0.863908        0.001399               18
0    {'model__max_depth': 40, 'model__max_features': 'log2', 'model__min_samples_leaf': 2, 'model__min_samples_split': 17, 'model__n_estimators': 1448}         0.863724        0.001306               19
29    {'model__max_depth': 100, 'model__max_features': 'sqrt', 'model__min_samples_leaf': 5, 'model__min_samples_split': 3, 'model__n_estimators': 147}         0.863560        0.001503               20
4     {'model__max_depth': 30, 'model__max_features': 'log2', 'model__min_samples_leaf': 3, 'model__min_samples_split': 14, 'model__n_estimators': 549}         0.863253        0.001295               21
18   {'model__max_depth': 70, 'model__max_features': 'log2', 'model__min_samples_leaf': 1, 'model__min_samples_split': 11, 'model__n_estimators': 1957}         0.863069        0.001014               22
7     {'model__max_depth': 40, 'model__max_features': 'log2', 'model__min_samples_leaf': 4, 'model__min_samples_split': 9, 'model__n_estimators': 1296}         0.862680        0.001668               23
25    {'model__max_depth': 30, 'model__max_features': 'log2', 'model__min_samples_leaf': 4, 'model__min_samples_split': 20, 'model__n_estimators': 100}         0.861083        0.001402               24
9    {'model__max_depth': 10, 'model__max_features': 'sqrt', 'model__min_samples_leaf': 2, 'model__min_samples_split': 20, 'model__n_estimators': 1447}         0.860776        0.001389               25
24    {'model__max_depth': 10, 'model__max_features': 'sqrt', 'model__min_samples_leaf': 2, 'model__min_samples_split': 3, 'model__n_estimators': 1999}         0.860673        0.001202               26
19     {'model__max_depth': 10, 'model__max_features': 'sqrt', 'model__min_samples_leaf': 5, 'model__min_samples_split': 5, 'model__n_estimators': 106}         0.859301        0.001216               27
26   {'model__max_depth': 10, 'model__max_features': 'log2', 'model__min_samples_leaf': 1, 'model__min_samples_split': 20, 'model__n_estimators': 1820}         0.855698        0.001307               28
20    {'model__max_depth': 100, 'model__max_features': 'log2', 'model__min_samples_leaf': 1, 'model__min_samples_split': 2, 'model__n_estimators': 109}         0.854265        0.001230               29
10     {'model__max_depth': 10, 'model__max_features': 'log2', 'model__min_samples_leaf': 4, 'model__min_samples_split': 7, 'model__n_estimators': 331}         0.854060        0.001227               30


Scoring: f1
Best score: 0.6867298145959453
best params: OrderedDict({'model__max_depth': 40, 'model__max_features': 'sqrt', 'model__min_samples_leaf': 1, 'model__min_samples_split': 20, 'model__n_estimators': 2000})
CV results:
                                                                                                                                                  params  mean_test_score  std_test_score  rank_test_score
10    {'model__max_depth': 40, 'model__max_features': 'sqrt', 'model__min_samples_leaf': 1, 'model__min_samples_split': 20, 'model__n_estimators': 2000}         0.686730        0.005029                1
17   {'model__max_depth': None, 'model__max_features': 'sqrt', 'model__min_samples_leaf': 1, 'model__min_samples_split': 19, 'model__n_estimators': 798}         0.686246        0.004905                2
11    {'model__max_depth': 60, 'model__max_features': 'sqrt', 'model__min_samples_leaf': 1, 'model__min_samples_split': 20, 'model__n_estimators': 1837}         0.686154        0.005617                3
18   {'model__max_depth': None, 'model__max_features': 'sqrt', 'model__min_samples_leaf': 1, 'model__min_samples_split': 20, 'model__n_estimators': 100}         0.685839        0.005402                4
12   {'model__max_depth': 100, 'model__max_features': 'sqrt', 'model__min_samples_leaf': 1, 'model__min_samples_split': 20, 'model__n_estimators': 1762}         0.685485        0.005411                5
16     {'model__max_depth': 70, 'model__max_features': 'sqrt', 'model__min_samples_leaf': 1, 'model__min_samples_split': 20, 'model__n_estimators': 182}         0.685449        0.005641                6
13    {'model__max_depth': 50, 'model__max_features': 'sqrt', 'model__min_samples_leaf': 1, 'model__min_samples_split': 20, 'model__n_estimators': 1609}         0.685409        0.005246                7
19  {'model__max_depth': None, 'model__max_features': 'sqrt', 'model__min_samples_leaf': 1, 'model__min_samples_split': 20, 'model__n_estimators': 2000}         0.685202        0.004953                8
15     {'model__max_depth': 80, 'model__max_features': 'sqrt', 'model__min_samples_leaf': 1, 'model__min_samples_split': 20, 'model__n_estimators': 105}         0.684680        0.006313                9
28     {'model__max_depth': 30, 'model__max_features': 'sqrt', 'model__min_samples_leaf': 1, 'model__min_samples_split': 20, 'model__n_estimators': 100}         0.684563        0.004251               10
3      {'model__max_depth': 90, 'model__max_features': 'sqrt', 'model__min_samples_leaf': 2, 'model__min_samples_split': 19, 'model__n_estimators': 334}         0.683501        0.006606               11
23      {'model__max_depth': 30, 'model__max_features': 'sqrt', 'model__min_samples_leaf': 1, 'model__min_samples_split': 2, 'model__n_estimators': 100}         0.682994        0.005208               12
26   {'model__max_depth': None, 'model__max_features': 'log2', 'model__min_samples_leaf': 1, 'model__min_samples_split': 20, 'model__n_estimators': 100}         0.682435        0.006141               13
6      {'model__max_depth': 40, 'model__max_features': 'sqrt', 'model__min_samples_leaf': 3, 'model__min_samples_split': 3, 'model__n_estimators': 1825}         0.680796        0.005796               14
2      {'model__max_depth': 30, 'model__max_features': 'log2', 'model__min_samples_leaf': 1, 'model__min_samples_split': 17, 'model__n_estimators': 342}         0.678961        0.004877               15
1     {'model__max_depth': 40, 'model__max_features': 'sqrt', 'model__min_samples_leaf': 4, 'model__min_samples_split': 20, 'model__n_estimators': 1321}         0.678689        0.004964               16
5      {'model__max_depth': 90, 'model__max_features': 'sqrt', 'model__min_samples_leaf': 4, 'model__min_samples_split': 11, 'model__n_estimators': 560}         0.678417        0.005276               17
8     {'model__max_depth': 20, 'model__max_features': 'sqrt', 'model__min_samples_leaf': 1, 'model__min_samples_split': 16, 'model__n_estimators': 1646}         0.677516        0.004602               18
27   {'model__max_depth': None, 'model__max_features': 'sqrt', 'model__min_samples_leaf': 5, 'model__min_samples_split': 20, 'model__n_estimators': 808}         0.677087        0.005774               19
25    {'model__max_depth': None, 'model__max_features': 'sqrt', 'model__min_samples_leaf': 1, 'model__min_samples_split': 2, 'model__n_estimators': 100}         0.676829        0.005965               20
0     {'model__max_depth': 40, 'model__max_features': 'log2', 'model__min_samples_leaf': 2, 'model__min_samples_split': 17, 'model__n_estimators': 1448}         0.674880        0.004552               21
29   {'model__max_depth': None, 'model__max_features': 'log2', 'model__min_samples_leaf': 1, 'model__min_samples_split': 2, 'model__n_estimators': 1514}         0.673561        0.005739               22
22     {'model__max_depth': 20, 'model__max_features': 'sqrt', 'model__min_samples_leaf': 5, 'model__min_samples_split': 19, 'model__n_estimators': 403}         0.672148        0.004290               23
4      {'model__max_depth': 30, 'model__max_features': 'log2', 'model__min_samples_leaf': 3, 'model__min_samples_split': 14, 'model__n_estimators': 549}         0.670592        0.005887               24
20     {'model__max_depth': 20, 'model__max_features': 'log2', 'model__min_samples_leaf': 1, 'model__min_samples_split': 19, 'model__n_estimators': 100}         0.668996        0.006235               25
7      {'model__max_depth': 40, 'model__max_features': 'log2', 'model__min_samples_leaf': 4, 'model__min_samples_split': 9, 'model__n_estimators': 1296}         0.667532        0.006671               26
9     {'model__max_depth': 10, 'model__max_features': 'sqrt', 'model__min_samples_leaf': 2, 'model__min_samples_split': 20, 'model__n_estimators': 1447}         0.652891        0.004941               27
21      {'model__max_depth': 10, 'model__max_features': 'sqrt', 'model__min_samples_leaf': 5, 'model__min_samples_split': 2, 'model__n_estimators': 210}         0.650026        0.005391               28
14    {'model__max_depth': 10, 'model__max_features': 'log2', 'model__min_samples_leaf': 1, 'model__min_samples_split': 16, 'model__n_estimators': 1461}         0.629730        0.006283               29
24    {'model__max_depth': 10, 'model__max_features': 'log2', 'model__min_samples_leaf': 5, 'model__min_samples_split': 18, 'model__n_estimators': 1915}         0.618934        0.005569               30


