11.11.2024 09:31:43
Scoring: accuracy
Best score: 0.8531263463651629
best params: OrderedDict([('model__C', 679.519505038145), ('model__class_weight', None), ('model__dual', False), ('model__fit_intercept', True)])
CV results:
    param_model__C param_model__class_weight  param_model__fit_intercept  param_model__dual  mean_test_score  std_test_score  rank_test_score
23      679.519505                      None                        True              False         0.853126        0.002959                1
5     12467.168377                      None                       False              False         0.853122        0.002965                2
29      169.970454                      None                       False              False         0.853122        0.002967                2
15    50359.789530                      None                        True              False         0.853122        0.002949                2
10       30.116926                      None                       False              False         0.853122        0.002966                5
32       29.468325                      None                        True               True         0.853118        0.002947                6
36       49.235078                      None                       False               True         0.853118        0.002938                6
26   268047.432853                      None                       False              False         0.853114        0.002976                8
12  1000000.000000                      None                        True              False         0.853110        0.002956                9
20        1.302578                      None                        True              False         0.853102        0.002958               10
31       91.050828                      None                        True               True         0.853102        0.002964               11
24        4.172595                      None                       False               True         0.853094        0.002955               12
25        0.761440                      None                       False               True         0.853089        0.002962               13
27        2.257035                      None                        True               True         0.853089        0.002952               14
1         0.062786                      None                       False              False         0.853040        0.002892               15
6         0.049277                      None                        True               True         0.853032        0.002819               16
40        0.017357                      None                        True              False         0.853024        0.002857               17
22        0.031078                      None                       False               True         0.852975        0.002868               18
41        0.009466                      None                        True              False         0.852848        0.002711               19
42        0.008972                      None                        True              False         0.852815        0.002697               20
43        0.008885                      None                        True              False         0.852807        0.002687               21
44        0.008856                      None                        True              False         0.852795        0.002685               22
46        0.008757                      None                        True              False         0.852778        0.002687               23
49        0.007604                      None                        True               True         0.852655        0.002700               24
35        0.008837                      None                       False               True         0.852635        0.002638               25
38        0.008753                      None                       False               True         0.852627        0.002646               26
37        0.008630                      None                       False               True         0.852610        0.002693               27
19        0.006663                      None                        True               True         0.852504        0.002591               28
21        0.004635                      None                       False              False         0.852041        0.002574               29
47        0.000909                      None                        True              False         0.849896        0.002426               30
8         0.000417                      None                       False               True         0.847246        0.002465               31
11        0.000092                      None                        True              False         0.836436        0.001975               32
9         0.000043                      None                       False               True         0.825294        0.001957               33
48     7490.039936                  balanced                       False               True         0.807096        0.038526               34
7         0.274377                  balanced                        True              False         0.804902        0.003795               35
17      307.496543                  balanced                       False              False         0.804885        0.003751               36
34    21418.036194                  balanced                        True              False         0.804885        0.003748               37
16  1000000.000000                  balanced                        True              False         0.804877        0.003760               38
30      165.912609                  balanced                        True               True         0.804791        0.003734               39
0         0.086546                  balanced                       False               True         0.804738        0.003824               40
2         0.004475                  balanced                       False               True         0.802891        0.003635               41
4         0.004475                  balanced                       False               True         0.802891        0.003635               41
33        0.002146                  balanced                       False              False         0.801392        0.003741               43
3     29831.162550                      None                       False               True         0.791499        0.036142               44
28        0.000001                      None                       False              False         0.774882        0.001221               45
45        0.000001                      None                        True               True         0.769088        0.000840               46
39   962664.023753                      None                        True               True         0.758957        0.064950               47
13  1000000.000000                  balanced                        True               True         0.758342        0.077534               48
18        0.000001                  balanced                        True               True         0.692740        0.004163               49
14        0.000001                  balanced                       False              False         0.685074        0.004254               50


Scoring: f1
Best score: 0.6772725007126023
best params: OrderedDict([('model__C', 0.2743773053716827), ('model__class_weight', 'balanced'), ('model__dual', False), ('model__fit_intercept', True)])
CV results:
    param_model__C param_model__class_weight  param_model__fit_intercept  param_model__dual  mean_test_score  std_test_score  rank_test_score
7         0.274377                  balanced                        True              False         0.677273        0.004776                1
15        3.493908                  balanced                        True               True         0.677245        0.004738                2
14        7.339157                  balanced                       False              False         0.677240        0.004745                3
13        1.527287                  balanced                       False               True         0.677236        0.004766                4
21      258.801762                  balanced                       False              False         0.677236        0.004732                5
10        0.154743                  balanced                        True              False         0.677235        0.004741                6
27  1000000.000000                  balanced                        True              False         0.677231        0.004743                7
17      690.295568                  balanced                       False              False         0.677231        0.004750                8
31   281066.519498                  balanced                       False              False         0.677231        0.004742                9
22       23.001412                  balanced                        True               True         0.677227        0.004744               10
30    53864.726235                  balanced                        True              False         0.677227        0.004744               11
16       63.731568                  balanced                        True               True         0.677207        0.004755               12
0         0.086546                  balanced                       False               True         0.677177        0.004774               13
46        0.066496                  balanced                       False               True         0.677118        0.004790               14
40        0.053425                  balanced                       False               True         0.677075        0.004769               15
45        0.054691                  balanced                       False               True         0.677066        0.004770               16
38        0.054094                  balanced                       False               True         0.677066        0.004770               17
47        0.040976                  balanced                        True               True         0.677057        0.004694               18
36        0.039725                  balanced                        True               True         0.677047        0.004680               19
43        0.051662                  balanced                       False               True         0.677039        0.004784               20
35        0.052004                  balanced                       False               True         0.677029        0.004772               21
37        0.037325                  balanced                       False               True         0.677028        0.004686               22
12        0.017893                  balanced                        True              False         0.677019        0.004501               23
33        0.028541                  balanced                        True               True         0.677018        0.004589               24
39        0.043556                  balanced                       False               True         0.676997        0.004738               25
42        0.036513                  balanced                       False               True         0.676996        0.004657               26
41        0.031539                  balanced                       False               True         0.676987        0.004633               27
49        0.044509                  balanced                       False               True         0.676970        0.004750               28
44        0.044534                  balanced                       False               True         0.676961        0.004741               29
2         0.004475                  balanced                       False               True         0.675711        0.004688               30
4         0.004475                  balanced                       False               True         0.675711        0.004688               30
23        0.001472                  balanced                        True              False         0.674188        0.004784               32
19        0.000427                  balanced                        True              False         0.669686        0.004296               33
11     4341.366207                      None                       False              False         0.659318        0.007038               34
5     12467.168377                      None                       False              False         0.659318        0.007038               34
28  1000000.000000                      None                        True              False         0.659286        0.007011               36
26        3.139059                      None                        True              False         0.659242        0.007018               37
29        0.272304                      None                        True              False         0.659017        0.007004               38
1         0.062786                      None                       False              False         0.658700        0.006865               39
6         0.049277                      None                        True               True         0.658622        0.006769               40
48        0.034592                      None                       False               True         0.658332        0.006842               41
34        0.012601                      None                        True               True         0.657471        0.006853               42
25        0.014866                      None                       False               True         0.657450        0.006743               43
20        0.000037                  balanced                       False               True         0.648617        0.004755               44
18     4275.767821                  balanced                        True               True         0.643579        0.028610               45
8         0.000417                      None                       False               True         0.629525        0.006679               46
3     29831.162550                      None                       False               True         0.555264        0.109243               47
9         0.000043                      None                       False               True         0.527424        0.006535               48
32  1000000.000000                  balanced                       False               True         0.477143        0.137893               49
24        0.000001                      None                        True              False         0.073434        0.005734               50


