12.11.2024 00:59:54
Scoring: accuracy
Best score: 0.853126346365163
best params: OrderedDict({'model__C': 50359.789529752066, 'model__class_weight': None, 'model__dual': False, 'model__fit_intercept': True})
CV results:
    param_model__C param_model__class_weight  param_model__fit_intercept  param_model__dual  mean_test_score  std_test_score  rank_test_score
15    50359.789530                      None                        True              False         0.853126        0.002960                1
5     12467.168377                      None                       False              False         0.853122        0.002965                2
10       30.116926                      None                       False              False         0.853122        0.002966                3
36       49.124075                      None                       False               True         0.853122        0.002958                4
23      678.770935                      None                        True              False         0.853118        0.002956                5
26   267783.043821                      None                       False              False         0.853114        0.002960                6
32       29.380042                      None                        True               True         0.853110        0.002956                7
12  1000000.000000                      None                        True              False         0.853110        0.002956                8
29      169.370857                      None                       False              False         0.853106        0.002962                9
31       91.050828                      None                        True               True         0.853102        0.002964               10
20        1.302737                      None                        True              False         0.853098        0.002963               11
24        4.173341                      None                       False               True         0.853094        0.002955               12
25        0.761643                      None                       False               True         0.853089        0.002962               13
27        2.261628                      None                        True               True         0.853089        0.002952               14
1         0.062786                      None                       False              False         0.853040        0.002892               15
6         0.049277                      None                        True               True         0.853032        0.002819               16
40        0.017357                      None                        True              False         0.853024        0.002857               17
22        0.030883                      None                       False               True         0.852967        0.002858               18
41        0.009408                      None                        True              False         0.852848        0.002703               19
42        0.008911                      None                        True              False         0.852807        0.002687               20
43        0.008854                      None                        True              False         0.852799        0.002688               21
44        0.008846                      None                        True              False         0.852795        0.002685               22
46        0.008739                      None                        True              False         0.852774        0.002691               23
49        0.007592                      None                        True               True         0.852651        0.002697               24
35        0.008808                      None                       False               True         0.852631        0.002642               25
38        0.008780                      None                       False               True         0.852623        0.002638               26
37        0.008597                      None                       False               True         0.852594        0.002692               27
19        0.006663                      None                        True               True         0.852504        0.002591               28
21        0.004635                      None                       False              False         0.852045        0.002576               29
47        0.000909                      None                        True              False         0.849896        0.002426               30
8         0.000417                      None                       False               True         0.847246        0.002465               31
11        0.000092                      None                        True              False         0.836436        0.001975               32
9         0.000043                      None                       False               True         0.825294        0.001957               33
48     7490.039936                  balanced                       False               True         0.807096        0.038526               34
7         0.274377                  balanced                        True              False         0.804902        0.003795               35
34    21418.036194                  balanced                        True              False         0.804885        0.003748               36
16  1000000.000000                  balanced                        True              False         0.804877        0.003760               37
17      307.495014                  balanced                       False              False         0.804877        0.003760               37
30      165.912609                  balanced                        True               True         0.804791        0.003734               39
0         0.086546                  balanced                       False               True         0.804738        0.003824               40
4         0.004475                  balanced                       False               True         0.802891        0.003635               41
2         0.004475                  balanced                       False               True         0.802891        0.003635               41
33        0.002146                  balanced                       False              False         0.801392        0.003741               43
3     29831.162550                      None                       False               True         0.791499        0.036142               44
28        0.000001                      None                       False              False         0.774882        0.001221               45
45        0.000001                      None                        True               True         0.769088        0.000840               46
39   962664.023753                      None                        True               True         0.758957        0.064950               47
13  1000000.000000                  balanced                        True               True         0.758342        0.077534               48
18        0.000001                  balanced                        True               True         0.692740        0.004163               49
14        0.000001                  balanced                       False              False         0.685074        0.004254               50


Scoring: f1
Best score: 0.6772725007126023
best params: OrderedDict({'model__C': 0.2743773053716827, 'model__class_weight': 'balanced', 'model__dual': False, 'model__fit_intercept': True})
CV results:
    param_model__C param_model__class_weight  param_model__fit_intercept  param_model__dual  mean_test_score  std_test_score  rank_test_score
7         0.274377                  balanced                        True              False         0.677273        0.004776                1
15        3.493908                  balanced                        True               True         0.677245        0.004738                2
14        7.339157                  balanced                       False              False         0.677240        0.004745                3
13        1.527287                  balanced                       False               True         0.677236        0.004766                4
31   281291.568754                  balanced                       False              False         0.677236        0.004745                5
21      258.801762                  balanced                       False              False         0.677236        0.004732                6
10        0.154743                  balanced                        True              False         0.677235        0.004741                7
27  1000000.000000                  balanced                        True              False         0.677231        0.004743                8
17      690.295568                  balanced                       False              False         0.677231        0.004750                9
22       23.001412                  balanced                        True               True         0.677227        0.004744               10
30    53878.634734                  balanced                        True              False         0.677222        0.004729               11
16       63.731568                  balanced                        True               True         0.677207        0.004755               12
0         0.086546                  balanced                       False               True         0.677177        0.004774               13
38        0.057502                  balanced                       False               True         0.677071        0.004800               14
47        0.056209                  balanced                       False               True         0.677057        0.004799               15
35        0.052445                  balanced                       False               True         0.677057        0.004770               16
48        0.056111                  balanced                       False               True         0.677053        0.004803               17
43        0.056528                  balanced                       False               True         0.677053        0.004802               18
41        0.039756                  balanced                        True               True         0.677047        0.004680               19
40        0.050898                  balanced                       False               True         0.677020        0.004797               20
12        0.017893                  balanced                        True              False         0.677019        0.004501               21
33        0.028294                  balanced                        True               True         0.677004        0.004589               22
45        0.047718                  balanced                       False               True         0.676993        0.004776               23
44        0.047846                  balanced                       False               True         0.676988        0.004777               24
36        0.044058                  balanced                       False               True         0.676988        0.004750               25
39        0.043704                  balanced                       False               True         0.676988        0.004750               25
46        0.047606                  balanced                       False               True         0.676979        0.004779               27
49        0.047237                  balanced                       False               True         0.676970        0.004753               28
37        0.045671                  balanced                       False               True         0.676948        0.004739               29
2         0.004475                  balanced                       False               True         0.675711        0.004688               30
4         0.004475                  balanced                       False               True         0.675711        0.004688               30
23        0.001472                  balanced                        True              False         0.674188        0.004784               32
19        0.000427                  balanced                        True              False         0.669686        0.004296               33
11     4341.366207                      None                       False              False         0.659318        0.007038               34
5     12467.168377                      None                       False              False         0.659318        0.007038               34
28  1000000.000000                      None                        True              False         0.659286        0.007011               36
26        3.139059                      None                        True              False         0.659217        0.007038               37
29        0.271740                      None                        True              False         0.659036        0.007028               38
1         0.062786                      None                       False              False         0.658700        0.006865               39
6         0.049277                      None                        True               True         0.658622        0.006769               40
42        0.044003                      None                       False               True         0.658463        0.006893               41
34        0.012615                      None                        True               True         0.657478        0.006852               42
25        0.014866                      None                       False               True         0.657450        0.006743               43
20        0.000037                  balanced                       False               True         0.648617        0.004755               44
18     4275.767821                  balanced                        True               True         0.643579        0.028610               45
8         0.000417                      None                       False               True         0.629525        0.006679               46
3     29831.162550                      None                       False               True         0.555264        0.109243               47
9         0.000043                      None                       False               True         0.527424        0.006535               48
32  1000000.000000                  balanced                       False               True         0.477143        0.137893               49
24        0.000001                      None                        True              False         0.073434        0.005734               50


