15.11.2022 07:57:00
Scoring: accuracy
Best score: 0.8438884291842631
Best params: OrderedDict([('model__alpha', 94.59023476339867), ('model__fit_intercept', True)])
CV results:
   param_model__alpha param_model__fit_intercept  mean_test_score  std_test_score  rank_test_score
39          94.590235                       True         0.843888        0.002401                1
29          93.264528                       True         0.843884        0.002407                2
48          92.932069                       True         0.843884        0.002410                3
30          96.545598                       True         0.843864        0.002386                4
25              100.0                       True         0.843864        0.002413                5
45              100.0                       True         0.843864        0.002413                5
42              100.0                       True         0.843864        0.002413                5
17              100.0                       True         0.843864        0.002413                5
22              100.0                       True         0.843864        0.002413                5
19              100.0                       True         0.843864        0.002413                5
11              100.0                       True         0.843864        0.002413                5
33              100.0                       True         0.843864        0.002413                5
23          54.399489                       True         0.843864        0.002460               13
27          65.221098                       True         0.843856        0.002346               14
28          64.931318                       True         0.843856        0.002340               14
40          63.425208                       True         0.843831        0.002342               16
12           83.15143                       True         0.843831        0.002434               17
46          55.128704                       True         0.843831        0.002463               18
32          58.728498                       True         0.843823        0.002413               19
21          80.229565                       True         0.843823        0.002395               20
7           45.319568                       True         0.843811        0.002451               21
0           41.143727                       True         0.843761        0.002454               22
41                0.0                      False         0.843716        0.002486               23
36          11.682283                      False         0.843716        0.002327               24
47          29.913375                       True         0.843712        0.002461               25
20           6.136847                       True         0.843708        0.002396               26
4           30.422952                       True         0.843704        0.002458               27
2            30.42329                       True         0.843704        0.002458               27
24           7.968376                       True         0.843704        0.002394               29
34           2.530521                       True         0.843696        0.002512               30
44           3.066159                      False         0.843692        0.002452               31
10           0.005512                       True         0.843675        0.002486               32
26          11.419686                       True         0.843659        0.002366               33
9           13.652458                      False         0.843610        0.002347               34
8           21.834258                      False         0.843602        0.002279               35
43          33.431225                      False         0.843413        0.002189               36
1           39.982211                      False         0.843303        0.002198               37
38           41.15292                      False         0.843274        0.002246               38
6           39.105381                      False         0.843270        0.002201               39
14          46.202806                      False         0.843266        0.002207               40
18           45.23395                      False         0.843250        0.002212               41
37          61.600205                      False         0.842975        0.002156               42
15          66.531603                      False         0.842963        0.002126               43
49          64.470699                      False         0.842947        0.002135               44
13           71.44741                      False         0.842897        0.002170               45
31          73.026579                      False         0.842893        0.002172               46
5           84.131399                      False         0.842795        0.002234               47
35           86.86539                      False         0.842791        0.002261               48
3           87.288918                      False         0.842775        0.002268               49
16          96.259602                      False         0.842607        0.002276               50


Scoring: f1
Best score: 0.6275037212016997
Best params: OrderedDict([('model__alpha', 0.0), ('model__fit_intercept', False)])
CV results:
   param_model__alpha param_model__fit_intercept  mean_test_score  std_test_score  rank_test_score
48                0.0                      False         0.627504        0.006571                1
45                0.0                      False         0.627504        0.006571                1
25                0.0                      False         0.627504        0.006571                1
42                0.0                      False         0.627504        0.006571                1
19                0.0                      False         0.627504        0.006571                1
41                0.0                      False         0.627504        0.006571                1
17                0.0                      False         0.627504        0.006571                1
27                0.0                      False         0.627504        0.006571                1
28                0.0                      False         0.627504        0.006571                1
29                0.0                      False         0.627504        0.006571                1
34                0.0                      False         0.627504        0.006571                1
22                0.0                      False         0.627504        0.006571                1
33                0.0                      False         0.627504        0.006571                1
32                0.0                      False         0.627504        0.006571                1
11           0.000456                       True         0.627427        0.006614               15
20           6.136847                       True         0.627296        0.006375               16
24           7.968376                       True         0.627255        0.006289               17
38           6.399141                      False         0.627182        0.006230               18
9           13.652458                      False         0.627138        0.006044               19
26          11.419686                       True         0.627021        0.006182               20
8           21.834258                      False         0.626937        0.005848               21
4           30.422952                       True         0.626917        0.006539               22
2            30.42329                       True         0.626917        0.006539               22
36           21.74864                       True         0.626902        0.006168               24
0           41.143727                       True         0.626754        0.006580               25
7           45.319568                       True         0.626747        0.006578               26
23          54.399489                       True         0.626733        0.006518               27
44          60.256622                       True         0.626466        0.006300               28
35          66.520205                       True         0.626303        0.006312               29
43          33.431225                      False         0.626266        0.005771               30
39            29.2014                      False         0.626241        0.005727               31
40          72.738314                       True         0.626129        0.006397               32
21          80.229565                       True         0.625965        0.006522               33
12           83.15143                       True         0.625927        0.006566               34
46          89.940905                       True         0.625908        0.006636               35
1           39.982211                      False         0.625785        0.005928               36
30          96.545598                       True         0.625747        0.006539               37
6           39.105381                      False         0.625723        0.005836               38
10          99.993929                       True         0.625687        0.006615               39
14          46.202806                      False         0.625583        0.005928               40
18           45.23395                      False         0.625557        0.006021               41
37           56.64111                      False         0.624794        0.005983               42
49          64.470699                      False         0.624354        0.005927               43
15          66.531603                      False         0.624342        0.005878               44
13           71.44741                      False         0.624098        0.005928               45
31          73.026579                      False         0.624040        0.005943               46
5           84.131399                      False         0.623493        0.006196               47
3           87.288918                      False         0.623382        0.006230               48
16          96.259602                      False         0.622836        0.006239               49
47          99.981276                      False         0.622736        0.006439               50


