16.11.2022 12:39:21

Runtime of models:
          model  train_time  pred_time
0     LinearSVC    0.004885   0.002583
1         Ridge    0.005984   0.002322
2  RandomForest    2.314317   0.193422

Holdout results:
             model_score     score
0     LinearSVC Accuracy  0.984848
1           LinearSVC F1  0.978723
2         Ridge Accuracy  0.984848
3               Ridge F1  0.978723
4  RandomForest Accuracy  0.984848
5        RandomForest F1  0.978723

Cross validation results:
                          score          
                           mean       std
model_score                              
LinearSVC Accuracy     0.969207  0.025843
LinearSVC F1           0.960511  0.031728
RandomForest Accuracy  0.973372  0.022417
RandomForest F1        0.965516  0.027959
Ridge Accuracy         0.968330  0.023567
Ridge F1               0.959240  0.029527
