10.11.2024 21:03:29

Runtime of models:
          model  train_time  pred_time
0     LinearSVC    0.004576   0.001751
1         Ridge    0.004683   0.001579
2  RandomForest    1.314105   0.048945

Holdout results:
             model_score     score
0     LinearSVC Accuracy  0.969697
1           LinearSVC F1  0.950000
2         Ridge Accuracy  0.954545
3               Ridge F1  0.926829
4  RandomForest Accuracy  0.954545
5        RandomForest F1  0.926829

Cross validation results:
                          score          
                           mean       std
model_score                              
LinearSVC Accuracy     0.958774  0.017873
LinearSVC F1           0.950807  0.021496
RandomForest Accuracy  0.956395  0.027353
RandomForest F1        0.948511  0.031479
Ridge Accuracy         0.963266  0.024644
Ridge F1               0.956405  0.029169
