13.11.2024 13:33:34

Runtime of models:
          model  train_time  pred_time
0     LinearSVC    0.006506   0.002772
1         Ridge    0.008542   0.003309
2  RandomForest    2.276149   0.092014

Holdout results:
             model_score     score
0     LinearSVC Accuracy  0.984848
1           LinearSVC F1  0.974359
2         Ridge Accuracy  0.954545
3               Ridge F1  0.926829
4  RandomForest Accuracy  0.954545
5        RandomForest F1  0.926829

Cross validation results:
                          score          
                           mean       std
model_score                              
LinearSVC Accuracy     0.962886  0.022607
LinearSVC F1           0.955909  0.026956
RandomForest Accuracy  0.963351  0.025702
RandomForest F1        0.956838  0.030016
Ridge Accuracy         0.963351  0.025702
Ridge F1               0.956838  0.030016
