10.11.2024 21:00:49

Runtime of models:
          model  train_time  pred_time
0     LinearSVC    0.004634   0.001923
1         Ridge    0.005196   0.001608
2  RandomForest    1.299551   0.044292

Holdout results:
             model_score     score
0     LinearSVC Accuracy  0.984848
1           LinearSVC F1  0.974359
2         Ridge Accuracy  0.954545
3               Ridge F1  0.926829
4  RandomForest Accuracy  0.954545
5        RandomForest F1  0.926829

Cross validation results:
                          score          
                           mean       std
model_score                              
LinearSVC Accuracy     0.956554  0.022456
LinearSVC F1           0.949398  0.024732
RandomForest Accuracy  0.956395  0.027353
RandomForest F1        0.948511  0.031479
Ridge Accuracy         0.963319  0.024567
Ridge F1               0.956697  0.029050
