10.11.2024 20:56:42

Runtime of models:
          model  train_time  pred_time
0     LinearSVC    0.006290   0.002335
1         Ridge    0.006815   0.002051
2  RandomForest    1.306870   0.046454

Holdout results:
             model_score     score
0     LinearSVC Accuracy  0.969697
1           LinearSVC F1  0.950000
2         Ridge Accuracy  0.954545
3               Ridge F1  0.926829
4  RandomForest Accuracy  0.954545
5        RandomForest F1  0.926829

Cross validation results:
                          score          
                           mean       std
model_score                              
LinearSVC Accuracy     0.958879  0.024704
LinearSVC F1           0.950947  0.029625
RandomForest Accuracy  0.954228  0.035854
RandomForest F1        0.946341  0.041131
Ridge Accuracy         0.963425  0.030375
Ridge F1               0.956662  0.036517
