15.11.2022 17:01:18
Scoring: accuracy
Best score: 0.9673678646934463
best params: OrderedDict([('model__C', 0.35528067741695507), ('model__class_weight', None), ('model__fit_intercept', True)])
CV results:
   param_model__C param_model__class_weight param_model__fit_intercept  mean_test_score  std_test_score  rank_test_score
24       0.357509                      None                       True         0.967368        0.024948                1
45       0.363483                      None                       True         0.967368        0.024948                1
44       0.365983                      None                       True         0.967368        0.024948                1
42       0.368779                      None                       True         0.967368        0.024948                1
37       0.365505                      None                       True         0.967368        0.024948                1
35       0.315554                      None                       True         0.967368        0.024948                1
33       0.352426                      None                       True         0.967368        0.024948                1
32       0.335525                      None                       True         0.967368        0.024948                1
29       0.355687                      None                       True         0.967368        0.024948                1
28       0.324325                      None                       True         0.967368        0.024948                1
26       0.358313                      None                       True         0.967368        0.024948                1
25       0.327476                      None                       True         0.967368        0.024948                1
48       0.360571                      None                       True         0.967368        0.024948                1
22       0.319462                      None                       True         0.967368        0.024948                1
21       0.355281                      None                       True         0.967368        0.024948                1
49       0.358612                      None                       True         0.967368        0.024948                1
41       0.335658                      None                      False         0.966924        0.024518               17
40       0.293071                      None                       True         0.966913        0.024554               18
11       0.487158                      None                      False         0.966469        0.024533               19
7        0.274377                  balanced                       True         0.966459        0.023630               20
39       1.000211                      None                       True         0.966448        0.026656               21
18       0.546996                  balanced                       True         0.965994        0.025415               22
16       0.204282                      None                      False         0.965095        0.024501               23
1        0.062786                      None                       True         0.962812        0.025537               24
13       1.544871                  balanced                      False         0.962780        0.026483               25
6        0.049277                      None                      False         0.960983        0.025650               26
0        0.086546                  balanced                      False         0.960518        0.027228               27
30        3.58397                      None                       True         0.960042        0.027907               28
10       9.356502                      None                      False         0.954091        0.031577               29
31        0.02039                  balanced                       True         0.951808        0.027634               30
46      16.655196                  balanced                       True         0.947685        0.027931               31
23      41.693215                      None                       True         0.946311        0.028175               32
43      99.803386                      None                       True         0.944493        0.028731               33
14     223.137894                  balanced                      False         0.943541        0.029617               34
19     1396.03946                      None                      False         0.941247        0.029928               35
20    5980.837617                  balanced                      False         0.940793        0.029896               36
36     539.604163                  balanced                       True         0.939905        0.031190               37
38  476146.635931                  balanced                      False         0.939884        0.032463               38
5    12467.168377                      None                       True         0.938076        0.030288               39
27  206604.292563                  balanced                       True         0.936723        0.030366               40
3     29831.16255                      None                      False         0.936247        0.033466               41
12      1000000.0                  balanced                       True         0.935359        0.032994               42
15  989491.951025                      None                       True         0.935359        0.032994               42
4        0.004475                  balanced                      False         0.916047        0.037787               44
2        0.004475                  balanced                      False         0.916047        0.037787               44
47        0.00141                      None                       True         0.907801        0.036898               46
17       0.000001                  balanced                       True         0.899027        0.037346               47
8        0.000417                      None                      False         0.894440        0.042013               48
9        0.000043                      None                      False         0.872896        0.041286               49
34       0.000005                      None                       True         0.847304        0.038226               50


Scoring: f1
Best score: 0.960510523757203
best params: OrderedDict([('model__C', 0.5862759527480462), ('model__class_weight', None), ('model__fit_intercept', True)])
CV results:
   param_model__C param_model__class_weight param_model__fit_intercept  mean_test_score  std_test_score  rank_test_score
49        0.58349                      None                       True         0.960511        0.031409                1
48       0.585051                      None                       True         0.960511        0.031409                1
28       0.594727                      None                       True         0.960511        0.031409                1
29        0.57837                      None                       True         0.960511        0.031409                1
18       0.586276                      None                       True         0.960511        0.031409                1
44       0.585964                      None                       True         0.960511        0.031409                1
45       0.584136                      None                       True         0.960511        0.031409                1
40       0.433656                      None                       True         0.959214        0.031248                8
37       0.439128                      None                       True         0.959214        0.031248                8
42       0.452518                      None                       True         0.959214        0.031248                8
41       0.442971                      None                       True         0.959214        0.031248                8
33       0.434214                      None                       True         0.959214        0.031248                8
32       0.420026                      None                       True         0.958037        0.030794               13
26       0.880763                      None                       True         0.957941        0.033825               14
38       0.429547                  balanced                      False         0.957588        0.028534               15
21       0.297802                      None                       True         0.957431        0.030256               16
25        0.31031                      None                       True         0.957431        0.030256               16
22       0.301636                      None                       True         0.957431        0.030256               16
24       0.307334                      None                       True         0.957431        0.030256               16
15       0.293035                      None                       True         0.957431        0.030256               16
11        0.35351                      None                      False         0.957425        0.030266               21
7        0.274377                  balanced                       True         0.957044        0.028902               22
16       0.264828                      None                      False         0.956782        0.029144               23
34        0.91162                      None                      False         0.956286        0.032509               24
35       0.141896                  balanced                       True         0.955873        0.029472               25
39       1.117073                      None                      False         0.955532        0.035729               26
36       0.174265                      None                      False         0.954926        0.030631               27
27       0.726955                  balanced                      False         0.954360        0.033086               28
13       0.873665                  balanced                       True         0.952423        0.033156               29
1        0.062786                      None                       True         0.951698        0.032226               30
0        0.086546                  balanced                      False         0.949486        0.033394               31
6        0.049277                      None                      False         0.949335        0.032476               32
31       2.144073                  balanced                       True         0.949075        0.033208               33
10       2.919708                      None                      False         0.948708        0.035305               34
23      10.188643                      None                       True         0.938866        0.038034               35
46       0.020274                  balanced                       True         0.937875        0.034636               36
12      90.198041                  balanced                      False         0.925834        0.039120               37
20     826.612768                      None                      False         0.921531        0.040962               38
43  993477.122812                      None                      False         0.919684        0.043980               39
47    2663.626078                  balanced                       True         0.918832        0.041860               40
5    12467.168377                      None                       True         0.917582        0.040323               41
17   11708.158938                  balanced                      False         0.915738        0.048207               42
3     29831.16255                      None                      False         0.914553        0.045192               43
14      1000000.0                  balanced                       True         0.913484        0.046663               44
30  235528.428011                      None                       True         0.913484        0.046663               44
4        0.004475                  balanced                      False         0.897414        0.043519               46
2        0.004475                  balanced                      False         0.897414        0.043519               46
8        0.000417                      None                      False         0.853399        0.057741               48
9        0.000043                      None                      False         0.804438        0.069980               49
19       0.000001                      None                       True         0.738200        0.075302               50


