11.11.2024 21:30:31
Scoring: accuracy
Best score: 0.9624207188160677
best params: OrderedDict({'model__C': 1.0121615469063172, 'model__class_weight': 'balanced', 'model__fit_intercept': True})
CV results:
    param_model__C param_model__class_weight  param_model__fit_intercept  mean_test_score  std_test_score  rank_test_score
32        1.012162                  balanced                        True         0.962421        0.022307                1
42        1.115231                  balanced                        True         0.962410        0.022344                2
41        1.113480                  balanced                        True         0.962410        0.022344                2
39        1.108121                  balanced                        True         0.962410        0.022344                2
47        1.105276                      None                        True         0.961966        0.021739                5
46        1.108769                      None                        True         0.961966        0.021739                5
48        1.105716                      None                        True         0.961966        0.021739                5
25        0.868961                  balanced                        True         0.961047        0.022550                8
43        0.864019                      None                       False         0.960137        0.023661                9
29        0.644428                      None                        True         0.959683        0.024021               10
33        0.749114                  balanced                        True         0.959672        0.024479               11
24        1.856701                  balanced                        True         0.959662        0.025707               12
16        2.387755                  balanced                        True         0.958742        0.025902               13
21        1.548962                  balanced                       False         0.958298        0.024508               14
22        2.431761                  balanced                       False         0.958266        0.025390               15
18        2.405131                      None                        True         0.957368        0.025496               16
14        5.491139                  balanced                        True         0.956427        0.025631               17
38        0.265281                      None                        True         0.955560        0.026022               18
17       21.758567                      None                       False         0.955053        0.028265               19
11  1000000.000000                  balanced                       False         0.954598        0.027681               20
30    55232.986259                  balanced                       False         0.954598        0.027681               20
0         0.086546                  balanced                        True         0.954197        0.028137               22
26      466.164035                  balanced                       False         0.954144        0.026692               23
15   254930.493658                  balanced                       False         0.954133        0.027890               24
35       86.790568                  balanced                       False         0.953668        0.029574               25
37        8.277600                  balanced                       False         0.953658        0.027318               26
7         0.274377                  balanced                       False         0.952854        0.027171               27
1         0.062786                      None                       False         0.952833        0.027494               28
6         0.049277                      None                        True         0.952378        0.028021               29
45      194.782823                      None                       False         0.952294        0.028604               30
44     9194.633121                  balanced                        True         0.951839        0.027610               31
36   129413.084950                  balanced                        True         0.951839        0.027610               31
34   996493.111071                  balanced                        True         0.951839        0.027610               31
19     3377.379344                  balanced                        True         0.951385        0.026994               34
12      914.712223                  balanced                        True         0.951385        0.026994               34
5     12467.168377                      None                       False         0.950899        0.029075               36
27     1844.750460                      None                       False         0.950899        0.029075               36
20   523180.963702                      None                        True         0.950465        0.025682               38
3     29831.162550                      None                        True         0.950465        0.025682               38
23      320.803768                      None                        True         0.949123        0.026761               40
40       22.037222                  balanced                        True         0.949101        0.025993               41
10       94.837520                  balanced                        True         0.949091        0.026431               42
28        0.015048                  balanced                       False         0.940920        0.029609               43
4         0.004475                  balanced                        True         0.928996        0.034262               44
2         0.004475                  balanced                        True         0.928996        0.034262               44
13        0.000001                  balanced                        True         0.914313        0.032820               46
49        0.001881                      None                       False         0.907875        0.038955               47
8         0.000417                      None                        True         0.899218        0.041545               48
9         0.000043                      None                        True         0.896934        0.036598               49
31        0.000004                      None                       False         0.894641        0.039859               50


Scoring: f1
Best score: 0.955909371181817
best params: OrderedDict({'model__C': 1.185202187960778, 'model__class_weight': 'balanced', 'model__fit_intercept': True})
CV results:
    param_model__C param_model__class_weight  param_model__fit_intercept  mean_test_score  std_test_score  rank_test_score
29        1.185202                  balanced                        True         0.955909        0.026685                1
32        1.188109                  balanced                        True         0.955909        0.026685                1
47        1.027538                  balanced                        True         0.955790        0.026176                3
42        1.060576                  balanced                        True         0.955790        0.026176                3
48        1.030708                  balanced                        True         0.955790        0.026176                3
39        1.129273                  balanced                        True         0.955252        0.026741                6
33        1.104757                  balanced                        True         0.955252        0.026741                6
46        0.982981                  balanced                        True         0.954709        0.026558                8
25        1.077232                      None                        True         0.954618        0.025969                9
24        1.165934                      None                        True         0.954618        0.025969                9
41        1.633463                  balanced                        True         0.953443        0.028179               11
23        0.743193                      None                        True         0.952023        0.027771               12
31        1.141334                      None                       False         0.950446        0.026375               13
13        4.984421                  balanced                        True         0.950010        0.031687               14
22        1.508002                  balanced                       False         0.949723        0.028033               15
18        4.802412                  balanced                       False         0.948534        0.030165               16
16        2.787981                      None                        True         0.948339        0.029188               17
27        0.336808                      None                        True         0.947840        0.032326               18
17       14.499895                      None                       False         0.946905        0.031376               19
11  1000000.000000                  balanced                       False         0.946185        0.032258               20
28    89910.458089                  balanced                       False         0.946185        0.032258               20
38    28105.357521                  balanced                       False         0.946185        0.032258               20
0         0.086546                  balanced                        True         0.945957        0.032333               23
7         0.274377                  balanced                       False         0.944344        0.031548               24
1         0.062786                      None                       False         0.944122        0.031513               25
43      225.757851                  balanced                       False         0.943898        0.031906               26
21        7.149785                      None                        True         0.943692        0.028903               27
6         0.049277                      None                        True         0.943660        0.031983               28
40       75.251286                      None                       False         0.943604        0.035471               29
36       31.144084                  balanced                       False         0.943088        0.035553               30
15   275862.064069                      None                       False         0.942928        0.033412               31
34   244584.909396                  balanced                        True         0.942790        0.032134               32
37   978721.647902                  balanced                        True         0.942790        0.032134               32
26      402.949113                      None                       False         0.942422        0.033603               34
19     3606.586278                  balanced                        True         0.942219        0.031356               35
12      980.553040                  balanced                        True         0.942219        0.031356               35
30     2127.381634                      None                       False         0.941905        0.033676               37
5     12467.168377                      None                       False         0.941905        0.033676               37
3     29831.162550                      None                        True         0.940945        0.029889               39
20   620273.668055                      None                        True         0.940945        0.029889               39
45      265.754238                      None                        True         0.939216        0.031141               41
10       90.468670                  balanced                        True         0.938543        0.031841               42
35        0.020652                  balanced                       False         0.936012        0.034175               43
49        0.008716                      None                       False         0.922020        0.038025               44
4         0.004475                  balanced                        True         0.919075        0.036727               45
2         0.004475                  balanced                        True         0.919075        0.036727               45
14        0.000001                  balanced                       False         0.904332        0.033836               47
8         0.000417                      None                        True         0.876208        0.050865               48
44        0.000003                      None                        True         0.868278        0.049751               49
9         0.000043                      None                        True         0.867887        0.048497               50


