15.11.2022 17:05:25
Scoring: accuracy
Best score: 0.9683298097251587
best params: OrderedDict([('model__alpha', 0.05727263582080423), ('model__fit_intercept', False)])
CV results:
   param_model__alpha param_model__fit_intercept  mean_test_score  std_test_score  rank_test_score
24                0.0                      False         0.968330        0.023330                1
45                0.0                      False         0.968330        0.023330                1
42                0.0                      False         0.968330        0.023330                1
29                0.0                      False         0.968330        0.023330                1
28                0.0                      False         0.968330        0.023330                1
25                0.0                      False         0.968330        0.023330                1
48                0.0                      False         0.968330        0.023330                1
22                0.0                      False         0.968330        0.023330                1
19                0.0                      False         0.968330        0.023330                1
17                0.0                      False         0.968330        0.023330                1
13           0.057273                      False         0.968330        0.023330                1
49                0.0                      False         0.968330        0.023330                1
10                0.0                       True         0.967875        0.022926               13
11                0.0                       True         0.967875        0.022926               13
33           2.176189                       True         0.967875        0.022926               13
27             4.8435                       True         0.967400        0.023439               16
34           2.495637                      False         0.967400        0.023439               16
15          10.160011                       True         0.967389        0.025639               18
30           5.751554                      False         0.966924        0.025251               19
32           7.716996                       True         0.966469        0.025265               20
26          11.419686                       True         0.965560        0.026130               21
39           9.584295                      False         0.964651        0.026102               22
21          18.348539                       True         0.962801        0.027551               23
35          24.018269                       True         0.960962        0.024398               24
9           13.652458                      False         0.959598        0.028131               25
41          35.443663                       True         0.956374        0.025297               26
2            30.42329                       True         0.956374        0.025297               26
4           30.422952                       True         0.956374        0.025297               26
8           21.834258                      False         0.955899        0.025161               29
0           41.143727                       True         0.954524        0.027457               30
7           45.319568                       True         0.953594        0.029379               31
37          29.040414                      False         0.952696        0.027024               32
46          33.324008                      False         0.951332        0.026314               33
31          53.800047                       True         0.948562        0.028693               34
6           39.105381                      False         0.948118        0.030138               35
1           39.982211                      False         0.947653        0.030587               36
18          61.740866                       True         0.946734        0.028981               37
40          68.364957                       True         0.943552        0.028479               38
38          50.012084                      False         0.943520        0.029259               39
14          76.281965                       True         0.940793        0.028080               40
47          55.569764                      False         0.939852        0.030599               41
44          82.336039                       True         0.938488        0.030741               42
23          89.174166                       True         0.937114        0.030536               43
16          60.993484                      False         0.937093        0.032611               44
43          94.674013                       True         0.935740        0.030590               45
12          99.958146                       True         0.934820        0.030388               46
36          70.067028                      False         0.931142        0.035670               47
5           84.131399                      False         0.926596        0.035584               48
3           87.288918                      False         0.925677        0.036328               49
20          99.987029                      False         0.921543        0.037085               50


Scoring: f1
Best score: 0.959240282718461
best params: OrderedDict([('model__alpha', 0.0), ('model__fit_intercept', False)])
CV results:
   param_model__alpha param_model__fit_intercept  mean_test_score  std_test_score  rank_test_score
24                0.0                      False         0.959240        0.029230                1
22                0.0                      False         0.959240        0.029230                1
25                0.0                      False         0.959240        0.029230                1
27                0.0                      False         0.959240        0.029230                1
10                0.0                      False         0.959240        0.029230                1
28                0.0                      False         0.959240        0.029230                1
19                0.0                      False         0.959240        0.029230                1
29                0.0                      False         0.959240        0.029230                1
32                0.0                      False         0.959240        0.029230                1
33                0.0                      False         0.959240        0.029230                1
34                0.0                      False         0.959240        0.029230                1
39           0.431686                      False         0.959240        0.029230                1
42           0.235386                      False         0.959240        0.029230                1
45            0.09855                      False         0.959240        0.029230                1
30                0.0                      False         0.959240        0.029230                1
17                0.0                      False         0.959240        0.029230                1
26            4.25777                       True         0.958670        0.029299               17
49           1.627258                       True         0.958634        0.028688               18
11                0.0                       True         0.958634        0.028688               18
14            9.61684                       True         0.958288        0.031567               20
21           4.764183                      False         0.956506        0.031164               21
48           6.880638                       True         0.956506        0.031164               21
44          13.285089                       True         0.955495        0.032457               23
18           17.73132                       True         0.952574        0.033243               24
40          23.690883                       True         0.950454        0.030348               25
36          11.682283                      False         0.948174        0.035023               26
9           13.652458                      False         0.947982        0.035085               27
47          35.599749                       True         0.943512        0.032277               28
2            30.42329                       True         0.943512        0.032277               28
4           30.422952                       True         0.943512        0.032277               28
8           21.834258                      False         0.942822        0.031944               31
0           41.143727                       True         0.941321        0.034562               32
7           45.319568                       True         0.940114        0.037116               33
41          29.396337                      False         0.938511        0.034554               34
38           53.93674                       True         0.933979        0.035716               35
6           39.105381                      False         0.933083        0.037591               36
1           39.982211                      False         0.932548        0.038115               37
16           61.79513                       True         0.931591        0.036148               38
43          69.102453                       True         0.927603        0.035359               39
37          51.462236                      False         0.926499        0.037292               40
13          76.483891                       True         0.924311        0.034794               41
46          82.957714                       True         0.921227        0.036412               42
23          89.057636                       True         0.920236        0.036861               43
15           61.09015                      False         0.920203        0.039839               44
12          99.958146                       True         0.917458        0.036714               45
31          73.026579                      False         0.911519        0.040826               46
5           84.131399                      False         0.907764        0.042329               47
3           87.288918                      False         0.906584        0.043443               48
35           86.86539                      False         0.906584        0.043443               48
20          99.987029                      False         0.901096        0.045020               50


