13.11.2022 15:00:12
Scoring: accuracy
Best score: 0.9733720930232559
best params: OrderedDict([('model__max_depth', 100), ('model__max_features', 'log2'), ('model__min_samples_leaf', 1), ('model__min_samples_split', 2), ('model__n_estimators', 2007)])
CV results:
                                                                                                                                                 params  mean_test_score  std_test_score  rank_test_score
23   {'model__max_depth': 100, 'model__max_features': 'log2', 'model__min_samples_leaf': 1, 'model__min_samples_split': 2, 'model__n_estimators': 2007}         0.973372        0.022191                1
25  {'model__max_depth': None, 'model__max_features': 'log2', 'model__min_samples_leaf': 2, 'model__min_samples_split': 2, 'model__n_estimators': 3000}         0.972918        0.022339                2
16    {'model__max_depth': 70, 'model__max_features': 'sqrt', 'model__min_samples_leaf': 2, 'model__min_samples_split': 2, 'model__n_estimators': 2983}         0.972918        0.022339                2
21    {'model__max_depth': 90, 'model__max_features': 'sqrt', 'model__min_samples_leaf': 1, 'model__min_samples_split': 2, 'model__n_estimators': 3000}         0.972907        0.022359                4
40    {'model__max_depth': 80, 'model__max_features': 'log2', 'model__min_samples_leaf': 1, 'model__min_samples_split': 2, 'model__n_estimators': 2242}         0.972907        0.022359                4
35    {'model__max_depth': 90, 'model__max_features': 'log2', 'model__min_samples_leaf': 1, 'model__min_samples_split': 2, 'model__n_estimators': 3000}         0.972907        0.022359                4
48    {'model__max_depth': 90, 'model__max_features': 'sqrt', 'model__min_samples_leaf': 1, 'model__min_samples_split': 2, 'model__n_estimators': 2754}         0.972907        0.022359                4
31    {'model__max_depth': 80, 'model__max_features': 'log2', 'model__min_samples_leaf': 1, 'model__min_samples_split': 2, 'model__n_estimators': 3000}         0.972907        0.022359                4
18    {'model__max_depth': 10, 'model__max_features': 'sqrt', 'model__min_samples_leaf': 1, 'model__min_samples_split': 2, 'model__n_estimators': 2994}         0.972907        0.022359                4
47    {'model__max_depth': 80, 'model__max_features': 'sqrt', 'model__min_samples_leaf': 1, 'model__min_samples_split': 2, 'model__n_estimators': 2790}         0.972907        0.022359                4
38  {'model__max_depth': None, 'model__max_features': 'log2', 'model__min_samples_leaf': 1, 'model__min_samples_split': 2, 'model__n_estimators': 3000}         0.972907        0.022359                4
37    {'model__max_depth': 70, 'model__max_features': 'log2', 'model__min_samples_leaf': 1, 'model__min_samples_split': 2, 'model__n_estimators': 2161}         0.972907        0.022359                4
28     {'model__max_depth': 60, 'model__max_features': 'log2', 'model__min_samples_leaf': 1, 'model__min_samples_split': 2, 'model__n_estimators': 100}         0.971522        0.022299               13
6     {'model__max_depth': 40, 'model__max_features': 'sqrt', 'model__min_samples_leaf': 3, 'model__min_samples_split': 3, 'model__n_estimators': 2733}         0.970169        0.022118               14
10     {'model__max_depth': 80, 'model__max_features': 'sqrt', 'model__min_samples_leaf': 3, 'model__min_samples_split': 2, 'model__n_estimators': 103}         0.970159        0.023072               15
32    {'model__max_depth': 60, 'model__max_features': 'log2', 'model__min_samples_leaf': 4, 'model__min_samples_split': 2, 'model__n_estimators': 2957}         0.970159        0.022598               16
13     {'model__max_depth': 80, 'model__max_features': 'sqrt', 'model__min_samples_leaf': 2, 'model__min_samples_split': 4, 'model__n_estimators': 101}         0.970148        0.022155               17
7     {'model__max_depth': 50, 'model__max_features': 'log2', 'model__min_samples_leaf': 4, 'model__min_samples_split': 9, 'model__n_estimators': 1926}         0.969704        0.022679               18
20    {'model__max_depth': 90, 'model__max_features': 'log2', 'model__min_samples_leaf': 5, 'model__min_samples_split': 2, 'model__n_estimators': 2922}         0.969704        0.022679               18
11     {'model__max_depth': 60, 'model__max_features': 'log2', 'model__min_samples_leaf': 1, 'model__min_samples_split': 6, 'model__n_estimators': 113}         0.969249        0.022772               20
22    {'model__max_depth': 30, 'model__max_features': 'sqrt', 'model__min_samples_leaf': 2, 'model__min_samples_split': 8, 'model__n_estimators': 2920}         0.968795        0.022355               21
44     {'model__max_depth': 50, 'model__max_features': 'log2', 'model__min_samples_leaf': 5, 'model__min_samples_split': 3, 'model__n_estimators': 154}         0.968784        0.022373               22
17    {'model__max_depth': 80, 'model__max_features': 'sqrt', 'model__min_samples_leaf': 5, 'model__min_samples_split': 20, 'model__n_estimators': 244}         0.968784        0.022373               22
15     {'model__max_depth': 90, 'model__max_features': 'sqrt', 'model__min_samples_leaf': 4, 'model__min_samples_split': 8, 'model__n_estimators': 104}         0.968784        0.022373               22
5     {'model__max_depth': 80, 'model__max_features': 'sqrt', 'model__min_samples_leaf': 4, 'model__min_samples_split': 11, 'model__n_estimators': 802}         0.968784        0.022373               22
30    {'model__max_depth': 40, 'model__max_features': 'log2', 'model__min_samples_leaf': 5, 'model__min_samples_split': 15, 'model__n_estimators': 193}         0.968784        0.022373               22
36   {'model__max_depth': 50, 'model__max_features': 'sqrt', 'model__min_samples_leaf': 5, 'model__min_samples_split': 20, 'model__n_estimators': 2959}         0.968774        0.022369               27
41   {'model__max_depth': 90, 'model__max_features': 'log2', 'model__min_samples_leaf': 5, 'model__min_samples_split': 12, 'model__n_estimators': 2936}         0.968774        0.022369               27
14   {'model__max_depth': 70, 'model__max_features': 'sqrt', 'model__min_samples_leaf': 1, 'model__min_samples_split': 12, 'model__n_estimators': 2996}         0.968330        0.022427               29
3     {'model__max_depth': 90, 'model__max_features': 'sqrt', 'model__min_samples_leaf': 2, 'model__min_samples_split': 19, 'model__n_estimators': 457}         0.968330        0.022427               29
2     {'model__max_depth': 30, 'model__max_features': 'log2', 'model__min_samples_leaf': 1, 'model__min_samples_split': 17, 'model__n_estimators': 469}         0.968330        0.022427               29
12    {'model__max_depth': 70, 'model__max_features': 'log2', 'model__min_samples_leaf': 5, 'model__min_samples_split': 6, 'model__n_estimators': 3000}         0.968309        0.022440               32
39      {'model__max_depth': 80, 'model__max_features': None, 'model__min_samples_leaf': 1, 'model__min_samples_split': 6, 'model__n_estimators': 2940}         0.968298        0.023818               33
42      {'model__max_depth': 40, 'model__max_features': None, 'model__min_samples_leaf': 4, 'model__min_samples_split': 17, 'model__n_estimators': 125}         0.967875        0.022926               34
45   {'model__max_depth': 20, 'model__max_features': 'log2', 'model__min_samples_leaf': 1, 'model__min_samples_split': 10, 'model__n_estimators': 2870}         0.967875        0.022006               34
46     {'model__max_depth': 10, 'model__max_features': None, 'model__min_samples_leaf': 5, 'model__min_samples_split': 20, 'model__n_estimators': 2993}         0.967875        0.022926               34
0    {'model__max_depth': 40, 'model__max_features': 'log2', 'model__min_samples_leaf': 2, 'model__min_samples_split': 17, 'model__n_estimators': 2157}         0.967875        0.022006               34
24     {'model__max_depth': 40, 'model__max_features': None, 'model__min_samples_leaf': 5, 'model__min_samples_split': 10, 'model__n_estimators': 2874}         0.967875        0.022926               34
29      {'model__max_depth': 80, 'model__max_features': None, 'model__min_samples_leaf': 1, 'model__min_samples_split': 11, 'model__n_estimators': 186}         0.967875        0.022926               34
27   {'model__max_depth': 10, 'model__max_features': 'log2', 'model__min_samples_leaf': 1, 'model__min_samples_split': 20, 'model__n_estimators': 2830}         0.967875        0.022006               34
26       {'model__max_depth': 10, 'model__max_features': None, 'model__min_samples_leaf': 5, 'model__min_samples_split': 3, 'model__n_estimators': 120}         0.967875        0.022926               34
19     {'model__max_depth': 60, 'model__max_features': None, 'model__min_samples_leaf': 5, 'model__min_samples_split': 15, 'model__n_estimators': 2962}         0.967875        0.022926               34
9      {'model__max_depth': 10, 'model__max_features': None, 'model__min_samples_leaf': 2, 'model__min_samples_split': 20, 'model__n_estimators': 2156}         0.967875        0.022926               34
8      {'model__max_depth': 20, 'model__max_features': None, 'model__min_samples_leaf': 1, 'model__min_samples_split': 16, 'model__n_estimators': 2460}         0.967875        0.022926               34
4     {'model__max_depth': 30, 'model__max_features': 'log2', 'model__min_samples_leaf': 3, 'model__min_samples_split': 14, 'model__n_estimators': 786}         0.967875        0.022006               34
34   {'model__max_depth': None, 'model__max_features': None, 'model__min_samples_leaf': 3, 'model__min_samples_split': 10, 'model__n_estimators': 2972}         0.967875        0.022926               34
49      {'model__max_depth': 30, 'model__max_features': None, 'model__min_samples_leaf': 5, 'model__min_samples_split': 2, 'model__n_estimators': 2946}         0.967875        0.022926               34
33   {'model__max_depth': 90, 'model__max_features': 'log2', 'model__min_samples_leaf': 3, 'model__min_samples_split': 20, 'model__n_estimators': 2961}         0.967865        0.022002               48
1    {'model__max_depth': 40, 'model__max_features': 'sqrt', 'model__min_samples_leaf': 4, 'model__min_samples_split': 20, 'model__n_estimators': 1963}         0.967865        0.022002               48
43       {'model__max_depth': 50, 'model__max_features': None, 'model__min_samples_leaf': 1, 'model__min_samples_split': 2, 'model__n_estimators': 343}         0.962791        0.025098               50


Scoring: f1
Best score: 0.9655156680436566
best params: OrderedDict([('model__max_depth', 90), ('model__max_features', 'log2'), ('model__min_samples_leaf', 1), ('model__min_samples_split', 2), ('model__n_estimators', 1997)])
CV results:
                                                                                                                                                 params  mean_test_score  std_test_score  rank_test_score
23    {'model__max_depth': 90, 'model__max_features': 'log2', 'model__min_samples_leaf': 1, 'model__min_samples_split': 2, 'model__n_estimators': 1997}         0.965516        0.027678                1
34    {'model__max_depth': 90, 'model__max_features': 'sqrt', 'model__min_samples_leaf': 1, 'model__min_samples_split': 2, 'model__n_estimators': 2777}         0.964827        0.028039                2
48    {'model__max_depth': 10, 'model__max_features': 'sqrt', 'model__min_samples_leaf': 1, 'model__min_samples_split': 2, 'model__n_estimators': 3000}         0.964827        0.028039                2
37    {'model__max_depth': 20, 'model__max_features': 'sqrt', 'model__min_samples_leaf': 1, 'model__min_samples_split': 2, 'model__n_estimators': 3000}         0.964827        0.028039                2
18    {'model__max_depth': 70, 'model__max_features': 'log2', 'model__min_samples_leaf': 1, 'model__min_samples_split': 2, 'model__n_estimators': 2700}         0.964827        0.028039                2
38  {'model__max_depth': None, 'model__max_features': 'log2', 'model__min_samples_leaf': 1, 'model__min_samples_split': 2, 'model__n_estimators': 2222}         0.964827        0.028039                2
28    {'model__max_depth': 70, 'model__max_features': 'log2', 'model__min_samples_leaf': 1, 'model__min_samples_split': 2, 'model__n_estimators': 2518}         0.964827        0.028039                2
40    {'model__max_depth': 50, 'model__max_features': 'sqrt', 'model__min_samples_leaf': 1, 'model__min_samples_split': 2, 'model__n_estimators': 3000}         0.964827        0.028039                2
31  {'model__max_depth': None, 'model__max_features': 'log2', 'model__min_samples_leaf': 1, 'model__min_samples_split': 2, 'model__n_estimators': 3000}         0.964827        0.028039                2
35    {'model__max_depth': 60, 'model__max_features': 'sqrt', 'model__min_samples_leaf': 1, 'model__min_samples_split': 2, 'model__n_estimators': 3000}         0.964827        0.028039                2
47    {'model__max_depth': 40, 'model__max_features': 'sqrt', 'model__min_samples_leaf': 1, 'model__min_samples_split': 2, 'model__n_estimators': 3000}         0.964827        0.028039                2
21     {'model__max_depth': 10, 'model__max_features': 'log2', 'model__min_samples_leaf': 1, 'model__min_samples_split': 2, 'model__n_estimators': 280}         0.964140        0.028983               12
42     {'model__max_depth': 50, 'model__max_features': 'sqrt', 'model__min_samples_leaf': 1, 'model__min_samples_split': 2, 'model__n_estimators': 156}         0.963613        0.028459               13
25    {'model__max_depth': 100, 'model__max_features': 'log2', 'model__min_samples_leaf': 1, 'model__min_samples_split': 2, 'model__n_estimators': 233}         0.962928        0.028077               14
6     {'model__max_depth': 40, 'model__max_features': 'sqrt', 'model__min_samples_leaf': 3, 'model__min_samples_split': 3, 'model__n_estimators': 2733}         0.961484        0.027490               15
19    {'model__max_depth': 90, 'model__max_features': 'log2', 'model__min_samples_leaf': 1, 'model__min_samples_split': 5, 'model__n_estimators': 2986}         0.961397        0.028190               16
7     {'model__max_depth': 50, 'model__max_features': 'log2', 'model__min_samples_leaf': 4, 'model__min_samples_split': 9, 'model__n_estimators': 1926}         0.960915        0.028307               17
14    {'model__max_depth': 90, 'model__max_features': 'sqrt', 'model__min_samples_leaf': 5, 'model__min_samples_split': 2, 'model__n_estimators': 2835}         0.960269        0.027772               18
10   {'model__max_depth': None, 'model__max_features': 'sqrt', 'model__min_samples_leaf': 1, 'model__min_samples_split': 5, 'model__n_estimators': 139}         0.959773        0.027811               19
5     {'model__max_depth': 80, 'model__max_features': 'sqrt', 'model__min_samples_leaf': 4, 'model__min_samples_split': 11, 'model__n_estimators': 802}         0.959738        0.027877               20
36     {'model__max_depth': 70, 'model__max_features': 'sqrt', 'model__min_samples_leaf': 5, 'model__min_samples_split': 3, 'model__n_estimators': 130}         0.959738        0.027877               20
15   {'model__max_depth': 80, 'model__max_features': 'log2', 'model__min_samples_leaf': 5, 'model__min_samples_split': 20, 'model__n_estimators': 1179}         0.959738        0.027877               20
12     {'model__max_depth': 60, 'model__max_features': 'log2', 'model__min_samples_leaf': 4, 'model__min_samples_split': 2, 'model__n_estimators': 114}         0.959738        0.027877               20
33    {'model__max_depth': 90, 'model__max_features': 'sqrt', 'model__min_samples_leaf': 5, 'model__min_samples_split': 16, 'model__n_estimators': 136}         0.959738        0.027877               20
32   {'model__max_depth': 10, 'model__max_features': 'log2', 'model__min_samples_leaf': 5, 'model__min_samples_split': 14, 'model__n_estimators': 2979}         0.959699        0.027865               25
43   {'model__max_depth': 100, 'model__max_features': 'sqrt', 'model__min_samples_leaf': 1, 'model__min_samples_split': 15, 'model__n_estimators': 136}         0.959202        0.027974               26
3     {'model__max_depth': 90, 'model__max_features': 'sqrt', 'model__min_samples_leaf': 2, 'model__min_samples_split': 19, 'model__n_estimators': 457}         0.959202        0.027974               26
2     {'model__max_depth': 30, 'model__max_features': 'log2', 'model__min_samples_leaf': 1, 'model__min_samples_split': 17, 'model__n_estimators': 469}         0.959202        0.027974               26
26  {'model__max_depth': 100, 'model__max_features': 'sqrt', 'model__min_samples_leaf': 1, 'model__min_samples_split': 12, 'model__n_estimators': 2807}         0.959202        0.027974               26
27  {'model__max_depth': None, 'model__max_features': 'log2', 'model__min_samples_leaf': 1, 'model__min_samples_split': 10, 'model__n_estimators': 137}         0.959202        0.027974               26
17   {'model__max_depth': 10, 'model__max_features': 'sqrt', 'model__min_samples_leaf': 3, 'model__min_samples_split': 14, 'model__n_estimators': 2997}         0.959168        0.027960               31
11    {'model__max_depth': 70, 'model__max_features': 'log2', 'model__min_samples_leaf': 5, 'model__min_samples_split': 6, 'model__n_estimators': 3000}         0.959129        0.027946               32
29    {'model__max_depth': 30, 'model__max_features': 'sqrt', 'model__min_samples_leaf': 5, 'model__min_samples_split': 7, 'model__n_estimators': 2994}         0.959129        0.027946               32
41     {'model__max_depth': 100, 'model__max_features': None, 'model__min_samples_leaf': 5, 'model__min_samples_split': 6, 'model__n_estimators': 2959}         0.958634        0.028688               34
24     {'model__max_depth': 100, 'model__max_features': None, 'model__min_samples_leaf': 1, 'model__min_samples_split': 10, 'model__n_estimators': 335}         0.958634        0.028688               34
49     {'model__max_depth': 10, 'model__max_features': None, 'model__min_samples_leaf': 3, 'model__min_samples_split': 12, 'model__n_estimators': 3000}         0.958634        0.028688               34
22       {'model__max_depth': 50, 'model__max_features': None, 'model__min_samples_leaf': 5, 'model__min_samples_split': 2, 'model__n_estimators': 175}         0.958634        0.028688               34
20     {'model__max_depth': 80, 'model__max_features': None, 'model__min_samples_leaf': 5, 'model__min_samples_split': 20, 'model__n_estimators': 2153}         0.958634        0.028688               34
16      {'model__max_depth': 80, 'model__max_features': None, 'model__min_samples_leaf': 5, 'model__min_samples_split': 10, 'model__n_estimators': 506}         0.958634        0.028688               34
9      {'model__max_depth': 10, 'model__max_features': None, 'model__min_samples_leaf': 2, 'model__min_samples_split': 20, 'model__n_estimators': 2156}         0.958634        0.028688               34
8      {'model__max_depth': 20, 'model__max_features': None, 'model__min_samples_leaf': 1, 'model__min_samples_split': 16, 'model__n_estimators': 2460}         0.958634        0.028688               34
30      {'model__max_depth': 40, 'model__max_features': None, 'model__min_samples_leaf': 5, 'model__min_samples_split': 15, 'model__n_estimators': 383}         0.958634        0.028688               34
39   {'model__max_depth': 30, 'model__max_features': 'log2', 'model__min_samples_leaf': 1, 'model__min_samples_split': 20, 'model__n_estimators': 2999}         0.958596        0.027406               43
4     {'model__max_depth': 30, 'model__max_features': 'log2', 'model__min_samples_leaf': 3, 'model__min_samples_split': 14, 'model__n_estimators': 786}         0.958596        0.027406               43
45  {'model__max_depth': 100, 'model__max_features': 'log2', 'model__min_samples_leaf': 1, 'model__min_samples_split': 13, 'model__n_estimators': 2947}         0.958596        0.027406               43
46   {'model__max_depth': 20, 'model__max_features': 'sqrt', 'model__min_samples_leaf': 1, 'model__min_samples_split': 20, 'model__n_estimators': 2989}         0.958596        0.027406               43
0    {'model__max_depth': 40, 'model__max_features': 'log2', 'model__min_samples_leaf': 2, 'model__min_samples_split': 17, 'model__n_estimators': 2157}         0.958596        0.027406               43
1    {'model__max_depth': 40, 'model__max_features': 'sqrt', 'model__min_samples_leaf': 4, 'model__min_samples_split': 20, 'model__n_estimators': 1963}         0.958523        0.027376               48
44      {'model__max_depth': 90, 'model__max_features': None, 'model__min_samples_leaf': 1, 'model__min_samples_split': 7, 'model__n_estimators': 2999}         0.957636        0.029755               49
13      {'model__max_depth': 10, 'model__max_features': None, 'model__min_samples_leaf': 1, 'model__min_samples_split': 2, 'model__n_estimators': 3000}         0.954192        0.031707               50


