17.11.2022 01:16:35

Runtime of models:
          model  train_time  pred_time
0     LinearSVC    0.004940   0.001621
1         Ridge    0.012848   0.001409
2  RandomForest    5.962172   0.338845

Holdout results:
             model_score     score
0     LinearSVC Accuracy  0.727273
1       LinearSVC Recall  0.714286
2         Ridge Accuracy  0.731602
3           Ridge Recall  0.738095
4  RandomForest Accuracy  0.744589
5    RandomForest Recall  0.500000

Cross validation results:
                          score          
                           mean       std
model_score                              
LinearSVC Accuracy     0.735693  0.027421
LinearSVC Recall       0.795646  0.052969
RandomForest Accuracy  0.765776  0.024922
RandomForest Recall    0.622858  0.059470
Ridge Accuracy         0.737392  0.026152
Ridge Recall           0.795311  0.056007
