15.11.2022 10:30:54
Scoring: accuracy
Best score: 0.7434666666666666
Best params: OrderedDict([('model__alpha', 51.56593497058564), ('model__fit_intercept', False)])
CV results:
   param_model__alpha param_model__fit_intercept  mean_test_score  std_test_score  rank_test_score
42          51.640453                      False         0.743467        0.032883                1
33          51.565935                      False         0.743467        0.032883                1
45          51.581295                      False         0.743467        0.032883                1
34           51.67585                      False         0.743467        0.032883                1
17          52.572681                      False         0.743200        0.033045                5
32          53.314581                      False         0.743200        0.033045                5
22          50.547948                      False         0.743200        0.032829                7
28          50.691507                      False         0.743200        0.032829                7
41          51.191456                      False         0.743200        0.032829                7
19          48.395916                      False         0.743200        0.032829                7
25          33.961974                      False         0.743200        0.032118                7
48          54.741101                      False         0.742933        0.033097               12
46          57.201184                      False         0.742933        0.033204               13
29          34.915001                      False         0.742667        0.032551               14
6           39.105381                      False         0.742667        0.032931               15
27          45.757389                      False         0.742667        0.032551               15
1           39.982211                      False         0.742667        0.032931               15
23          30.060563                      False         0.742400        0.031658               18
39           66.44219                      False         0.742133        0.032426               19
35          77.722262                      False         0.741867        0.032305               20
14          61.286177                      False         0.741600        0.033268               21
21          71.782306                      False         0.741333        0.032056               22
3           87.288918                      False         0.740800        0.030130               23
44          26.045265                      False         0.740800        0.032623               24
49          90.870813                      False         0.740800        0.030306               24
5           84.131399                      False         0.740533        0.031717               26
31          52.485052                       True         0.740533        0.032981               26
43          35.715227                       True         0.740267        0.034279               28
16          59.283157                       True         0.739733        0.031860               29
30          94.311081                      False         0.739733        0.030374               30
0           41.143727                       True         0.739733        0.032303               30
13          99.988238                      False         0.739733        0.030723               30
7           45.319568                       True         0.739733        0.032632               30
8           21.834258                      False         0.739200        0.033905               34
2            30.42329                       True         0.738933        0.033556               35
4           30.422952                       True         0.738933        0.033556               35
9           13.652458                      False         0.737333        0.033413               37
24          66.898491                       True         0.737067        0.032555               38
47          17.644877                      False         0.737067        0.033311               39
20          87.517061                       True         0.737067        0.032060               40
40          81.280613                       True         0.736800        0.031390               41
37          24.197835                       True         0.736800        0.034156               42
36          94.057016                       True         0.736800        0.031559               42
10          99.993929                       True         0.736267        0.031613               44
12          75.168225                       True         0.736267        0.031949               45
18          17.103394                       True         0.734933        0.032892               46
26           8.396554                       True         0.732000        0.032166               47
38           7.209619                      False         0.727467        0.031907               48
11           0.000456                       True         0.725333        0.035176               49
15           0.012544                      False         0.722933        0.033735               50


Scoring: f1_macro
Best score: 0.7064806304806304
Best params: OrderedDict([('model__alpha', 33.390521203075544), ('model__fit_intercept', False)])
CV results:
   param_model__alpha param_model__fit_intercept  mean_test_score  std_test_score  rank_test_score
33          33.390521                      False         0.706481        0.038894                1
48          33.561178                      False         0.706448        0.038901                2
41           33.78339                      False         0.706391        0.038945                3
42          33.696257                      False         0.706391        0.038945                3
45           33.66412                      False         0.706391        0.038945                3
19          34.715204                      False         0.706319        0.039097                6
22          34.494452                      False         0.706313        0.039098                7
29          33.901808                      False         0.706117        0.038942                8
17          32.857677                      False         0.706035        0.038804                9
32           34.82822                      False         0.706020        0.039261               10
27           34.85869                      False         0.706020        0.039261               10
28           34.08921                      False         0.705917        0.039143               12
34           32.34614                      False         0.705862        0.038712               13
25          48.766015                      False         0.705334        0.039614               14
15          53.111813                      False         0.705223        0.040005               15
6           39.105381                      False         0.705111        0.039316               16
47          44.452797                      False         0.705108        0.039252               17
1           39.982211                      False         0.704871        0.039474               18
46           57.47072                      False         0.704541        0.040577               19
40          27.251275                      False         0.704044        0.039214               20
43          67.159121                      False         0.703818        0.039728               21
39             77.693                      False         0.703580        0.040525               22
23          72.423072                      False         0.703174        0.039820               23
13          62.217309                      False         0.703155        0.040633               24
3           87.288918                      False         0.701583        0.037850               25
8           21.834258                      False         0.701530        0.039829               26
5           84.131399                      False         0.701291        0.039720               27
44          35.604999                       True         0.700957        0.041285               28
9           13.652458                      False         0.700869        0.039070               29
38          51.717997                       True         0.700485        0.041383               30
4           30.422952                       True         0.700335        0.040653               31
2            30.42329                       True         0.700335        0.040653               31
7           45.319568                       True         0.700099        0.040870               33
16          57.808718                       True         0.699910        0.040598               34
49          17.640033                      False         0.699795        0.039255               35
0           41.143727                       True         0.699753        0.039811               36
30          94.260047                      False         0.699590        0.038117               37
18          99.991452                      False         0.699572        0.038390               38
31          23.649308                       True         0.698820        0.041243               39
35            64.3357                       True         0.697701        0.039793               40
20          15.872866                       True         0.696460        0.039244               41
12          71.224807                       True         0.696154        0.040168               42
26          93.262447                       True         0.696063        0.039774               43
37          78.486257                       True         0.696003        0.039739               44
21          85.731441                       True         0.695859        0.040046               45
10          99.993929                       True         0.695128        0.039538               46
24           8.150288                       True         0.693785        0.037893               47
36           7.352099                      False         0.691971        0.036634               48
11           0.000456                       True         0.688981        0.039979               49
14                0.0                      False         0.687829        0.038907               50


