14.12.2024 00:57:29


    model  train_time  pred_time
0  OurRFR  756.071104   4.227214
1  SKTRFR    7.741411   0.095570
2     KNN    0.011842   1.109954
3  LLMRFR  DNF        DNF

Holdout results:
  model_score       score
0  OurRFR Mse  -97.156021
1  OurRFR Rse   -0.080372
2  SKTRFR Mse  -95.311467
3  SKTRFR Rse   -0.078847
4     KNN Mse -110.867051
5     KNN Rse   -0.091715

Cross validation results:
                  score          
                   mean       std
model_score                      


Relative Squared Error:
KNN Rse       -0.086920 
OurRFR Rse    -0.075015  
SKTRFR Rse    -0.074365  

Mean Squared Error:
KNN Mse     -101.985703  
OurRFR Mse   -88.010490  
SKTRFR Mse   -87.240354  





