09.12.2024 11:52:59
Scoring: RSE
Best score: -0.07425225089052202
best params: OrderedDict({'model__bootstrap': False, 'model__max_depth': 50, 'model__max_features': 'sqrt', 'model__min_samples_split': 11, 'model__n_estimators': 80})
CV results:
                                                                                                                                              params  mean_test_score  std_test_score  rank_test_score
49     {'model__bootstrap': False, 'model__max_depth': 50, 'model__max_features': 'sqrt', 'model__min_samples_split': 11, 'model__n_estimators': 80}        -0.074252        0.003112                1
6       {'model__bootstrap': True, 'model__max_depth': 50, 'model__max_features': 'sqrt', 'model__min_samples_split': 3, 'model__n_estimators': 900}        -0.074357        0.003307                2
23   {'model__bootstrap': False, 'model__max_depth': None, 'model__max_features': 'sqrt', 'model__min_samples_split': 4, 'model__n_estimators': 900}        -0.074382        0.003432                3
33    {'model__bootstrap': False, 'model__max_depth': None, 'model__max_features': 'log2', 'model__min_samples_split': 7, 'model__n_estimators': 90}        -0.074577        0.003456                4
32    {'model__bootstrap': False, 'model__max_depth': None, 'model__max_features': 'log2', 'model__min_samples_split': 7, 'model__n_estimators': 80}        -0.074584        0.003451                5
5      {'model__bootstrap': False, 'model__max_depth': 50, 'model__max_features': 'log2', 'model__min_samples_split': 11, 'model__n_estimators': 50}        -0.074899        0.002943                6
39      {'model__bootstrap': True, 'model__max_depth': 50, 'model__max_features': 'log2', 'model__min_samples_split': 2, 'model__n_estimators': 200}        -0.074909        0.003249                7
48     {'model__bootstrap': False, 'model__max_depth': 20, 'model__max_features': 'sqrt', 'model__min_samples_split': 10, 'model__n_estimators': 30}        -0.075126        0.003145                8
27      {'model__bootstrap': False, 'model__max_depth': 50, 'model__max_features': 'log2', 'model__min_samples_split': 3, 'model__n_estimators': 90}        -0.075396        0.003543                9
10     {'model__bootstrap': False, 'model__max_depth': 70, 'model__max_features': 'sqrt', 'model__min_samples_split': 2, 'model__n_estimators': 900}        -0.075403        0.003610               10
37     {'model__bootstrap': True, 'model__max_depth': None, 'model__max_features': 'log2', 'model__min_samples_split': 2, 'model__n_estimators': 80}        -0.075585        0.003138               11
40       {'model__bootstrap': True, 'model__max_depth': 50, 'model__max_features': 'log2', 'model__min_samples_split': 2, 'model__n_estimators': 80}        -0.075585        0.003138               11
36     {'model__bootstrap': True, 'model__max_depth': None, 'model__max_features': 'log2', 'model__min_samples_split': 2, 'model__n_estimators': 70}        -0.075733        0.003141               13
35       {'model__bootstrap': True, 'model__max_depth': 50, 'model__max_features': 'log2', 'model__min_samples_split': 2, 'model__n_estimators': 70}        -0.075733        0.003141               13
24       {'model__bootstrap': True, 'model__max_depth': 90, 'model__max_features': 'log2', 'model__min_samples_split': 2, 'model__n_estimators': 60}        -0.075949        0.003240               15
11   {'model__bootstrap': False, 'model__max_depth': None, 'model__max_features': 'log2', 'model__min_samples_split': 2, 'model__n_estimators': 100}        -0.076072        0.003468               16
41        {'model__bootstrap': True, 'model__max_depth': 40, 'model__max_features': None, 'model__min_samples_split': 3, 'model__n_estimators': 900}        -0.076216        0.003665               17
45        {'model__bootstrap': True, 'model__max_depth': 90, 'model__max_features': None, 'model__min_samples_split': 2, 'model__n_estimators': 600}        -0.076225        0.003629               18
44        {'model__bootstrap': True, 'model__max_depth': 30, 'model__max_features': None, 'model__min_samples_split': 2, 'model__n_estimators': 400}        -0.076321        0.003657               19
29    {'model__bootstrap': False, 'model__max_depth': None, 'model__max_features': 'log2', 'model__min_samples_split': 2, 'model__n_estimators': 60}        -0.076407        0.003573               20
38       {'model__bootstrap': True, 'model__max_depth': 70, 'model__max_features': 'log2', 'model__min_samples_split': 5, 'model__n_estimators': 60}        -0.076637        0.003428               21
21      {'model__bootstrap': False, 'model__max_depth': 90, 'model__max_features': 'log2', 'model__min_samples_split': 2, 'model__n_estimators': 50}        -0.076677        0.003563               22
13      {'model__bootstrap': False, 'model__max_depth': 50, 'model__max_features': 'log2', 'model__min_samples_split': 2, 'model__n_estimators': 50}        -0.076678        0.003563               23
19      {'model__bootstrap': False, 'model__max_depth': 40, 'model__max_features': 'log2', 'model__min_samples_split': 2, 'model__n_estimators': 40}        -0.076938        0.003626               24
14  {'model__bootstrap': False, 'model__max_depth': None, 'model__max_features': 'log2', 'model__min_samples_split': 20, 'model__n_estimators': 100}        -0.076997        0.003087               25
17     {'model__bootstrap': False, 'model__max_depth': 60, 'model__max_features': 'log2', 'model__min_samples_split': 20, 'model__n_estimators': 80}        -0.077047        0.003054               26
7       {'model__bootstrap': True, 'model__max_depth': 90, 'model__max_features': 'log2', 'model__min_samples_split': 9, 'model__n_estimators': 300}        -0.077093        0.003007               27
22      {'model__bootstrap': True, 'model__max_depth': 100, 'model__max_features': 'sqrt', 'model__min_samples_split': 2, 'model__n_estimators': 20}        -0.078559        0.003381               28
31      {'model__bootstrap': False, 'model__max_depth': 50, 'model__max_features': 'log2', 'model__min_samples_split': 2, 'model__n_estimators': 20}        -0.078680        0.003623               29
20      {'model__bootstrap': False, 'model__max_depth': 50, 'model__max_features': 'log2', 'model__min_samples_split': 4, 'model__n_estimators': 10}        -0.079505        0.003804               30
8        {'model__bootstrap': True, 'model__max_depth': 20, 'model__max_features': None, 'model__min_samples_split': 16, 'model__n_estimators': 700}        -0.079812        0.003552               31
0        {'model__bootstrap': True, 'model__max_depth': 90, 'model__max_features': None, 'model__min_samples_split': 17, 'model__n_estimators': 500}        -0.080068        0.003472               32
4       {'model__bootstrap': True, 'model__max_depth': 90, 'model__max_features': 'sqrt', 'model__min_samples_split': 14, 'model__n_estimators': 50}        -0.080570        0.003110               33
12     {'model__bootstrap': False, 'model__max_depth': 100, 'model__max_features': 'sqrt', 'model__min_samples_split': 2, 'model__n_estimators': 10}        -0.081124        0.004257               34
9        {'model__bootstrap': True, 'model__max_depth': 20, 'model__max_features': None, 'model__min_samples_split': 20, 'model__n_estimators': 500}        -0.081287        0.003466               35
2         {'model__bootstrap': True, 'model__max_depth': 80, 'model__max_features': None, 'model__min_samples_split': 17, 'model__n_estimators': 30}        -0.081930        0.003127               36
18     {'model__bootstrap': True, 'model__max_depth': 40, 'model__max_features': 'sqrt', 'model__min_samples_split': 20, 'model__n_estimators': 900}        -0.082132        0.003014               37
47       {'model__bootstrap': True, 'model__max_depth': None, 'model__max_features': None, 'model__min_samples_split': 2, 'model__n_estimators': 10}        -0.082594        0.003645               38
46       {'model__bootstrap': True, 'model__max_depth': 90, 'model__max_features': 'log2', 'model__min_samples_split': 2, 'model__n_estimators': 10}        -0.082674        0.003336               39
1      {'model__bootstrap': True, 'model__max_depth': 30, 'model__max_features': 'log2', 'model__min_samples_split': 20, 'model__n_estimators': 300}        -0.083613        0.003028               40
30         {'model__bootstrap': True, 'model__max_depth': 10, 'model__max_features': None, 'model__min_samples_split': 5, 'model__n_estimators': 40}        -0.100166        0.004004               41
16      {'model__bootstrap': False, 'model__max_depth': 10, 'model__max_features': 'sqrt', 'model__min_samples_split': 2, 'model__n_estimators': 70}        -0.108310        0.002849               42
25     {'model__bootstrap': True, 'model__max_depth': 10, 'model__max_features': 'sqrt', 'model__min_samples_split': 7, 'model__n_estimators': 1000}        -0.110485        0.002817               43
28     {'model__bootstrap': False, 'model__max_depth': 10, 'model__max_features': 'log2', 'model__min_samples_split': 14, 'model__n_estimators': 80}        -0.115917        0.003636               44
34       {'model__bootstrap': False, 'model__max_depth': 20, 'model__max_features': None, 'model__min_samples_split': 2, 'model__n_estimators': 800}        -0.116154        0.006514               45
26       {'model__bootstrap': False, 'model__max_depth': 70, 'model__max_features': None, 'model__min_samples_split': 2, 'model__n_estimators': 150}        -0.116344        0.006478               46
15       {'model__bootstrap': False, 'model__max_depth': 80, 'model__max_features': None, 'model__min_samples_split': 3, 'model__n_estimators': 500}        -0.116368        0.006480               47
3        {'model__bootstrap': False, 'model__max_depth': 30, 'model__max_features': None, 'model__min_samples_split': 19, 'model__n_estimators': 30}        -0.116439        0.005982               48
42      {'model__bootstrap': False, 'model__max_depth': 20, 'model__max_features': None, 'model__min_samples_split': 20, 'model__n_estimators': 900}        -0.116528        0.005849               49
43       {'model__bootstrap': False, 'model__max_depth': 10, 'model__max_features': None, 'model__min_samples_split': 14, 'model__n_estimators': 40}        -0.136600        0.004959               50


Scoring: MSE
Best score: -86.3222339746373
best params: OrderedDict({'model__bootstrap': False, 'model__max_depth': None, 'model__max_features': 'sqrt', 'model__min_samples_split': 9, 'model__n_estimators': 400})
CV results:
                                                                                                                                              params  mean_test_score  std_test_score  rank_test_score
28   {'model__bootstrap': False, 'model__max_depth': None, 'model__max_features': 'sqrt', 'model__min_samples_split': 9, 'model__n_estimators': 400}       -86.322234        3.927000                1
39     {'model__bootstrap': False, 'model__max_depth': 50, 'model__max_features': 'sqrt', 'model__min_samples_split': 9, 'model__n_estimators': 400}       -86.322336        3.926848                2
32  {'model__bootstrap': False, 'model__max_depth': None, 'model__max_features': 'sqrt', 'model__min_samples_split': 10, 'model__n_estimators': 400}       -86.345155        3.921667                3
23     {'model__bootstrap': False, 'model__max_depth': 50, 'model__max_features': 'log2', 'model__min_samples_split': 8, 'model__n_estimators': 800}       -86.427169        3.984108                4
24     {'model__bootstrap': False, 'model__max_depth': 50, 'model__max_features': 'log2', 'model__min_samples_split': 9, 'model__n_estimators': 800}       -86.438811        3.832614                5
44     {'model__bootstrap': False, 'model__max_depth': 50, 'model__max_features': 'sqrt', 'model__min_samples_split': 9, 'model__n_estimators': 200}       -86.448602        3.951018                6
48    {'model__bootstrap': False, 'model__max_depth': 50, 'model__max_features': 'sqrt', 'model__min_samples_split': 10, 'model__n_estimators': 200}       -86.462264        3.946139                7
49     {'model__bootstrap': False, 'model__max_depth': 50, 'model__max_features': 'log2', 'model__min_samples_split': 9, 'model__n_estimators': 400}       -86.474071        3.832442                8
36     {'model__bootstrap': False, 'model__max_depth': 30, 'model__max_features': 'log2', 'model__min_samples_split': 9, 'model__n_estimators': 800}       -86.498397        3.820274                9
27   {'model__bootstrap': False, 'model__max_depth': None, 'model__max_features': 'sqrt', 'model__min_samples_split': 6, 'model__n_estimators': 400}       -86.719593        4.093828               10
37    {'model__bootstrap': False, 'model__max_depth': None, 'model__max_features': 'log2', 'model__min_samples_split': 9, 'model__n_estimators': 60}       -87.091424        4.081431               11
20      {'model__bootstrap': True, 'model__max_depth': 50, 'model__max_features': 'sqrt', 'model__min_samples_split': 2, 'model__n_estimators': 500}       -87.118559        4.107802               12
10      {'model__bootstrap': True, 'model__max_depth': 50, 'model__max_features': 'sqrt', 'model__min_samples_split': 2, 'model__n_estimators': 900}       -87.140774        4.167878               13
14      {'model__bootstrap': True, 'model__max_depth': 50, 'model__max_features': 'sqrt', 'model__min_samples_split': 2, 'model__n_estimators': 300}       -87.199550        4.110312               14
6       {'model__bootstrap': True, 'model__max_depth': 50, 'model__max_features': 'sqrt', 'model__min_samples_split': 3, 'model__n_estimators': 900}       -87.236539        4.162667               15
40  {'model__bootstrap': False, 'model__max_depth': None, 'model__max_features': 'sqrt', 'model__min_samples_split': 14, 'model__n_estimators': 200}       -87.265638        3.791546               16
46  {'model__bootstrap': False, 'model__max_depth': None, 'model__max_features': 'sqrt', 'model__min_samples_split': 15, 'model__n_estimators': 400}       -87.310717        3.865868               17
22      {'model__bootstrap': False, 'model__max_depth': 50, 'model__max_features': 'log2', 'model__min_samples_split': 8, 'model__n_estimators': 50}       -87.514814        3.975669               18
38      {'model__bootstrap': True, 'model__max_depth': 40, 'model__max_features': 'log2', 'model__min_samples_split': 3, 'model__n_estimators': 400}       -87.542812        4.083212               19
45  {'model__bootstrap': False, 'model__max_depth': None, 'model__max_features': 'sqrt', 'model__min_samples_split': 15, 'model__n_estimators': 200}       -87.583943        3.875997               20
25      {'model__bootstrap': True, 'model__max_depth': 30, 'model__max_features': 'log2', 'model__min_samples_split': 2, 'model__n_estimators': 300}       -87.597672        4.004472               21
21      {'model__bootstrap': True, 'model__max_depth': 50, 'model__max_features': 'sqrt', 'model__min_samples_split': 2, 'model__n_estimators': 150}       -87.624657        4.140823               22
5      {'model__bootstrap': False, 'model__max_depth': 50, 'model__max_features': 'log2', 'model__min_samples_split': 11, 'model__n_estimators': 50}       -87.865799        3.591601               23
42  {'model__bootstrap': False, 'model__max_depth': None, 'model__max_features': 'sqrt', 'model__min_samples_split': 17, 'model__n_estimators': 400}       -87.912313        3.833439               24
18      {'model__bootstrap': False, 'model__max_depth': 50, 'model__max_features': 'log2', 'model__min_samples_split': 4, 'model__n_estimators': 50}       -88.069043        4.256921               25
15       {'model__bootstrap': True, 'model__max_depth': 50, 'model__max_features': 'sqrt', 'model__min_samples_split': 2, 'model__n_estimators': 90}       -88.082717        4.113110               26
43  {'model__bootstrap': False, 'model__max_depth': None, 'model__max_features': 'sqrt', 'model__min_samples_split': 17, 'model__n_estimators': 100}       -88.314188        3.689899               27
33       {'model__bootstrap': True, 'model__max_depth': 50, 'model__max_features': 'sqrt', 'model__min_samples_split': 2, 'model__n_estimators': 70}       -88.425838        4.100135               28
13     {'model__bootstrap': False, 'model__max_depth': 50, 'model__max_features': 'log2', 'model__min_samples_split': 2, 'model__n_estimators': 800}       -88.532107        4.356654               29
26     {'model__bootstrap': False, 'model__max_depth': 60, 'model__max_features': 'sqrt', 'model__min_samples_split': 2, 'model__n_estimators': 400}       -88.544842        4.384858               30
34       {'model__bootstrap': True, 'model__max_depth': 50, 'model__max_features': 'log2', 'model__min_samples_split': 2, 'model__n_estimators': 80}       -88.681694        4.082723               31
12    {'model__bootstrap': False, 'model__max_depth': 30, 'model__max_features': 'sqrt', 'model__min_samples_split': 20, 'model__n_estimators': 400}       -88.838560        3.856579               32
41   {'model__bootstrap': False, 'model__max_depth': None, 'model__max_features': 'sqrt', 'model__min_samples_split': 17, 'model__n_estimators': 40}       -89.287844        3.691891               33
47      {'model__bootstrap': True, 'model__max_depth': 70, 'model__max_features': 'log2', 'model__min_samples_split': 9, 'model__n_estimators': 600}       -90.369283        3.816315               34
7       {'model__bootstrap': True, 'model__max_depth': 90, 'model__max_features': 'log2', 'model__min_samples_split': 9, 'model__n_estimators': 300}       -90.441573        3.730887               35
19       {'model__bootstrap': True, 'model__max_depth': 50, 'model__max_features': 'sqrt', 'model__min_samples_split': 2, 'model__n_estimators': 30}       -90.443191        4.140667               36
17     {'model__bootstrap': False, 'model__max_depth': 50, 'model__max_features': 'log2', 'model__min_samples_split': 20, 'model__n_estimators': 50}       -90.917023        3.788728               37
16       {'model__bootstrap': True, 'model__max_depth': 50, 'model__max_features': 'sqrt', 'model__min_samples_split': 2, 'model__n_estimators': 20}       -92.163260        4.216951               38
29   {'model__bootstrap': False, 'model__max_depth': None, 'model__max_features': 'sqrt', 'model__min_samples_split': 15, 'model__n_estimators': 10}       -93.510788        4.196000               39
8        {'model__bootstrap': True, 'model__max_depth': 20, 'model__max_features': None, 'model__min_samples_split': 16, 'model__n_estimators': 700}       -93.629054        4.295364               40
0        {'model__bootstrap': True, 'model__max_depth': 90, 'model__max_features': None, 'model__min_samples_split': 17, 'model__n_estimators': 500}       -93.929889        4.203596               41
4       {'model__bootstrap': True, 'model__max_depth': 90, 'model__max_features': 'sqrt', 'model__min_samples_split': 14, 'model__n_estimators': 50}       -94.513751        3.700658               42
9        {'model__bootstrap': True, 'model__max_depth': 20, 'model__max_features': None, 'model__min_samples_split': 20, 'model__n_estimators': 500}       -95.357732        4.176077               43
2         {'model__bootstrap': True, 'model__max_depth': 80, 'model__max_features': None, 'model__min_samples_split': 17, 'model__n_estimators': 30}       -96.111565        3.795414               44
30         {'model__bootstrap': True, 'model__max_depth': 70, 'model__max_features': None, 'model__min_samples_split': 3, 'model__n_estimators': 10}       -97.042984        4.542156               45
31      {'model__bootstrap': True, 'model__max_depth': 100, 'model__max_features': 'sqrt', 'model__min_samples_split': 2, 'model__n_estimators': 10}       -97.155424        3.992003               46
1      {'model__bootstrap': True, 'model__max_depth': 30, 'model__max_features': 'log2', 'model__min_samples_split': 20, 'model__n_estimators': 300}       -98.088180        3.720126               47
35      {'model__bootstrap': True, 'model__max_depth': 50, 'model__max_features': 'log2', 'model__min_samples_split': 20, 'model__n_estimators': 60}       -99.429727        3.569489               48
11       {'model__bootstrap': False, 'model__max_depth': 90, 'model__max_features': None, 'model__min_samples_split': 2, 'model__n_estimators': 900}      -136.455620        6.548160               49
3        {'model__bootstrap': False, 'model__max_depth': 30, 'model__max_features': None, 'model__min_samples_split': 19, 'model__n_estimators': 30}      -136.549889        6.179814               50


