17.11.2022 10:57:38

Runtime of models:
          model  train_time  pred_time
0     LinearSVC    0.381595   0.041825
1         Ridge    0.164179   0.046076
2  RandomForest  189.797705   3.396842

Holdout results:
             model_score     score
0     LinearSVC Accuracy  0.802566
1           LinearSVC F1  0.677373
2         Ridge Accuracy  0.843104
3               Ridge F1  0.627813
4  RandomForest Accuracy  0.865420
5        RandomForest F1  0.687480

Cross validation results:
                          score          
                           mean       std
model_score                              
LinearSVC Accuracy     0.804889  0.003873
LinearSVC F1           0.677250  0.004877
RandomForest Accuracy  0.865808  0.002606
RandomForest F1        0.683645  0.006844
Ridge Accuracy         0.843893  0.002442
Ridge F1               0.625885  0.006685
