15.11.2022 01:16:09
Scoring: accuracy
Best score: 0.8659555071035264
best params: OrderedDict([('model__max_depth', 40), ('model__max_features', 'sqrt'), ('model__min_samples_leaf', 2), ('model__min_samples_split', 17), ('model__n_estimators', 1448)])
CV results:
                                                                                                                                                 params  mean_test_score  std_test_score  rank_test_score
0    {'model__max_depth': 40, 'model__max_features': 'sqrt', 'model__min_samples_leaf': 2, 'model__min_samples_split': 17, 'model__n_estimators': 1448}         0.865956        0.001920                1
23     {'model__max_depth': 40, 'model__max_features': 'sqrt', 'model__min_samples_leaf': 2, 'model__min_samples_split': 2, 'model__n_estimators': 100}         0.865485        0.002300                2
10    {'model__max_depth': 20, 'model__max_features': 'sqrt', 'model__min_samples_leaf': 1, 'model__min_samples_split': 20, 'model__n_estimators': 911}         0.865362        0.001630                3
2     {'model__max_depth': 30, 'model__max_features': 'sqrt', 'model__min_samples_leaf': 1, 'model__min_samples_split': 17, 'model__n_estimators': 342}         0.865259        0.001583                4
15    {'model__max_depth': 80, 'model__max_features': 'sqrt', 'model__min_samples_leaf': 2, 'model__min_samples_split': 9, 'model__n_estimators': 1205}         0.865198        0.001581                5
14    {'model__max_depth': 70, 'model__max_features': 'sqrt', 'model__min_samples_leaf': 3, 'model__min_samples_split': 9, 'model__n_estimators': 1188}         0.864952        0.001505                6
4     {'model__max_depth': 30, 'model__max_features': 'sqrt', 'model__min_samples_leaf': 3, 'model__min_samples_split': 14, 'model__n_estimators': 549}         0.864932        0.001034                7
12    {'model__max_depth': 20, 'model__max_features': 'sqrt', 'model__min_samples_leaf': 1, 'model__min_samples_split': 20, 'model__n_estimators': 124}         0.864891        0.001516                8
28    {'model__max_depth': 40, 'model__max_features': 'sqrt', 'model__min_samples_leaf': 3, 'model__min_samples_split': 20, 'model__n_estimators': 339}         0.864809        0.001624                9
13    {'model__max_depth': 60, 'model__max_features': 'sqrt', 'model__min_samples_leaf': 4, 'model__min_samples_split': 9, 'model__n_estimators': 1276}         0.864666        0.001710               10
18   {'model__max_depth': 100, 'model__max_features': 'sqrt', 'model__min_samples_leaf': 3, 'model__min_samples_split': 20, 'model__n_estimators': 140}         0.864666        0.002099               11
7     {'model__max_depth': 50, 'model__max_features': 'sqrt', 'model__min_samples_leaf': 4, 'model__min_samples_split': 9, 'model__n_estimators': 1296}         0.864604        0.001603               12
29    {'model__max_depth': 90, 'model__max_features': 'sqrt', 'model__min_samples_leaf': 1, 'model__min_samples_split': 20, 'model__n_estimators': 526}         0.864584        0.002064               13
24  {'model__max_depth': None, 'model__max_features': 'sqrt', 'model__min_samples_leaf': 5, 'model__min_samples_split': 2, 'model__n_estimators': 1781}         0.864379        0.001599               14
16    {'model__max_depth': 90, 'model__max_features': 'sqrt', 'model__min_samples_leaf': 5, 'model__min_samples_split': 9, 'model__n_estimators': 1080}         0.864359        0.001627               15
27   {'model__max_depth': 100, 'model__max_features': 'sqrt', 'model__min_samples_leaf': 5, 'model__min_samples_split': 2, 'model__n_estimators': 1952}         0.864236        0.001565               16
25    {'model__max_depth': 20, 'model__max_features': 'sqrt', 'model__min_samples_leaf': 4, 'model__min_samples_split': 2, 'model__n_estimators': 1976}         0.863970        0.001409               17
8    {'model__max_depth': 20, 'model__max_features': 'log2', 'model__min_samples_leaf': 1, 'model__min_samples_split': 16, 'model__n_estimators': 1646}         0.863867        0.001122               18
3     {'model__max_depth': 90, 'model__max_features': 'log2', 'model__min_samples_leaf': 2, 'model__min_samples_split': 19, 'model__n_estimators': 334}         0.863621        0.001342               19
26   {'model__max_depth': None, 'model__max_features': 'log2', 'model__min_samples_leaf': 2, 'model__min_samples_split': 2, 'model__n_estimators': 116}         0.863540        0.000997               20
6     {'model__max_depth': 40, 'model__max_features': 'log2', 'model__min_samples_leaf': 3, 'model__min_samples_split': 3, 'model__n_estimators': 1825}         0.863335        0.001446               21
20    {'model__max_depth': 30, 'model__max_features': 'log2', 'model__min_samples_leaf': 1, 'model__min_samples_split': 2, 'model__n_estimators': 1994}         0.863314        0.001965               22
22    {'model__max_depth': 70, 'model__max_features': 'log2', 'model__min_samples_leaf': 3, 'model__min_samples_split': 20, 'model__n_estimators': 268}         0.863253        0.001501               23
17    {'model__max_depth': 60, 'model__max_features': 'log2', 'model__min_samples_leaf': 3, 'model__min_samples_split': 2, 'model__n_estimators': 1877}         0.863192        0.001343               24
19   {'model__max_depth': 100, 'model__max_features': 'log2', 'model__min_samples_leaf': 4, 'model__min_samples_split': 2, 'model__n_estimators': 1862}         0.862762        0.001575               25
5     {'model__max_depth': 80, 'model__max_features': 'log2', 'model__min_samples_leaf': 4, 'model__min_samples_split': 11, 'model__n_estimators': 560}         0.862495        0.001302               26
1    {'model__max_depth': 40, 'model__max_features': 'log2', 'model__min_samples_leaf': 4, 'model__min_samples_split': 20, 'model__n_estimators': 1321}         0.862086        0.001375               27
21     {'model__max_depth': 50, 'model__max_features': 'log2', 'model__min_samples_leaf': 5, 'model__min_samples_split': 2, 'model__n_estimators': 204}         0.861042        0.001583               28
11    {'model__max_depth': 10, 'model__max_features': 'sqrt', 'model__min_samples_leaf': 1, 'model__min_samples_split': 20, 'model__n_estimators': 627}         0.860898        0.001155               29
9    {'model__max_depth': 10, 'model__max_features': 'log2', 'model__min_samples_leaf': 2, 'model__min_samples_split': 20, 'model__n_estimators': 1447}         0.855452        0.001227               30


Scoring: f1
Best score: 0.6862697759253805
best params: OrderedDict([('model__max_depth', 70), ('model__max_features', 'sqrt'), ('model__min_samples_leaf', 1), ('model__min_samples_split', 19), ('model__n_estimators', 1485)])
CV results:
                                                                                                                                                 params  mean_test_score  std_test_score  rank_test_score
15   {'model__max_depth': 70, 'model__max_features': 'sqrt', 'model__min_samples_leaf': 1, 'model__min_samples_split': 19, 'model__n_estimators': 1485}         0.686270        0.005108                1
11    {'model__max_depth': 60, 'model__max_features': 'sqrt', 'model__min_samples_leaf': 1, 'model__min_samples_split': 20, 'model__n_estimators': 308}         0.685687        0.005990                2
24   {'model__max_depth': 90, 'model__max_features': 'sqrt', 'model__min_samples_leaf': 1, 'model__min_samples_split': 20, 'model__n_estimators': 1874}         0.685303        0.005333                3
20   {'model__max_depth': 100, 'model__max_features': 'sqrt', 'model__min_samples_leaf': 1, 'model__min_samples_split': 9, 'model__n_estimators': 2000}         0.685302        0.004877                4
0    {'model__max_depth': 40, 'model__max_features': 'sqrt', 'model__min_samples_leaf': 2, 'model__min_samples_split': 17, 'model__n_estimators': 1448}         0.684779        0.005400                5
12   {'model__max_depth': 100, 'model__max_features': 'sqrt', 'model__min_samples_leaf': 2, 'model__min_samples_split': 11, 'model__n_estimators': 871}         0.683993        0.004063                6
2     {'model__max_depth': 30, 'model__max_features': 'sqrt', 'model__min_samples_leaf': 1, 'model__min_samples_split': 17, 'model__n_estimators': 342}         0.683697        0.004444                7
28   {'model__max_depth': 70, 'model__max_features': 'log2', 'model__min_samples_leaf': 1, 'model__min_samples_split': 20, 'model__n_estimators': 1936}         0.683417        0.005709                8
16    {'model__max_depth': 80, 'model__max_features': 'sqrt', 'model__min_samples_leaf': 2, 'model__min_samples_split': 14, 'model__n_estimators': 423}         0.682772        0.003938                9
14     {'model__max_depth': 40, 'model__max_features': 'sqrt', 'model__min_samples_leaf': 2, 'model__min_samples_split': 9, 'model__n_estimators': 100}         0.682108        0.004657               10
4     {'model__max_depth': 30, 'model__max_features': 'sqrt', 'model__min_samples_leaf': 3, 'model__min_samples_split': 14, 'model__n_estimators': 549}         0.680025        0.004082               11
22    {'model__max_depth': 30, 'model__max_features': 'log2', 'model__min_samples_leaf': 1, 'model__min_samples_split': 2, 'model__n_estimators': 1779}         0.679630        0.005060               12
7     {'model__max_depth': 50, 'model__max_features': 'sqrt', 'model__min_samples_leaf': 4, 'model__min_samples_split': 9, 'model__n_estimators': 1296}         0.678276        0.005544               13
10    {'model__max_depth': 20, 'model__max_features': 'sqrt', 'model__min_samples_leaf': 1, 'model__min_samples_split': 20, 'model__n_estimators': 911}         0.677385        0.005948               14
17    {'model__max_depth': 50, 'model__max_features': 'sqrt', 'model__min_samples_leaf': 5, 'model__min_samples_split': 4, 'model__n_estimators': 1286}         0.677361        0.005275               15
27   {'model__max_depth': 60, 'model__max_features': 'sqrt', 'model__min_samples_leaf': 5, 'model__min_samples_split': 20, 'model__n_estimators': 1835}         0.676749        0.004946               16
18    {'model__max_depth': 90, 'model__max_features': 'sqrt', 'model__min_samples_leaf': 5, 'model__min_samples_split': 2, 'model__n_estimators': 1818}         0.676720        0.005022               17
29  {'model__max_depth': 100, 'model__max_features': 'sqrt', 'model__min_samples_leaf': 5, 'model__min_samples_split': 20, 'model__n_estimators': 2000}         0.676714        0.005165               18
23    {'model__max_depth': 70, 'model__max_features': 'sqrt', 'model__min_samples_leaf': 5, 'model__min_samples_split': 2, 'model__n_estimators': 2000}         0.676684        0.005179               19
26    {'model__max_depth': 60, 'model__max_features': 'sqrt', 'model__min_samples_leaf': 1, 'model__min_samples_split': 2, 'model__n_estimators': 1660}         0.676421        0.005714               20
3     {'model__max_depth': 90, 'model__max_features': 'log2', 'model__min_samples_leaf': 2, 'model__min_samples_split': 19, 'model__n_estimators': 334}         0.674661        0.004074               21
19    {'model__max_depth': 60, 'model__max_features': 'log2', 'model__min_samples_leaf': 1, 'model__min_samples_split': 2, 'model__n_estimators': 1745}         0.673649        0.005977               22
21   {'model__max_depth': 100, 'model__max_features': 'log2', 'model__min_samples_leaf': 1, 'model__min_samples_split': 2, 'model__n_estimators': 2000}         0.673312        0.006254               23
6     {'model__max_depth': 40, 'model__max_features': 'log2', 'model__min_samples_leaf': 3, 'model__min_samples_split': 3, 'model__n_estimators': 1825}         0.671582        0.005322               24
8    {'model__max_depth': 20, 'model__max_features': 'log2', 'model__min_samples_leaf': 1, 'model__min_samples_split': 16, 'model__n_estimators': 1646}         0.671150        0.004765               25
5     {'model__max_depth': 80, 'model__max_features': 'log2', 'model__min_samples_leaf': 4, 'model__min_samples_split': 11, 'model__n_estimators': 560}         0.667281        0.005657               26
1    {'model__max_depth': 40, 'model__max_features': 'log2', 'model__min_samples_leaf': 4, 'model__min_samples_split': 20, 'model__n_estimators': 1321}         0.666089        0.005750               27
25     {'model__max_depth': 50, 'model__max_features': 'log2', 'model__min_samples_leaf': 5, 'model__min_samples_split': 2, 'model__n_estimators': 274}         0.662496        0.005657               28
13    {'model__max_depth': 10, 'model__max_features': 'sqrt', 'model__min_samples_leaf': 3, 'model__min_samples_split': 3, 'model__n_estimators': 1742}         0.652619        0.005106               29
9    {'model__max_depth': 10, 'model__max_features': 'log2', 'model__min_samples_leaf': 2, 'model__min_samples_split': 20, 'model__n_estimators': 1447}         0.625484        0.006401               30


