15.11.2022 01:03:06
Scoring: accuracy
Best score: 0.8531263501378149
best params: OrderedDict([('model__C', 0.15280880678946898), ('model__class_weight', None), ('model__fit_intercept', False)])
CV results:
   param_model__C param_model__class_weight param_model__fit_intercept  mean_test_score  std_test_score  rank_test_score
28       0.152809                      None                      False         0.853126        0.002904                1
29      1000000.0                      None                      False         0.853126        0.002951                2
22  555699.109696                      None                      False         0.853122        0.002956                3
41    4714.809975                      None                       True         0.853118        0.002955                4
10      26.098127                      None                      False         0.853118        0.002953                5
35   114592.17556                      None                      False         0.853118        0.002962                6
48     263.165496                      None                       True         0.853118        0.002956                6
15     420.675191                      None                      False         0.853114        0.002966                8
33   59783.133765                      None                       True         0.853114        0.002949                8
18  193797.349692                      None                       True         0.853114        0.002962                8
5    12467.168377                      None                       True         0.853114        0.002959                8
44       35.30681                      None                       True         0.853114        0.002959               12
25    2732.381323                      None                      False         0.853114        0.002967               12
20     109.044355                      None                       True         0.853114        0.002956               12
3     29831.16255                      None                      False         0.853114        0.002969               15
45    8312.844141                      None                      False         0.853114        0.002977               16
17       1.254402                      None                      False         0.853110        0.002963               17
36       4.711078                      None                      False         0.853110        0.002947               18
40      81.131421                      None                      False         0.853110        0.002957               19
12      1000000.0                      None                       True         0.853110        0.002959               20
47    4609.068811                      None                      False         0.853106        0.002972               21
26    1055.320591                      None                       True         0.853106        0.002967               22
21       6.058024                      None                       True         0.853098        0.002959               23
32       5.232771                      None                      False         0.853094        0.002955               24
43       5.651934                      None                      False         0.853094        0.002953               25
1        0.062786                      None                       True         0.853085        0.002842               26
42       2.144549                      None                       True         0.853081        0.002948               27
6        0.049277                      None                      False         0.853065        0.002896               28
49       0.550876                      None                      False         0.853061        0.002939               29
24       0.297665                      None                       True         0.853049        0.002941               30
37         0.0217                      None                       True         0.853032        0.002870               31
16        0.00574                      None                       True         0.852414        0.002648               32
31       0.002184                      None                      False         0.851149        0.002464               33
34       0.000924                      None                       True         0.849908        0.002434               34
8        0.000417                      None                      False         0.847246        0.002465               35
9        0.000043                      None                      False         0.825294        0.001957               36
7        0.274377                  balanced                       True         0.804897        0.003796               37
39       2.094756                  balanced                      False         0.804881        0.003765               38
27   56979.082392                  balanced                       True         0.804877        0.003759               39
14    1369.569095                  balanced                      False         0.804873        0.003762               40
23      28.072598                  balanced                      False         0.804873        0.003745               41
38  181773.307763                  balanced                      False         0.804873        0.003757               41
11      1000000.0                  balanced                      False         0.804869        0.003756               43
46     100.790294                  balanced                       True         0.804861        0.003761               44
0        0.086546                  balanced                      False         0.804742        0.003819               45
4        0.004475                  balanced                      False         0.802887        0.003632               46
2        0.004475                  balanced                      False         0.802887        0.003632               46
30       0.000097                  balanced                       True         0.784452        0.003960               48
19       0.000001                      None                       True         0.769027        0.000827               49
13       0.000001                  balanced                      False         0.685074        0.004254               50


Scoring: f1
Best score: 0.6772635953600364
best params: OrderedDict([('model__C', 0.2743773053716827), ('model__class_weight', 'balanced'), ('model__fit_intercept', True)])
CV results:
   param_model__C param_model__class_weight param_model__fit_intercept  mean_test_score  std_test_score  rank_test_score
7        0.274377                  balanced                       True         0.677264        0.004775                1
39       0.978175                  balanced                      False         0.677245        0.004748                2
17    1679.963298                  balanced                      False         0.677245        0.004734                3
16       3.342798                  balanced                       True         0.677245        0.004755                4
47       0.962249                  balanced                      False         0.677241        0.004742                5
24      83.219786                  balanced                       True         0.677240        0.004700                6
41       0.972225                  balanced                      False         0.677236        0.004757                7
25   473986.73483                  balanced                      False         0.677236        0.004740                8
10      27.598918                  balanced                      False         0.677236        0.004733                9
32       1.020804                  balanced                      False         0.677231        0.004739               10
23   47255.649352                  balanced                       True         0.677231        0.004719               11
14   11910.252441                  balanced                      False         0.677227        0.004744               12
12     252.701795                  balanced                      False         0.677227        0.004728               13
46       0.963479                  balanced                      False         0.677222        0.004749               14
11      1000000.0                  balanced                       True         0.677222        0.004738               15
15  178135.745323                  balanced                       True         0.677218        0.004746               16
29       1.100091                  balanced                      False         0.677213        0.004773               17
33       1.019622                  balanced                      False         0.677209        0.004779               18
36       0.559112                  balanced                      False         0.677209        0.004740               19
34       0.572622                  balanced                      False         0.677209        0.004739               20
40       0.782861                  balanced                      False         0.677209        0.004743               21
28       0.899082                  balanced                      False         0.677209        0.004762               22
22       1.013535                  balanced                      False         0.677204        0.004776               23
27       0.732755                  balanced                      False         0.677204        0.004749               24
45        0.54796                  balanced                      False         0.677204        0.004728               25
30       0.610635                  balanced                      False         0.677200        0.004741               26
37       0.554457                  balanced                      False         0.677200        0.004743               27
49       0.544335                  balanced                      False         0.677200        0.004751               28
35        0.80365                  balanced                      False         0.677200        0.004745               29
42       0.970928                  balanced                      False         0.677200        0.004768               30
31       0.827319                  balanced                      False         0.677200        0.004740               31
48       0.961771                  balanced                      False         0.677200        0.004757               32
44       0.776686                  balanced                      False         0.677191        0.004753               33
38       0.785657                  balanced                      False         0.677191        0.004755               34
0        0.086546                  balanced                      False         0.677186        0.004764               35
43       0.777072                  balanced                      False         0.677186        0.004754               36
18       0.017229                  balanced                       True         0.677027        0.004439               37
4        0.004475                  balanced                      False         0.675702        0.004682               38
2        0.004475                  balanced                      False         0.675702        0.004682               38
26       0.000224                  balanced                       True         0.665539        0.004022               40
13      1000000.0                      None                      False         0.659330        0.007028               41
3     29831.16255                      None                      False         0.659306        0.007045               42
5    12467.168377                      None                       True         0.659299        0.007031               43
20      39.371273                      None                       True         0.659274        0.007024               44
1        0.062786                      None                       True         0.658813        0.006839               45
6        0.049277                      None                      False         0.658680        0.006831               46
21       0.003687                      None                       True         0.652620        0.006874               47
8        0.000417                      None                      False         0.629525        0.006679               48
19       0.000001                  balanced                       True         0.594880        0.003045               49
9        0.000043                      None                      False         0.527424        0.006535               50


